<?xml version="1.0" encoding="UTF-8"?>
<coverage generated="1754967050329" clover="3.2.0">
  <project timestamp="1754967050329" name="All files">
    <metrics statements="193" coveredstatements="82" conditionals="145" coveredconditionals="45" methods="34" coveredmethods="11" elements="372" coveredelements="138" complexity="0" loc="193" ncloc="193" packages="1" files="1" classes="1"/>
    <file name="dag-engine.js" path="C:\Users\alika\workspace\rag-pipeline-utils\src\dag\dag-engine.js">
      <metrics statements="193" coveredstatements="82" conditionals="145" coveredconditionals="45" methods="34" coveredmethods="11"/>
      <line num="11" count="187" type="stmt"/>
      <line num="12" count="187" type="stmt"/>
      <line num="13" count="187" type="stmt"/>
      <line num="14" count="187" type="stmt"/>
      <line num="22" count="0" type="cond" truecount="0" falsecount="5"/>
      <line num="23" count="0" type="stmt"/>
      <line num="26" count="0" type="cond" truecount="0" falsecount="2"/>
      <line num="27" count="0" type="stmt"/>
      <line num="29" count="0" type="cond" truecount="0" falsecount="2"/>
      <line num="30" count="0" type="stmt"/>
      <line num="32" count="0" type="stmt"/>
      <line num="40" count="0" type="cond" truecount="0" falsecount="2"/>
      <line num="41" count="0" type="stmt"/>
      <line num="43" count="0" type="cond" truecount="0" falsecount="2"/>
      <line num="44" count="0" type="stmt"/>
      <line num="46" count="0" type="stmt"/>
      <line num="54" count="0" type="stmt"/>
      <line num="55" count="0" type="stmt"/>
      <line num="56" count="0" type="stmt"/>
      <line num="64" count="0" type="stmt"/>
      <line num="65" count="0" type="stmt"/>
      <line num="66" count="0" type="stmt"/>
      <line num="72" count="37" type="stmt"/>
      <line num="76" count="186" type="cond" truecount="1" falsecount="1"/>
      <line num="77" count="0" type="stmt"/>
      <line num="79" count="186" type="stmt"/>
      <line num="80" count="186" type="stmt"/>
      <line num="81" count="186" type="stmt"/>
      <line num="85" count="160" type="stmt"/>
      <line num="86" count="160" type="stmt"/>
      <line num="87" count="160" type="cond" truecount="4" falsecount="0"/>
      <line num="88" count="157" type="stmt"/>
      <line num="89" count="157" type="stmt"/>
      <line num="99" count="16" type="stmt"/>
      <line num="102" count="16" type="cond" truecount="2" falsecount="7"/>
      <line num="106" count="0" type="stmt"/>
      <line num="107" count="0" type="cond" truecount="0" falsecount="2"/>
      <line num="110" count="16" type="stmt"/>
      <line num="111" count="16" type="stmt"/>
      <line num="125" count="16" type="stmt"/>
      <line num="127" count="16" type="stmt"/>
      <line num="129" count="16" type="stmt"/>
      <line num="132" count="13" type="stmt"/>
      <line num="133" count="13" type="stmt"/>
      <line num="134" count="13" type="stmt"/>
      <line num="137" count="13" type="cond" truecount="2" falsecount="2"/>
      <line num="139" count="0" type="stmt"/>
      <line num="140" count="0" type="stmt"/>
      <line num="145" count="13" type="cond" truecount="2" falsecount="2"/>
      <line num="146" count="0" type="stmt"/>
      <line num="147" count="0" type="cond" truecount="0" falsecount="2"/>
      <line num="148" count="0" type="stmt"/>
      <line num="149" count="0" type="stmt"/>
      <line num="155" count="13" type="stmt"/>
      <line num="156" count="13" type="stmt"/>
      <line num="157" count="13" type="cond" truecount="1" falsecount="1"/>
      <line num="158" count="0" type="stmt"/>
      <line num="159" count="0" type="stmt"/>
      <line num="163" count="13" type="stmt"/>
      <line num="164" count="13" type="cond" truecount="2" falsecount="2"/>
      <line num="165" count="0" type="stmt"/>
      <line num="170" count="13" type="stmt"/>
      <line num="173" count="13" type="cond" truecount="2" falsecount="2"/>
      <line num="174" count="0" type="stmt"/>
      <line num="191" count="13" type="stmt"/>
      <line num="193" count="13" type="stmt"/>
      <line num="196" count="13" type="cond" truecount="1" falsecount="1"/>
      <line num="197" count="0" type="stmt"/>
      <line num="200" count="13" type="stmt"/>
      <line num="217" count="0" type="cond" truecount="0" falsecount="2"/>
      <line num="218" count="0" type="stmt"/>
      <line num="222" count="0" type="cond" truecount="0" falsecount="2"/>
      <line num="223" count="0" type="stmt"/>
      <line num="225" count="0" type="stmt"/>
      <line num="226" count="0" type="cond" truecount="0" falsecount="2"/>
      <line num="227" count="0" type="stmt"/>
      <line num="233" count="0" type="stmt"/>
      <line num="234" count="0" type="stmt"/>
      <line num="235" count="0" type="stmt"/>
      <line num="236" count="0" type="cond" truecount="0" falsecount="4"/>
      <line num="238" count="0" type="stmt"/>
      <line num="239" count="0" type="stmt"/>
      <line num="243" count="0" type="cond" truecount="0" falsecount="6"/>
      <line num="244" count="0" type="stmt"/>
      <line num="248" count="0" type="stmt"/>
      <line num="249" count="0" type="cond" truecount="0" falsecount="2"/>
      <line num="250" count="0" type="stmt"/>
      <line num="253" count="0" type="cond" truecount="0" falsecount="2"/>
      <line num="254" count="0" type="stmt"/>
      <line num="258" count="0" type="stmt"/>
      <line num="259" count="0" type="stmt"/>
      <line num="263" count="16" type="stmt"/>
      <line num="266" count="16" type="cond" truecount="1" falsecount="1"/>
      <line num="267" count="0" type="stmt"/>
      <line num="269" count="16" type="cond" truecount="1" falsecount="1"/>
      <line num="270" count="0" type="stmt"/>
      <line num="272" count="16" type="cond" truecount="1" falsecount="1"/>
      <line num="273" count="0" type="stmt"/>
      <line num="276" count="16" type="stmt"/>
      <line num="286" count="41" type="stmt"/>
      <line num="287" count="41" type="stmt"/>
      <line num="288" count="41" type="stmt"/>
      <line num="290" count="41" type="cond" truecount="1" falsecount="0"/>
      <line num="291" count="552" type="cond" truecount="2" falsecount="0"/>
      <line num="292" count="9" type="stmt"/>
      <line num="293" count="9" type="cond" truecount="1" falsecount="1"/>
      <line num="295" count="9" type="cond" truecount="2" falsecount="0"/>
      <line num="296" count="8" type="stmt"/>
      <line num="297" count="8" type="stmt"/>
      <line num="298" count="8" type="stmt"/>
      <line num="300" count="9" type="stmt"/>
      <line num="301" count="9" type="stmt"/>
      <line num="302" count="9" type="stmt"/>
      <line num="305" count="543" type="cond" truecount="2" falsecount="0"/>
      <line num="307" count="296" type="stmt"/>
      <line num="308" count="296" type="stmt"/>
      <line num="310" count="296" type="stmt"/>
      <line num="311" count="296" type="stmt"/>
      <line num="314" count="22" type="cond" truecount="1" falsecount="1"/>
      <line num="315" count="22" type="stmt"/>
      <line num="317" count="0" type="stmt"/>
      <line num="320" count="274" type="stmt"/>
      <line num="321" count="274" type="stmt"/>
      <line num="322" count="274" type="stmt"/>
      <line num="325" count="41" type="stmt"/>
      <line num="326" count="41" type="stmt"/>
      <line num="327" count="283" type="stmt"/>
      <line num="331" count="9" type="cond" truecount="1" falsecount="1"/>
      <line num="332" count="9" type="stmt"/>
      <line num="334" count="0" type="stmt"/>
      <line num="337" count="32" type="stmt"/>
      <line num="345" count="23" type="cond" truecount="2" falsecount="0"/>
      <line num="346" count="2" type="stmt"/>
      <line num="350" count="21" type="stmt"/>
      <line num="351" count="21" type="stmt"/>
      <line num="354" count="5" type="cond" truecount="1" falsecount="1"/>
      <line num="355" count="5" type="stmt"/>
      <line num="357" count="0" type="stmt"/>
      <line num="361" count="135" type="stmt"/>
      <line num="362" count="16" type="cond" truecount="1" falsecount="1"/>
      <line num="363" count="0" type="stmt"/>
      <line num="366" count="16" type="stmt"/>
      <line num="375" count="0" type="cond" truecount="0" falsecount="2"/>
      <line num="376" count="0" type="stmt"/>
      <line num="378" count="0" type="stmt"/>
      <line num="391" count="0" type="cond" truecount="0" falsecount="2"/>
      <line num="392" count="0" type="stmt"/>
      <line num="394" count="0" type="cond" truecount="0" falsecount="2"/>
      <line num="402" count="0" type="cond" truecount="0" falsecount="2"/>
      <line num="403" count="0" type="stmt"/>
      <line num="412" count="0" type="cond" truecount="0" falsecount="2"/>
      <line num="413" count="0" type="stmt"/>
      <line num="415" count="0" type="stmt"/>
      <line num="431" count="0" type="stmt"/>
      <line num="434" count="0" type="stmt"/>
      <line num="437" count="0" type="stmt"/>
      <line num="438" count="0" type="stmt"/>
      <line num="442" count="0" type="cond" truecount="0" falsecount="2"/>
      <line num="447" count="0" type="stmt"/>
      <line num="448" count="0" type="stmt"/>
      <line num="450" count="0" type="stmt"/>
      <line num="451" count="0" type="stmt"/>
      <line num="453" count="0" type="cond" truecount="0" falsecount="2"/>
      <line num="455" count="0" type="stmt"/>
      <line num="459" count="0" type="cond" truecount="0" falsecount="2"/>
      <line num="460" count="0" type="stmt"/>
      <line num="464" count="0" type="stmt"/>
      <line num="465" count="0" type="stmt"/>
      <line num="469" count="0" type="cond" truecount="0" falsecount="2"/>
      <line num="470" count="0" type="stmt"/>
      <line num="472" count="0" type="stmt"/>
      <line num="475" count="0" type="stmt"/>
      <line num="480" count="0" type="stmt"/>
      <line num="489" count="0" type="cond" truecount="0" falsecount="1"/>
      <line num="490" count="0" type="stmt"/>
      <line num="493" count="0" type="cond" truecount="0" falsecount="2"/>
      <line num="494" count="0" type="stmt"/>
      <line num="498" count="0" type="stmt"/>
      <line num="499" count="0" type="cond" truecount="0" falsecount="2"/>
      <line num="500" count="0" type="stmt"/>
      <line num="505" count="0" type="stmt"/>
      <line num="506" count="0" type="stmt"/>
      <line num="509" count="0" type="cond" truecount="0" falsecount="2"/>
      <line num="510" count="0" type="stmt"/>
      <line num="512" count="0" type="stmt"/>
      <line num="516" count="0" type="stmt"/>
      <line num="517" count="0" type="cond" truecount="0" falsecount="4"/>
      <line num="518" count="0" type="stmt"/>
      <line num="519" count="0" type="cond" truecount="0" falsecount="2"/>
      <line num="520" count="0" type="stmt"/>
      <line num="522" count="0" type="stmt"/>
      <line num="527" count="0" type="stmt"/>
      <line num="532" count="1" type="stmt"/>
    </file>
  </project>
</coverage>
