{"C:\\Users\\alika\\workspace\\rag-pipeline-utils\\src\\dag\\dag-engine.js": {"path":"C:\\Users\\alika\\workspace\\rag-pipeline-utils\\src\\dag\\dag-engine.js","statementMap":{"0":{"start":{"line":11,"column":6},"end":{"line":11,"column":19}},"1":{"start":{"line":12,"column":6},"end":{"line":12,"column":21}},"2":{"start":{"line":13,"column":6},"end":{"line":13,"column":23}},"3":{"start":{"line":14,"column":6},"end":{"line":14,"column":24}},"4":{"start":{"line":22,"column":6},"end":{"line":24,"column":7}},"5":{"start":{"line":23,"column":8},"end":{"line":23,"column":47}},"6":{"start":{"line":26,"column":6},"end":{"line":28,"column":7}},"7":{"start":{"line":27,"column":8},"end":{"line":27,"column":32}},"8":{"start":{"line":29,"column":6},"end":{"line":31,"column":7}},"9":{"start":{"line":30,"column":8},"end":{"line":30,"column":31}},"10":{"start":{"line":32,"column":6},"end":{"line":32,"column":18}},"11":{"start":{"line":40,"column":6},"end":{"line":42,"column":7}},"12":{"start":{"line":41,"column":8},"end":{"line":41,"column":31}},"13":{"start":{"line":43,"column":6},"end":{"line":45,"column":7}},"14":{"start":{"line":44,"column":8},"end":{"line":44,"column":32}},"15":{"start":{"line":46,"column":6},"end":{"line":46,"column":18}},"16":{"start":{"line":54,"column":6},"end":{"line":54,"column":58}},"17":{"start":{"line":54,"column":46},"end":{"line":54,"column":56}},"18":{"start":{"line":55,"column":6},"end":{"line":55,"column":56}},"19":{"start":{"line":55,"column":44},"end":{"line":55,"column":54}},"20":{"start":{"line":56,"column":6},"end":{"line":56,"column":18}},"21":{"start":{"line":64,"column":6},"end":{"line":64,"column":56}},"22":{"start":{"line":64,"column":44},"end":{"line":64,"column":54}},"23":{"start":{"line":65,"column":6},"end":{"line":65,"column":58}},"24":{"start":{"line":65,"column":46},"end":{"line":65,"column":56}},"25":{"start":{"line":66,"column":6},"end":{"line":66,"column":18}},"26":{"start":{"line":72,"column":6},"end":{"line":72,"column":29}},"27":{"start":{"line":76,"column":6},"end":{"line":78,"column":7}},"28":{"start":{"line":77,"column":8},"end":{"line":77,"column":63}},"29":{"start":{"line":79,"column":19},"end":{"line":79,"column":39}},"30":{"start":{"line":80,"column":6},"end":{"line":80,"column":31}},"31":{"start":{"line":81,"column":6},"end":{"line":81,"column":18}},"32":{"start":{"line":85,"column":19},"end":{"line":85,"column":41}},"33":{"start":{"line":86,"column":17},"end":{"line":86,"column":37}},"34":{"start":{"line":87,"column":6},"end":{"line":87,"column":77}},"35":{"start":{"line":87,"column":24},"end":{"line":87,"column":77}},"36":{"start":{"line":88,"column":6},"end":{"line":88,"column":28}},"37":{"start":{"line":89,"column":6},"end":{"line":89,"column":27}},"38":{"start":{"line":99,"column":19},"end":{"line":99,"column":21}},"39":{"start":{"line":102,"column":6},"end":{"line":112,"column":7}},"40":{"start":{"line":106,"column":8},"end":{"line":106,"column":36}},"41":{"start":{"line":107,"column":8},"end":{"line":107,"column":40}},"42":{"start":{"line":110,"column":8},"end":{"line":110,"column":29}},"43":{"start":{"line":111,"column":8},"end":{"line":111,"column":31}},"44":{"start":{"line":125,"column":10},"end":{"line":125,"column":21}},"45":{"start":{"line":127,"column":6},"end":{"line":277,"column":7}},"46":{"start":{"line":129,"column":8},"end":{"line":129,"column":24}},"47":{"start":{"line":132,"column":24},"end":{"line":132,"column":33}},"48":{"start":{"line":133,"column":24},"end":{"line":133,"column":33}},"49":{"start":{"line":134,"column":27},"end":{"line":134,"column":36}},"50":{"start":{"line":137,"column":8},"end":{"line":142,"column":9}},"51":{"start":{"line":139,"column":10},"end":{"line":141,"column":11}},"52":{"start":{"line":140,"column":12},"end":{"line":140,"column":40}},"53":{"start":{"line":145,"column":8},"end":{"line":152,"column":9}},"54":{"start":{"line":146,"column":29},"end":{"line":146,"column":62}},"55":{"start":{"line":147,"column":10},"end":{"line":151,"column":11}},"56":{"start":{"line":148,"column":12},"end":{"line":150,"column":13}},"57":{"start":{"line":149,"column":14},"end":{"line":149,"column":42}},"58":{"start":{"line":155,"column":26},"end":{"line":155,"column":36}},"59":{"start":{"line":156,"column":24},"end":{"line":156,"column":28}},"60":{"start":{"line":157,"column":31},"end":{"line":161,"column":17}},"61":{"start":{"line":158,"column":10},"end":{"line":160,"column":22}},"62":{"start":{"line":159,"column":12},"end":{"line":159,"column":51}},"63":{"start":{"line":163,"column":29},"end":{"line":167,"column":9}},"64":{"start":{"line":164,"column":10},"end":{"line":166,"column":11}},"65":{"start":{"line":165,"column":12},"end":{"line":165,"column":49}},"66":{"start":{"line":170,"column":22},"end":{"line":170,"column":37}},"67":{"start":{"line":173,"column":8},"end":{"line":214,"column":9}},"68":{"start":{"line":174,"column":10},"end":{"line":188,"column":13}},"69":{"start":{"line":191,"column":10},"end":{"line":213,"column":11}},"70":{"start":{"line":193,"column":12},"end":{"line":193,"column":27}},"71":{"start":{"line":196,"column":12},"end":{"line":198,"column":13}},"72":{"start":{"line":197,"column":14},"end":{"line":197,"column":23}},"73":{"start":{"line":200,"column":12},"end":{"line":212,"column":15}},"74":{"start":{"line":217,"column":8},"end":{"line":219,"column":9}},"75":{"start":{"line":218,"column":10},"end":{"line":218,"column":34}},"76":{"start":{"line":222,"column":8},"end":{"line":240,"column":9}},"77":{"start":{"line":223,"column":28},"end":{"line":231,"column":12}},"78":{"start":{"line":225,"column":26},"end":{"line":225,"column":93}},"79":{"start":{"line":226,"column":36},"end":{"line":226,"column":63}},"80":{"start":{"line":227,"column":12},"end":{"line":230,"column":14}},"81":{"start":{"line":233,"column":34},"end":{"line":233,"column":72}},"82":{"start":{"line":234,"column":10},"end":{"line":234,"column":45}},"83":{"start":{"line":235,"column":10},"end":{"line":235,"column":32}},"84":{"start":{"line":236,"column":15},"end":{"line":240,"column":9}},"85":{"start":{"line":238,"column":38},"end":{"line":238,"column":69}},"86":{"start":{"line":239,"column":10},"end":{"line":239,"column":36}},"87":{"start":{"line":243,"column":8},"end":{"line":245,"column":9}},"88":{"start":{"line":244,"column":10},"end":{"line":244,"column":25}},"89":{"start":{"line":248,"column":26},"end":{"line":248,"column":73}},"90":{"start":{"line":248,"column":47},"end":{"line":248,"column":72}},"91":{"start":{"line":249,"column":8},"end":{"line":251,"column":9}},"92":{"start":{"line":250,"column":10},"end":{"line":250,"column":79}},"93":{"start":{"line":253,"column":8},"end":{"line":255,"column":9}},"94":{"start":{"line":254,"column":10},"end":{"line":254,"column":46}},"95":{"start":{"line":258,"column":8},"end":{"line":260,"column":10}},"96":{"start":{"line":259,"column":32},"end":{"line":259,"column":63}},"97":{"start":{"line":263,"column":29},"end":{"line":263,"column":80}},"98":{"start":{"line":266,"column":8},"end":{"line":268,"column":9}},"99":{"start":{"line":267,"column":10},"end":{"line":267,"column":45}},"100":{"start":{"line":269,"column":8},"end":{"line":271,"column":9}},"101":{"start":{"line":270,"column":10},"end":{"line":270,"column":45}},"102":{"start":{"line":272,"column":8},"end":{"line":274,"column":9}},"103":{"start":{"line":273,"column":10},"end":{"line":273,"column":51}},"104":{"start":{"line":276,"column":8},"end":{"line":276,"column":27}},"105":{"start":{"line":286,"column":20},"end":{"line":286,"column":22}},"106":{"start":{"line":287,"column":22},"end":{"line":287,"column":31}},"107":{"start":{"line":288,"column":23},"end":{"line":288,"column":32}},"108":{"start":{"line":290,"column":20},"end":{"line":323,"column":7}},"109":{"start":{"line":291,"column":8},"end":{"line":303,"column":9}},"110":{"start":{"line":292,"column":29},"end":{"line":292,"column":50}},"111":{"start":{"line":293,"column":26},"end":{"line":293,"column":96}},"112":{"start":{"line":295,"column":10},"end":{"line":299,"column":11}},"113":{"start":{"line":296,"column":30},"end":{"line":296,"column":42}},"114":{"start":{"line":297,"column":30},"end":{"line":297,"column":62}},"115":{"start":{"line":298,"column":12},"end":{"line":298,"column":61}},"116":{"start":{"line":300,"column":24},"end":{"line":300,"column":58}},"117":{"start":{"line":301,"column":10},"end":{"line":301,"column":34}},"118":{"start":{"line":302,"column":10},"end":{"line":302,"column":22}},"119":{"start":{"line":305,"column":8},"end":{"line":305,"column":41}},"120":{"start":{"line":305,"column":34},"end":{"line":305,"column":41}},"121":{"start":{"line":307,"column":8},"end":{"line":307,"column":30}},"122":{"start":{"line":308,"column":24},"end":{"line":308,"column":42}},"123":{"start":{"line":310,"column":8},"end":{"line":318,"column":9}},"124":{"start":{"line":311,"column":10},"end":{"line":311,"column":62}},"125":{"start":{"line":311,"column":39},"end":{"line":311,"column":60}},"126":{"start":{"line":314,"column":10},"end":{"line":316,"column":11}},"127":{"start":{"line":315,"column":12},"end":{"line":315,"column":24}},"128":{"start":{"line":317,"column":10},"end":{"line":317,"column":22}},"129":{"start":{"line":320,"column":8},"end":{"line":320,"column":33}},"130":{"start":{"line":321,"column":8},"end":{"line":321,"column":29}},"131":{"start":{"line":322,"column":8},"end":{"line":322,"column":25}},"132":{"start":{"line":325,"column":6},"end":{"line":335,"column":7}},"133":{"start":{"line":326,"column":8},"end":{"line":328,"column":9}},"134":{"start":{"line":327,"column":10},"end":{"line":327,"column":22}},"135":{"start":{"line":331,"column":8},"end":{"line":333,"column":9}},"136":{"start":{"line":332,"column":10},"end":{"line":332,"column":22}},"137":{"start":{"line":334,"column":8},"end":{"line":334,"column":73}},"138":{"start":{"line":337,"column":6},"end":{"line":337,"column":19}},"139":{"start":{"line":345,"column":6},"end":{"line":347,"column":7}},"140":{"start":{"line":346,"column":8},"end":{"line":346,"column":62}},"141":{"start":{"line":350,"column":6},"end":{"line":358,"column":7}},"142":{"start":{"line":351,"column":8},"end":{"line":351,"column":24}},"143":{"start":{"line":354,"column":8},"end":{"line":356,"column":9}},"144":{"start":{"line":355,"column":10},"end":{"line":355,"column":69}},"145":{"start":{"line":357,"column":8},"end":{"line":357,"column":67}},"146":{"start":{"line":361,"column":26},"end":{"line":361,"column":98}},"147":{"start":{"line":361,"column":73},"end":{"line":361,"column":97}},"148":{"start":{"line":362,"column":6},"end":{"line":364,"column":7}},"149":{"start":{"line":363,"column":8},"end":{"line":363,"column":76}},"150":{"start":{"line":366,"column":6},"end":{"line":366,"column":18}},"151":{"start":{"line":375,"column":6},"end":{"line":377,"column":7}},"152":{"start":{"line":376,"column":8},"end":{"line":376,"column":37}},"153":{"start":{"line":378,"column":6},"end":{"line":382,"column":9}},"154":{"start":{"line":391,"column":6},"end":{"line":393,"column":7}},"155":{"start":{"line":392,"column":8},"end":{"line":392,"column":20}},"156":{"start":{"line":394,"column":6},"end":{"line":394,"column":56}},"157":{"start":{"line":402,"column":6},"end":{"line":404,"column":7}},"158":{"start":{"line":403,"column":8},"end":{"line":403,"column":46}},"159":{"start":{"line":412,"column":6},"end":{"line":414,"column":7}},"160":{"start":{"line":413,"column":8},"end":{"line":413,"column":18}},"161":{"start":{"line":415,"column":6},"end":{"line":420,"column":10}},"162":{"start":{"line":415,"column":73},"end":{"line":420,"column":7}},"163":{"start":{"line":431,"column":6},"end":{"line":431,"column":30}},"164":{"start":{"line":434,"column":20},"end":{"line":434,"column":35}},"165":{"start":{"line":437,"column":22},"end":{"line":437,"column":31}},"166":{"start":{"line":438,"column":22},"end":{"line":438,"column":31}},"167":{"start":{"line":442,"column":31},"end":{"line":444,"column":41}},"168":{"start":{"line":447,"column":6},"end":{"line":478,"column":7}},"169":{"start":{"line":448,"column":8},"end":{"line":477,"column":9}},"170":{"start":{"line":450,"column":31},"end":{"line":450,"column":65}},"171":{"start":{"line":450,"column":56},"end":{"line":450,"column":64}},"172":{"start":{"line":451,"column":34},"end":{"line":451,"column":83}},"173":{"start":{"line":451,"column":63},"end":{"line":451,"column":82}},"174":{"start":{"line":453,"column":10},"end":{"line":456,"column":11}},"175":{"start":{"line":455,"column":12},"end":{"line":455,"column":21}},"176":{"start":{"line":459,"column":24},"end":{"line":461,"column":22}},"177":{"start":{"line":460,"column":57},"end":{"line":460,"column":84}},"178":{"start":{"line":464,"column":25},"end":{"line":464,"column":46}},"179":{"start":{"line":465,"column":10},"end":{"line":465,"column":39}},"180":{"start":{"line":469,"column":10},"end":{"line":476,"column":11}},"181":{"start":{"line":470,"column":12},"end":{"line":470,"column":83}},"182":{"start":{"line":472,"column":12},"end":{"line":472,"column":21}},"183":{"start":{"line":475,"column":12},"end":{"line":475,"column":24}},"184":{"start":{"line":480,"column":6},"end":{"line":480,"column":21}},"185":{"start":{"line":489,"column":32},"end":{"line":489,"column":40}},"186":{"start":{"line":490,"column":23},"end":{"line":490,"column":25}},"187":{"start":{"line":493,"column":6},"end":{"line":495,"column":7}},"188":{"start":{"line":494,"column":8},"end":{"line":494,"column":47}},"189":{"start":{"line":498,"column":6},"end":{"line":502,"column":7}},"190":{"start":{"line":499,"column":8},"end":{"line":501,"column":9}},"191":{"start":{"line":500,"column":10},"end":{"line":500,"column":48}},"192":{"start":{"line":505,"column":6},"end":{"line":513,"column":7}},"193":{"start":{"line":506,"column":8},"end":{"line":506,"column":24}},"194":{"start":{"line":509,"column":8},"end":{"line":511,"column":9}},"195":{"start":{"line":510,"column":10},"end":{"line":510,"column":22}},"196":{"start":{"line":512,"column":8},"end":{"line":512,"column":20}},"197":{"start":{"line":516,"column":6},"end":{"line":525,"column":7}},"198":{"start":{"line":517,"column":8},"end":{"line":524,"column":9}},"199":{"start":{"line":518,"column":26},"end":{"line":518,"column":62}},"200":{"start":{"line":519,"column":10},"end":{"line":523,"column":11}},"201":{"start":{"line":520,"column":12},"end":{"line":520,"column":37}},"202":{"start":{"line":522,"column":12},"end":{"line":522,"column":35}},"203":{"start":{"line":527,"column":6},"end":{"line":527,"column":22}},"204":{"start":{"line":532,"column":0},"end":{"line":535,"column":2}}},"fnMap":{"0":{"name":"(anonymous_0)","decl":{"start":{"line":10,"column":4},"end":{"line":10,"column":5}},"loc":{"start":{"line":10,"column":25},"end":{"line":15,"column":5}},"line":10},"1":{"name":"(anonymous_1)","decl":{"start":{"line":21,"column":4},"end":{"line":21,"column":5}},"loc":{"start":{"line":21,"column":20},"end":{"line":33,"column":5}},"line":21},"2":{"name":"(anonymous_2)","decl":{"start":{"line":39,"column":4},"end":{"line":39,"column":5}},"loc":{"start":{"line":39,"column":19},"end":{"line":47,"column":5}},"line":39},"3":{"name":"(anonymous_3)","decl":{"start":{"line":53,"column":4},"end":{"line":53,"column":5}},"loc":{"start":{"line":53,"column":23},"end":{"line":57,"column":5}},"line":53},"4":{"name":"(anonymous_4)","decl":{"start":{"line":54,"column":41},"end":{"line":54,"column":42}},"loc":{"start":{"line":54,"column":46},"end":{"line":54,"column":56}},"line":54},"5":{"name":"(anonymous_5)","decl":{"start":{"line":55,"column":39},"end":{"line":55,"column":40}},"loc":{"start":{"line":55,"column":44},"end":{"line":55,"column":54}},"line":55},"6":{"name":"(anonymous_6)","decl":{"start":{"line":63,"column":4},"end":{"line":63,"column":5}},"loc":{"start":{"line":63,"column":22},"end":{"line":67,"column":5}},"line":63},"7":{"name":"(anonymous_7)","decl":{"start":{"line":64,"column":39},"end":{"line":64,"column":40}},"loc":{"start":{"line":64,"column":44},"end":{"line":64,"column":54}},"line":64},"8":{"name":"(anonymous_8)","decl":{"start":{"line":65,"column":41},"end":{"line":65,"column":42}},"loc":{"start":{"line":65,"column":46},"end":{"line":65,"column":56}},"line":65},"9":{"name":"(anonymous_9)","decl":{"start":{"line":71,"column":4},"end":{"line":71,"column":5}},"loc":{"start":{"line":71,"column":18},"end":{"line":73,"column":5}},"line":71},"10":{"name":"(anonymous_10)","decl":{"start":{"line":75,"column":4},"end":{"line":75,"column":5}},"loc":{"start":{"line":75,"column":21},"end":{"line":82,"column":5}},"line":75},"11":{"name":"(anonymous_11)","decl":{"start":{"line":84,"column":4},"end":{"line":84,"column":5}},"loc":{"start":{"line":84,"column":26},"end":{"line":90,"column":5}},"line":84},"12":{"name":"(anonymous_12)","decl":{"start":{"line":98,"column":4},"end":{"line":98,"column":5}},"loc":{"start":{"line":98,"column":48},"end":{"line":278,"column":5}},"line":98},"13":{"name":"(anonymous_13)","decl":{"start":{"line":157,"column":53},"end":{"line":157,"column":54}},"loc":{"start":{"line":157,"column":68},"end":{"line":161,"column":9}},"line":157},"14":{"name":"(anonymous_14)","decl":{"start":{"line":158,"column":33},"end":{"line":158,"column":34}},"loc":{"start":{"line":158,"column":39},"end":{"line":160,"column":11}},"line":158},"15":{"name":"(anonymous_15)","decl":{"start":{"line":163,"column":29},"end":{"line":163,"column":30}},"loc":{"start":{"line":163,"column":35},"end":{"line":167,"column":9}},"line":163},"16":{"name":"(anonymous_16)","decl":{"start":{"line":223,"column":61},"end":{"line":223,"column":62}},"loc":{"start":{"line":223,"column":85},"end":{"line":231,"column":11}},"line":223},"17":{"name":"(anonymous_17)","decl":{"start":{"line":248,"column":39},"end":{"line":248,"column":40}},"loc":{"start":{"line":248,"column":47},"end":{"line":248,"column":72}},"line":248},"18":{"name":"(anonymous_18)","decl":{"start":{"line":259,"column":24},"end":{"line":259,"column":25}},"loc":{"start":{"line":259,"column":32},"end":{"line":259,"column":63}},"line":259},"19":{"name":"(anonymous_19)","decl":{"start":{"line":285,"column":4},"end":{"line":285,"column":5}},"loc":{"start":{"line":285,"column":15},"end":{"line":338,"column":5}},"line":285},"20":{"name":"(anonymous_20)","decl":{"start":{"line":290,"column":20},"end":{"line":290,"column":21}},"loc":{"start":{"line":290,"column":41},"end":{"line":323,"column":7}},"line":290},"21":{"name":"(anonymous_21)","decl":{"start":{"line":311,"column":30},"end":{"line":311,"column":31}},"loc":{"start":{"line":311,"column":39},"end":{"line":311,"column":60}},"line":311},"22":{"name":"(anonymous_22)","decl":{"start":{"line":344,"column":4},"end":{"line":344,"column":5}},"loc":{"start":{"line":344,"column":15},"end":{"line":367,"column":5}},"line":344},"23":{"name":"(anonymous_23)","decl":{"start":{"line":361,"column":65},"end":{"line":361,"column":66}},"loc":{"start":{"line":361,"column":73},"end":{"line":361,"column":97}},"line":361},"24":{"name":"(anonymous_24)","decl":{"start":{"line":374,"column":4},"end":{"line":374,"column":5}},"loc":{"start":{"line":374,"column":40},"end":{"line":383,"column":5}},"line":374},"25":{"name":"(anonymous_25)","decl":{"start":{"line":390,"column":4},"end":{"line":390,"column":5}},"loc":{"start":{"line":390,"column":33},"end":{"line":395,"column":5}},"line":390},"26":{"name":"(anonymous_26)","decl":{"start":{"line":401,"column":4},"end":{"line":401,"column":5}},"loc":{"start":{"line":401,"column":34},"end":{"line":405,"column":5}},"line":401},"27":{"name":"(anonymous_27)","decl":{"start":{"line":411,"column":4},"end":{"line":411,"column":5}},"loc":{"start":{"line":411,"column":22},"end":{"line":421,"column":5}},"line":411},"28":{"name":"(anonymous_28)","decl":{"start":{"line":415,"column":56},"end":{"line":415,"column":57}},"loc":{"start":{"line":415,"column":73},"end":{"line":420,"column":7}},"line":415},"29":{"name":"(anonymous_29)","decl":{"start":{"line":429,"column":4},"end":{"line":429,"column":5}},"loc":{"start":{"line":429,"column":46},"end":{"line":481,"column":5}},"line":429},"30":{"name":"(anonymous_30)","decl":{"start":{"line":450,"column":47},"end":{"line":450,"column":48}},"loc":{"start":{"line":450,"column":56},"end":{"line":450,"column":64}},"line":450},"31":{"name":"(anonymous_31)","decl":{"start":{"line":451,"column":54},"end":{"line":451,"column":55}},"loc":{"start":{"line":451,"column":63},"end":{"line":451,"column":82}},"line":451},"32":{"name":"(anonymous_32)","decl":{"start":{"line":460,"column":48},"end":{"line":460,"column":49}},"loc":{"start":{"line":460,"column":57},"end":{"line":460,"column":84}},"line":460},"33":{"name":"(anonymous_33)","decl":{"start":{"line":488,"column":4},"end":{"line":488,"column":5}},"loc":{"start":{"line":488,"column":36},"end":{"line":528,"column":5}},"line":488}},"branchMap":{"0":{"loc":{"start":{"line":22,"column":6},"end":{"line":24,"column":7}},"type":"if","locations":[{"start":{"line":22,"column":6},"end":{"line":24,"column":7}},{"start":{},"end":{}}],"line":22},"1":{"loc":{"start":{"line":22,"column":10},"end":{"line":22,"column":59}},"type":"binary-expr","locations":[{"start":{"line":22,"column":10},"end":{"line":22,"column":15}},{"start":{"line":22,"column":19},"end":{"line":22,"column":43}},{"start":{"line":22,"column":47},"end":{"line":22,"column":59}}],"line":22},"2":{"loc":{"start":{"line":26,"column":6},"end":{"line":28,"column":7}},"type":"if","locations":[{"start":{"line":26,"column":6},"end":{"line":28,"column":7}},{"start":{},"end":{}}],"line":26},"3":{"loc":{"start":{"line":29,"column":6},"end":{"line":31,"column":7}},"type":"if","locations":[{"start":{"line":29,"column":6},"end":{"line":31,"column":7}},{"start":{},"end":{}}],"line":29},"4":{"loc":{"start":{"line":40,"column":6},"end":{"line":42,"column":7}},"type":"if","locations":[{"start":{"line":40,"column":6},"end":{"line":42,"column":7}},{"start":{},"end":{}}],"line":40},"5":{"loc":{"start":{"line":43,"column":6},"end":{"line":45,"column":7}},"type":"if","locations":[{"start":{"line":43,"column":6},"end":{"line":45,"column":7}},{"start":{},"end":{}}],"line":43},"6":{"loc":{"start":{"line":76,"column":6},"end":{"line":78,"column":7}},"type":"if","locations":[{"start":{"line":76,"column":6},"end":{"line":78,"column":7}},{"start":{},"end":{}}],"line":76},"7":{"loc":{"start":{"line":87,"column":6},"end":{"line":87,"column":77}},"type":"if","locations":[{"start":{"line":87,"column":6},"end":{"line":87,"column":77}},{"start":{},"end":{}}],"line":87},"8":{"loc":{"start":{"line":87,"column":10},"end":{"line":87,"column":22}},"type":"binary-expr","locations":[{"start":{"line":87,"column":10},"end":{"line":87,"column":15}},{"start":{"line":87,"column":19},"end":{"line":87,"column":22}}],"line":87},"9":{"loc":{"start":{"line":98,"column":33},"end":{"line":98,"column":46}},"type":"default-arg","locations":[{"start":{"line":98,"column":44},"end":{"line":98,"column":46}}],"line":98},"10":{"loc":{"start":{"line":102,"column":6},"end":{"line":112,"column":7}},"type":"if","locations":[{"start":{"line":102,"column":6},"end":{"line":112,"column":7}},{"start":{"line":108,"column":13},"end":{"line":112,"column":7}}],"line":102},"11":{"loc":{"start":{"line":102,"column":10},"end":{"line":104,"column":97}},"type":"binary-expr","locations":[{"start":{"line":102,"column":10},"end":{"line":102,"column":43}},{"start":{"line":102,"column":47},"end":{"line":102,"column":69}},{"start":{"line":103,"column":11},"end":{"line":103,"column":41}},{"start":{"line":103,"column":45},"end":{"line":103,"column":78}},{"start":{"line":104,"column":11},"end":{"line":104,"column":35}},{"start":{"line":104,"column":39},"end":{"line":104,"column":66}},{"start":{"line":104,"column":70},"end":{"line":104,"column":96}}],"line":102},"12":{"loc":{"start":{"line":107,"column":15},"end":{"line":107,"column":39}},"type":"binary-expr","locations":[{"start":{"line":107,"column":15},"end":{"line":107,"column":31}},{"start":{"line":107,"column":35},"end":{"line":107,"column":39}}],"line":107},"13":{"loc":{"start":{"line":115,"column":8},"end":{"line":115,"column":32}},"type":"default-arg","locations":[{"start":{"line":115,"column":27},"end":{"line":115,"column":32}}],"line":115},"14":{"loc":{"start":{"line":116,"column":8},"end":{"line":116,"column":22}},"type":"default-arg","locations":[{"start":{"line":116,"column":21},"end":{"line":116,"column":22}}],"line":116},"15":{"loc":{"start":{"line":117,"column":8},"end":{"line":117,"column":35}},"type":"default-arg","locations":[{"start":{"line":117,"column":30},"end":{"line":117,"column":35}}],"line":117},"16":{"loc":{"start":{"line":118,"column":8},"end":{"line":118,"column":26}},"type":"default-arg","locations":[{"start":{"line":118,"column":24},"end":{"line":118,"column":26}}],"line":118},"17":{"loc":{"start":{"line":119,"column":8},"end":{"line":119,"column":27}},"type":"default-arg","locations":[{"start":{"line":119,"column":23},"end":{"line":119,"column":27}}],"line":119},"18":{"loc":{"start":{"line":120,"column":8},"end":{"line":120,"column":36}},"type":"default-arg","locations":[{"start":{"line":120,"column":31},"end":{"line":120,"column":36}}],"line":120},"19":{"loc":{"start":{"line":121,"column":8},"end":{"line":121,"column":22}},"type":"default-arg","locations":[{"start":{"line":121,"column":18},"end":{"line":121,"column":22}}],"line":121},"20":{"loc":{"start":{"line":122,"column":8},"end":{"line":122,"column":29}},"type":"default-arg","locations":[{"start":{"line":122,"column":25},"end":{"line":122,"column":29}}],"line":122},"21":{"loc":{"start":{"line":123,"column":8},"end":{"line":123,"column":33}},"type":"default-arg","locations":[{"start":{"line":123,"column":28},"end":{"line":123,"column":33}}],"line":123},"22":{"loc":{"start":{"line":124,"column":8},"end":{"line":124,"column":37}},"type":"default-arg","locations":[{"start":{"line":124,"column":33},"end":{"line":124,"column":37}}],"line":124},"23":{"loc":{"start":{"line":137,"column":8},"end":{"line":142,"column":9}},"type":"if","locations":[{"start":{"line":137,"column":8},"end":{"line":142,"column":9}},{"start":{},"end":{}}],"line":137},"24":{"loc":{"start":{"line":137,"column":12},"end":{"line":137,"column":75}},"type":"binary-expr","locations":[{"start":{"line":137,"column":12},"end":{"line":137,"column":34}},{"start":{"line":137,"column":38},"end":{"line":137,"column":75}}],"line":137},"25":{"loc":{"start":{"line":145,"column":8},"end":{"line":152,"column":9}},"type":"if","locations":[{"start":{"line":145,"column":8},"end":{"line":152,"column":9}},{"start":{},"end":{}}],"line":145},"26":{"loc":{"start":{"line":145,"column":12},"end":{"line":145,"column":48}},"type":"binary-expr","locations":[{"start":{"line":145,"column":12},"end":{"line":145,"column":32}},{"start":{"line":145,"column":36},"end":{"line":145,"column":48}}],"line":145},"27":{"loc":{"start":{"line":147,"column":10},"end":{"line":151,"column":11}},"type":"if","locations":[{"start":{"line":147,"column":10},"end":{"line":151,"column":11}},{"start":{},"end":{}}],"line":147},"28":{"loc":{"start":{"line":157,"column":31},"end":{"line":161,"column":17}},"type":"cond-expr","locations":[{"start":{"line":157,"column":41},"end":{"line":161,"column":10}},{"start":{"line":161,"column":13},"end":{"line":161,"column":17}}],"line":157},"29":{"loc":{"start":{"line":164,"column":10},"end":{"line":166,"column":11}},"type":"if","locations":[{"start":{"line":164,"column":10},"end":{"line":166,"column":11}},{"start":{},"end":{}}],"line":164},"30":{"loc":{"start":{"line":164,"column":14},"end":{"line":164,"column":59}},"type":"binary-expr","locations":[{"start":{"line":164,"column":14},"end":{"line":164,"column":21}},{"start":{"line":164,"column":25},"end":{"line":164,"column":59}}],"line":164},"31":{"loc":{"start":{"line":173,"column":8},"end":{"line":214,"column":9}},"type":"if","locations":[{"start":{"line":173,"column":8},"end":{"line":214,"column":9}},{"start":{"line":189,"column":15},"end":{"line":214,"column":9}}],"line":173},"32":{"loc":{"start":{"line":173,"column":12},"end":{"line":173,"column":48}},"type":"binary-expr","locations":[{"start":{"line":173,"column":12},"end":{"line":173,"column":26}},{"start":{"line":173,"column":30},"end":{"line":173,"column":48}}],"line":173},"33":{"loc":{"start":{"line":196,"column":12},"end":{"line":198,"column":13}},"type":"if","locations":[{"start":{"line":196,"column":12},"end":{"line":198,"column":13}},{"start":{},"end":{}}],"line":196},"34":{"loc":{"start":{"line":217,"column":8},"end":{"line":219,"column":9}},"type":"if","locations":[{"start":{"line":217,"column":8},"end":{"line":219,"column":9}},{"start":{},"end":{}}],"line":217},"35":{"loc":{"start":{"line":222,"column":8},"end":{"line":240,"column":9}},"type":"if","locations":[{"start":{"line":222,"column":8},"end":{"line":240,"column":9}},{"start":{"line":236,"column":15},"end":{"line":240,"column":9}}],"line":222},"36":{"loc":{"start":{"line":226,"column":36},"end":{"line":226,"column":63}},"type":"cond-expr","locations":[{"start":{"line":226,"column":44},"end":{"line":226,"column":52}},{"start":{"line":226,"column":55},"end":{"line":226,"column":63}}],"line":226},"37":{"loc":{"start":{"line":236,"column":15},"end":{"line":240,"column":9}},"type":"if","locations":[{"start":{"line":236,"column":15},"end":{"line":240,"column":9}},{"start":{},"end":{}}],"line":236},"38":{"loc":{"start":{"line":236,"column":19},"end":{"line":236,"column":60}},"type":"binary-expr","locations":[{"start":{"line":236,"column":19},"end":{"line":236,"column":36}},{"start":{"line":236,"column":40},"end":{"line":236,"column":60}}],"line":236},"39":{"loc":{"start":{"line":243,"column":8},"end":{"line":245,"column":9}},"type":"if","locations":[{"start":{"line":243,"column":8},"end":{"line":245,"column":9}},{"start":{},"end":{}}],"line":243},"40":{"loc":{"start":{"line":243,"column":12},"end":{"line":243,"column":95}},"type":"binary-expr","locations":[{"start":{"line":243,"column":12},"end":{"line":243,"column":28}},{"start":{"line":243,"column":32},"end":{"line":243,"column":51}},{"start":{"line":243,"column":55},"end":{"line":243,"column":67}},{"start":{"line":243,"column":71},"end":{"line":243,"column":95}}],"line":243},"41":{"loc":{"start":{"line":249,"column":8},"end":{"line":251,"column":9}},"type":"if","locations":[{"start":{"line":249,"column":8},"end":{"line":251,"column":9}},{"start":{},"end":{}}],"line":249},"42":{"loc":{"start":{"line":253,"column":8},"end":{"line":255,"column":9}},"type":"if","locations":[{"start":{"line":253,"column":8},"end":{"line":255,"column":9}},{"start":{},"end":{}}],"line":253},"43":{"loc":{"start":{"line":266,"column":8},"end":{"line":268,"column":9}},"type":"if","locations":[{"start":{"line":266,"column":8},"end":{"line":268,"column":9}},{"start":{},"end":{}}],"line":266},"44":{"loc":{"start":{"line":269,"column":8},"end":{"line":271,"column":9}},"type":"if","locations":[{"start":{"line":269,"column":8},"end":{"line":271,"column":9}},{"start":{},"end":{}}],"line":269},"45":{"loc":{"start":{"line":272,"column":8},"end":{"line":274,"column":9}},"type":"if","locations":[{"start":{"line":272,"column":8},"end":{"line":274,"column":9}},{"start":{},"end":{}}],"line":272},"46":{"loc":{"start":{"line":290,"column":27},"end":{"line":290,"column":36}},"type":"default-arg","locations":[{"start":{"line":290,"column":34},"end":{"line":290,"column":36}}],"line":290},"47":{"loc":{"start":{"line":291,"column":8},"end":{"line":303,"column":9}},"type":"if","locations":[{"start":{"line":291,"column":8},"end":{"line":303,"column":9}},{"start":{},"end":{}}],"line":291},"48":{"loc":{"start":{"line":293,"column":26},"end":{"line":293,"column":96}},"type":"cond-expr","locations":[{"start":{"line":293,"column":44},"end":{"line":293,"column":84}},{"start":{"line":293,"column":87},"end":{"line":293,"column":96}}],"line":293},"49":{"loc":{"start":{"line":295,"column":10},"end":{"line":299,"column":11}},"type":"if","locations":[{"start":{"line":295,"column":10},"end":{"line":299,"column":11}},{"start":{},"end":{}}],"line":295},"50":{"loc":{"start":{"line":305,"column":8},"end":{"line":305,"column":41}},"type":"if","locations":[{"start":{"line":305,"column":8},"end":{"line":305,"column":41}},{"start":{},"end":{}}],"line":305},"51":{"loc":{"start":{"line":314,"column":10},"end":{"line":316,"column":11}},"type":"if","locations":[{"start":{"line":314,"column":10},"end":{"line":316,"column":11}},{"start":{},"end":{}}],"line":314},"52":{"loc":{"start":{"line":331,"column":8},"end":{"line":333,"column":9}},"type":"if","locations":[{"start":{"line":331,"column":8},"end":{"line":333,"column":9}},{"start":{},"end":{}}],"line":331},"53":{"loc":{"start":{"line":345,"column":6},"end":{"line":347,"column":7}},"type":"if","locations":[{"start":{"line":345,"column":6},"end":{"line":347,"column":7}},{"start":{},"end":{}}],"line":345},"54":{"loc":{"start":{"line":354,"column":8},"end":{"line":356,"column":9}},"type":"if","locations":[{"start":{"line":354,"column":8},"end":{"line":356,"column":9}},{"start":{},"end":{}}],"line":354},"55":{"loc":{"start":{"line":362,"column":6},"end":{"line":364,"column":7}},"type":"if","locations":[{"start":{"line":362,"column":6},"end":{"line":364,"column":7}},{"start":{},"end":{}}],"line":362},"56":{"loc":{"start":{"line":375,"column":6},"end":{"line":377,"column":7}},"type":"if","locations":[{"start":{"line":375,"column":6},"end":{"line":377,"column":7}},{"start":{},"end":{}}],"line":375},"57":{"loc":{"start":{"line":391,"column":6},"end":{"line":393,"column":7}},"type":"if","locations":[{"start":{"line":391,"column":6},"end":{"line":393,"column":7}},{"start":{},"end":{}}],"line":391},"58":{"loc":{"start":{"line":394,"column":13},"end":{"line":394,"column":55}},"type":"binary-expr","locations":[{"start":{"line":394,"column":13},"end":{"line":394,"column":47}},{"start":{"line":394,"column":51},"end":{"line":394,"column":55}}],"line":394},"59":{"loc":{"start":{"line":402,"column":6},"end":{"line":404,"column":7}},"type":"if","locations":[{"start":{"line":402,"column":6},"end":{"line":404,"column":7}},{"start":{},"end":{}}],"line":402},"60":{"loc":{"start":{"line":412,"column":6},"end":{"line":414,"column":7}},"type":"if","locations":[{"start":{"line":412,"column":6},"end":{"line":414,"column":7}},{"start":{},"end":{}}],"line":412},"61":{"loc":{"start":{"line":429,"column":33},"end":{"line":429,"column":44}},"type":"default-arg","locations":[{"start":{"line":429,"column":40},"end":{"line":429,"column":44}}],"line":429},"62":{"loc":{"start":{"line":442,"column":31},"end":{"line":444,"column":41}},"type":"cond-expr","locations":[{"start":{"line":443,"column":8},"end":{"line":443,"column":41}},{"start":{"line":444,"column":8},"end":{"line":444,"column":41}}],"line":442},"63":{"loc":{"start":{"line":444,"column":20},"end":{"line":444,"column":40}},"type":"binary-expr","locations":[{"start":{"line":444,"column":20},"end":{"line":444,"column":34}},{"start":{"line":444,"column":38},"end":{"line":444,"column":40}}],"line":444},"64":{"loc":{"start":{"line":453,"column":10},"end":{"line":456,"column":11}},"type":"if","locations":[{"start":{"line":453,"column":10},"end":{"line":456,"column":11}},{"start":{},"end":{}}],"line":453},"65":{"loc":{"start":{"line":459,"column":24},"end":{"line":461,"column":22}},"type":"cond-expr","locations":[{"start":{"line":460,"column":12},"end":{"line":460,"column":86}},{"start":{"line":461,"column":12},"end":{"line":461,"column":22}}],"line":459},"66":{"loc":{"start":{"line":461,"column":12},"end":{"line":461,"column":22}},"type":"binary-expr","locations":[{"start":{"line":461,"column":12},"end":{"line":461,"column":16}},{"start":{"line":461,"column":20},"end":{"line":461,"column":22}}],"line":461},"67":{"loc":{"start":{"line":469,"column":10},"end":{"line":476,"column":11}},"type":"if","locations":[{"start":{"line":469,"column":10},"end":{"line":476,"column":11}},{"start":{"line":473,"column":17},"end":{"line":476,"column":11}}],"line":469},"68":{"loc":{"start":{"line":488,"column":21},"end":{"line":488,"column":34}},"type":"default-arg","locations":[{"start":{"line":488,"column":32},"end":{"line":488,"column":34}}],"line":488},"69":{"loc":{"start":{"line":489,"column":14},"end":{"line":489,"column":27}},"type":"default-arg","locations":[{"start":{"line":489,"column":23},"end":{"line":489,"column":27}}],"line":489},"70":{"loc":{"start":{"line":493,"column":6},"end":{"line":495,"column":7}},"type":"if","locations":[{"start":{"line":493,"column":6},"end":{"line":495,"column":7}},{"start":{},"end":{}}],"line":493},"71":{"loc":{"start":{"line":499,"column":8},"end":{"line":501,"column":9}},"type":"if","locations":[{"start":{"line":499,"column":8},"end":{"line":501,"column":9}},{"start":{},"end":{}}],"line":499},"72":{"loc":{"start":{"line":509,"column":8},"end":{"line":511,"column":9}},"type":"if","locations":[{"start":{"line":509,"column":8},"end":{"line":511,"column":9}},{"start":{},"end":{}}],"line":509},"73":{"loc":{"start":{"line":517,"column":8},"end":{"line":524,"column":9}},"type":"if","locations":[{"start":{"line":517,"column":8},"end":{"line":524,"column":9}},{"start":{},"end":{}}],"line":517},"74":{"loc":{"start":{"line":517,"column":12},"end":{"line":517,"column":65}},"type":"binary-expr","locations":[{"start":{"line":517,"column":12},"end":{"line":517,"column":36}},{"start":{"line":517,"column":40},"end":{"line":517,"column":65}}],"line":517},"75":{"loc":{"start":{"line":519,"column":10},"end":{"line":523,"column":11}},"type":"if","locations":[{"start":{"line":519,"column":10},"end":{"line":523,"column":11}},{"start":{"line":521,"column":17},"end":{"line":523,"column":11}}],"line":519}},"s":{"0":187,"1":187,"2":187,"3":187,"4":0,"5":0,"6":0,"7":0,"8":0,"9":0,"10":0,"11":0,"12":0,"13":0,"14":0,"15":0,"16":0,"17":0,"18":0,"19":0,"20":0,"21":0,"22":0,"23":0,"24":0,"25":0,"26":37,"27":186,"28":0,"29":186,"30":186,"31":186,"32":160,"33":160,"34":160,"35":3,"36":157,"37":157,"38":16,"39":16,"40":0,"41":0,"42":16,"43":16,"44":16,"45":16,"46":16,"47":13,"48":13,"49":13,"50":13,"51":0,"52":0,"53":13,"54":0,"55":0,"56":0,"57":0,"58":13,"59":13,"60":13,"61":0,"62":0,"63":13,"64":13,"65":0,"66":13,"67":13,"68":0,"69":13,"70":13,"71":13,"72":0,"73":13,"74":0,"75":0,"76":0,"77":0,"78":0,"79":0,"80":0,"81":0,"82":0,"83":0,"84":0,"85":0,"86":0,"87":0,"88":0,"89":0,"90":0,"91":0,"92":0,"93":0,"94":0,"95":0,"96":0,"97":16,"98":16,"99":0,"100":16,"101":0,"102":16,"103":0,"104":16,"105":41,"106":41,"107":41,"108":41,"109":552,"110":9,"111":9,"112":9,"113":8,"114":8,"115":8,"116":9,"117":9,"118":9,"119":543,"120":247,"121":296,"122":296,"123":296,"124":296,"125":269,"126":22,"127":22,"128":0,"129":274,"130":274,"131":274,"132":41,"133":41,"134":283,"135":9,"136":9,"137":0,"138":32,"139":23,"140":2,"141":21,"142":21,"143":5,"144":5,"145":0,"146":16,"147":135,"148":16,"149":0,"150":16,"151":0,"152":0,"153":0,"154":0,"155":0,"156":0,"157":0,"158":0,"159":0,"160":0,"161":0,"162":0,"163":0,"164":0,"165":0,"166":0,"167":0,"168":0,"169":0,"170":0,"171":0,"172":0,"173":0,"174":0,"175":0,"176":0,"177":0,"178":0,"179":0,"180":0,"181":0,"182":0,"183":0,"184":0,"185":0,"186":0,"187":0,"188":0,"189":0,"190":0,"191":0,"192":0,"193":0,"194":0,"195":0,"196":0,"197":0,"198":0,"199":0,"200":0,"201":0,"202":0,"203":0,"204":1},"f":{"0":187,"1":0,"2":0,"3":0,"4":0,"5":0,"6":0,"7":0,"8":0,"9":37,"10":186,"11":160,"12":16,"13":0,"14":0,"15":13,"16":0,"17":0,"18":0,"19":41,"20":552,"21":269,"22":23,"23":135,"24":0,"25":0,"26":0,"27":0,"28":0,"29":0,"30":0,"31":0,"32":0,"33":0},"b":{"0":[0,0],"1":[0,0,0],"2":[0,0],"3":[0,0],"4":[0,0],"5":[0,0],"6":[0,186],"7":[3,157],"8":[160,158],"9":[16],"10":[0,16],"11":[16,0,0,0,0,0,0],"12":[0,0],"13":[16],"14":[16],"15":[16],"16":[16],"17":[16],"18":[16],"19":[16],"20":[16],"21":[16],"22":[16],"23":[0,13],"24":[13,0],"25":[0,13],"26":[13,0],"27":[0,0],"28":[0,13],"29":[0,13],"30":[13,0],"31":[0,13],"32":[13,0],"33":[0,13],"34":[0,0],"35":[0,0],"36":[0,0],"37":[0,0],"38":[0,0],"39":[0,0],"40":[0,0,0,0],"41":[0,0],"42":[0,0],"43":[0,16],"44":[0,16],"45":[0,16],"46":[283],"47":[9,543],"48":[9,0],"49":[8,1],"50":[247,296],"51":[22,0],"52":[9,0],"53":[2,21],"54":[5,0],"55":[0,16],"56":[0,0],"57":[0,0],"58":[0,0],"59":[0,0],"60":[0,0],"61":[0],"62":[0,0],"63":[0,0],"64":[0,0],"65":[0,0],"66":[0,0],"67":[0,0],"68":[0],"69":[0],"70":[0,0],"71":[0,0],"72":[0,0],"73":[0,0],"74":[0,0],"75":[0,0]},"inputSourceMap":null,"_coverageSchema":"1a1c01bbd47fc00a2c39e90264f33305004495a9","hash":"7833f86a74428322b355188c7f3717e14f887917"}
}
