TN:
SF:src\cli.js
FN:14,(anonymous_0)
FN:20,(anonymous_1)
FN:27,(anonymous_2)
FNF:3
FNH:0
FNDA:0,(anonymous_0)
FNDA:0,(anonymous_1)
FNDA:0,(anonymous_2)
DA:8,0
DA:11,0
DA:14,0
DA:15,0
DA:16,0
DA:20,0
DA:21,0
DA:22,0
DA:26,0
DA:27,0
DA:28,0
DA:29,0
DA:33,0
LF:13
LH:0
BRDA:26,0,0,0
BRDA:26,0,1,0
BRF:2
BRH:0
end_of_record
TN:
SF:src\ingest.js
FN:9,ingestDocument
FNF:1
FNH:0
FNDA:0,ingestDocument
DA:10,0
DA:11,0
DA:14,0
DA:17,0
LF:4
LH:0
BRDA:10,0,0,0
BRDA:10,0,1,0
BRF:2
BRH:0
end_of_record
TN:
SF:src\query.js
FN:21,queryPipeline
FN:66,queryPipelineStream
FNF:2
FNH:0
FNDA:0,queryPipeline
FNDA:0,queryPipelineStream
DA:8,0
DA:10,0
DA:12,0
DA:22,0
DA:23,0
DA:26,0
DA:27,0
DA:30,0
DA:32,0
DA:35,0
DA:36,0
DA:37,0
DA:38,0
DA:41,0
DA:53,0
DA:55,0
DA:56,0
DA:67,0
DA:68,0
DA:71,0
DA:72,0
DA:75,0
DA:77,0
DA:80,0
DA:81,0
DA:82,0
DA:83,0
DA:86,0
DA:98,0
DA:100,0
DA:101,0
LF:31
LH:0
BRDA:22,0,0,0
BRDA:22,0,1,0
BRDA:26,1,0,0
BRDA:26,1,1,0
BRDA:49,2,0,0
BRDA:49,2,1,0
BRDA:67,3,0,0
BRDA:67,3,1,0
BRDA:71,4,0,0
BRDA:71,4,1,0
BRDA:94,5,0,0
BRDA:94,5,1,0
BRF:12
BRH:0
end_of_record
TN:
SF:src\test-trigger.js
FNF:0
FNH:0
DA:6,0
DA:8,0
LF:2
LH:0
BRF:0
BRH:0
end_of_record
TN:
SF:src\ai\adaptive-retrieval.js
FN:12,(anonymous_0)
FN:57,(anonymous_1)
FN:75,(anonymous_2)
FN:82,(anonymous_3)
FN:86,(anonymous_4)
FN:95,(anonymous_5)
FN:141,(anonymous_6)
FN:158,(anonymous_7)
FN:167,(anonymous_8)
FN:186,(anonymous_9)
FN:245,(anonymous_10)
FN:250,(anonymous_11)
FN:270,(anonymous_12)
FN:278,(anonymous_13)
FN:281,(anonymous_14)
FN:284,(anonymous_15)
FN:286,(anonymous_16)
FN:289,(anonymous_17)
FN:291,(anonymous_18)
FN:294,(anonymous_19)
FN:295,(anonymous_20)
FN:304,(anonymous_21)
FN:306,(anonymous_22)
FN:320,(anonymous_23)
FN:332,(anonymous_24)
FN:337,(anonymous_25)
FN:341,(anonymous_26)
FN:346,(anonymous_27)
FN:351,(anonymous_28)
FN:355,(anonymous_29)
FN:360,(anonymous_30)
FN:362,(anonymous_31)
FN:370,(anonymous_32)
FN:372,(anonymous_33)
FN:380,(anonymous_34)
FN:382,(anonymous_35)
FN:394,(anonymous_36)
FN:396,(anonymous_37)
FN:408,(anonymous_38)
FN:410,(anonymous_39)
FN:422,(anonymous_40)
FN:424,(anonymous_41)
FN:432,(anonymous_42)
FN:440,(anonymous_43)
FN:447,(anonymous_44)
FN:464,(anonymous_45)
FN:467,(anonymous_46)
FN:487,(anonymous_47)
FN:509,(anonymous_48)
FN:517,(anonymous_49)
FN:532,(anonymous_50)
FN:554,(anonymous_51)
FN:571,(anonymous_52)
FN:576,(anonymous_53)
FN:579,(anonymous_54)
FN:582,(anonymous_55)
FN:583,(anonymous_56)
FN:585,(anonymous_57)
FN:586,(anonymous_58)
FN:595,(anonymous_59)
FN:604,(anonymous_60)
FN:616,(anonymous_61)
FN:623,(anonymous_62)
FN:627,(anonymous_63)
FN:631,(anonymous_64)
FN:635,(anonymous_65)
FN:640,(anonymous_66)
FN:652,(anonymous_67)
FN:656,(anonymous_68)
FN:668,(anonymous_69)
FN:670,(anonymous_70)
FN:678,(anonymous_71)
FN:686,(anonymous_72)
FN:690,(anonymous_73)
FN:701,(anonymous_74)
FN:718,(anonymous_75)
FN:722,(anonymous_76)
FN:725,(anonymous_77)
FN:729,(anonymous_78)
FN:732,(anonymous_79)
FN:750,(anonymous_80)
FN:754,(anonymous_81)
FN:765,(anonymous_82)
FN:770,(anonymous_83)
FN:772,(anonymous_84)
FN:775,(anonymous_85)
FN:779,(anonymous_86)
FN:783,(anonymous_87)
FN:785,(anonymous_88)
FNF:89
FNH:0
FNDA:0,(anonymous_0)
FNDA:0,(anonymous_1)
FNDA:0,(anonymous_2)
FNDA:0,(anonymous_3)
FNDA:0,(anonymous_4)
FNDA:0,(anonymous_5)
FNDA:0,(anonymous_6)
FNDA:0,(anonymous_7)
FNDA:0,(anonymous_8)
FNDA:0,(anonymous_9)
FNDA:0,(anonymous_10)
FNDA:0,(anonymous_11)
FNDA:0,(anonymous_12)
FNDA:0,(anonymous_13)
FNDA:0,(anonymous_14)
FNDA:0,(anonymous_15)
FNDA:0,(anonymous_16)
FNDA:0,(anonymous_17)
FNDA:0,(anonymous_18)
FNDA:0,(anonymous_19)
FNDA:0,(anonymous_20)
FNDA:0,(anonymous_21)
FNDA:0,(anonymous_22)
FNDA:0,(anonymous_23)
FNDA:0,(anonymous_24)
FNDA:0,(anonymous_25)
FNDA:0,(anonymous_26)
FNDA:0,(anonymous_27)
FNDA:0,(anonymous_28)
FNDA:0,(anonymous_29)
FNDA:0,(anonymous_30)
FNDA:0,(anonymous_31)
FNDA:0,(anonymous_32)
FNDA:0,(anonymous_33)
FNDA:0,(anonymous_34)
FNDA:0,(anonymous_35)
FNDA:0,(anonymous_36)
FNDA:0,(anonymous_37)
FNDA:0,(anonymous_38)
FNDA:0,(anonymous_39)
FNDA:0,(anonymous_40)
FNDA:0,(anonymous_41)
FNDA:0,(anonymous_42)
FNDA:0,(anonymous_43)
FNDA:0,(anonymous_44)
FNDA:0,(anonymous_45)
FNDA:0,(anonymous_46)
FNDA:0,(anonymous_47)
FNDA:0,(anonymous_48)
FNDA:0,(anonymous_49)
FNDA:0,(anonymous_50)
FNDA:0,(anonymous_51)
FNDA:0,(anonymous_52)
FNDA:0,(anonymous_53)
FNDA:0,(anonymous_54)
FNDA:0,(anonymous_55)
FNDA:0,(anonymous_56)
FNDA:0,(anonymous_57)
FNDA:0,(anonymous_58)
FNDA:0,(anonymous_59)
FNDA:0,(anonymous_60)
FNDA:0,(anonymous_61)
FNDA:0,(anonymous_62)
FNDA:0,(anonymous_63)
FNDA:0,(anonymous_64)
FNDA:0,(anonymous_65)
FNDA:0,(anonymous_66)
FNDA:0,(anonymous_67)
FNDA:0,(anonymous_68)
FNDA:0,(anonymous_69)
FNDA:0,(anonymous_70)
FNDA:0,(anonymous_71)
FNDA:0,(anonymous_72)
FNDA:0,(anonymous_73)
FNDA:0,(anonymous_74)
FNDA:0,(anonymous_75)
FNDA:0,(anonymous_76)
FNDA:0,(anonymous_77)
FNDA:0,(anonymous_78)
FNDA:0,(anonymous_79)
FNDA:0,(anonymous_80)
FNDA:0,(anonymous_81)
FNDA:0,(anonymous_82)
FNDA:0,(anonymous_83)
FNDA:0,(anonymous_84)
FNDA:0,(anonymous_85)
FNDA:0,(anonymous_86)
FNDA:0,(anonymous_87)
FNDA:0,(anonymous_88)
DA:6,0
DA:8,0
DA:13,0
DA:15,0
DA:43,0
DA:44,0
DA:45,0
DA:46,0
DA:47,0
DA:49,0
DA:50,0
DA:51,0
DA:58,0
DA:67,0
DA:68,0
DA:69,0
DA:76,0
DA:77,0
DA:78,0
DA:82,0
DA:86,0
DA:88,0
DA:89,0
DA:96,0
DA:98,0
DA:100,0
DA:101,0
DA:109,0
DA:112,0
DA:120,0
DA:128,0
DA:135,0
DA:141,0
DA:151,0
DA:153,0
DA:158,0
DA:161,0
DA:167,0
DA:173,0
DA:179,0
DA:187,0
DA:188,0
DA:189,0
DA:193,0
DA:199,0
DA:202,0
DA:210,0
DA:218,0
DA:227,0
DA:229,0
DA:235,0
DA:246,0
DA:247,0
DA:250,0
DA:251,0
DA:256,0
DA:270,0
DA:276,0
DA:278,0
DA:281,0
DA:282,0
DA:284,0
DA:285,0
DA:286,0
DA:289,0
DA:290,0
DA:291,0
DA:294,0
DA:295,0
DA:298,0
DA:305,0
DA:306,0
DA:307,0
DA:310,0
DA:320,0
DA:333,0
DA:336,0
DA:337,0
DA:340,0
DA:341,0
DA:344,0
DA:345,0
DA:346,0
DA:350,0
DA:351,0
DA:354,0
DA:355,0
DA:357,0
DA:362,0
DA:372,0
DA:382,0
DA:396,0
DA:410,0
DA:423,0
DA:424,0
DA:425,0
DA:426,0
DA:427,0
DA:428,0
DA:434,0
DA:437,0
DA:440,0
DA:449,0
DA:450,0
DA:452,0
DA:453,0
DA:454,0
DA:455,0
DA:456,0
DA:461,0
DA:465,0
DA:467,0
DA:468,0
DA:471,0
DA:472,0
DA:476,0
DA:477,0
DA:480,0
DA:488,0
DA:490,0
DA:491,0
DA:506,0
DA:510,0
DA:512,0
DA:513,0
DA:516,0
DA:517,0
DA:518,0
DA:522,0
DA:523,0
DA:524,0
DA:528,0
DA:529,0
DA:533,0
DA:534,0
DA:536,0
DA:538,0
DA:539,0
DA:541,0
DA:542,0
DA:544,0
DA:545,0
DA:547,0
DA:548,0
DA:551,0
DA:555,0
DA:557,0
DA:558,0
DA:559,0
DA:560,0
DA:561,0
DA:562,0
DA:564,0
DA:565,0
DA:570,0
DA:571,0
DA:576,0
DA:580,0
DA:582,0
DA:583,0
DA:585,0
DA:586,0
DA:588,0
DA:590,0
DA:591,0
DA:592,0
DA:597,0
DA:606,0
DA:617,0
DA:618,0
DA:619,0
DA:620,0
DA:624,0
DA:628,0
DA:632,0
DA:637,0
DA:642,0
DA:645,0
DA:647,0
DA:653,0
DA:658,0
DA:669,0
DA:670,0
DA:671,0
DA:673,0
DA:674,0
DA:675,0
DA:679,0
DA:680,0
DA:681,0
DA:687,0
DA:692,0
DA:702,0
DA:704,0
DA:706,0
DA:708,0
DA:710,0
DA:712,0
DA:719,0
DA:724,0
DA:725,0
DA:729,0
DA:733,0
DA:736,0
DA:737,0
DA:741,0
DA:742,0
DA:745,0
DA:751,0
DA:756,0
DA:766,0
DA:767,0
DA:772,0
DA:776,0
DA:780,0
DA:785,0
DA:789,0
LF:217
LH:0
BRDA:12,0,0,0
BRDA:17,1,0,0
BRDA:17,1,1,0
BRDA:18,2,0,0
BRDA:18,2,1,0
BRDA:19,3,0,0
BRDA:19,3,1,0
BRDA:20,4,0,0
BRDA:20,4,1,0
BRDA:21,5,0,0
BRDA:21,5,1,0
BRDA:57,6,0,0
BRDA:60,7,0,0
BRDA:60,7,1,0
BRDA:75,8,0,0
BRDA:77,9,0,0
BRDA:77,9,1,0
BRDA:95,10,0,0
BRDA:188,11,0,0
BRDA:188,11,1,0
BRDA:245,12,0,0
BRDA:246,13,0,0
BRDA:246,13,1,0
BRDA:247,14,0,0
BRDA:247,14,1,0
BRDA:251,15,0,0
BRDA:251,15,1,0
BRDA:251,15,2,0
BRDA:276,16,0,0
BRDA:276,16,1,0
BRDA:285,17,0,0
BRDA:285,17,1,0
BRDA:290,18,0,0
BRDA:290,18,1,0
BRDA:307,19,0,0
BRDA:307,19,1,0
BRDA:319,20,0,0
BRDA:319,20,1,0
BRDA:344,21,0,0
BRDA:344,21,1,0
BRDA:389,22,0,0
BRDA:389,22,1,0
BRDA:426,23,0,0
BRDA:426,23,1,0
BRDA:453,24,0,0
BRDA:453,24,1,0
BRDA:454,25,0,0
BRDA:454,25,1,0
BRDA:454,26,0,0
BRDA:454,26,1,0
BRDA:465,27,0,0
BRDA:465,27,1,0
BRDA:471,28,0,0
BRDA:471,28,1,0
BRDA:476,29,0,0
BRDA:476,29,1,0
BRDA:490,30,0,0
BRDA:490,30,1,0
BRDA:516,31,0,0
BRDA:516,31,1,0
BRDA:516,32,0,0
BRDA:516,32,1,0
BRDA:523,33,0,0
BRDA:523,33,1,0
BRDA:536,34,0,0
BRDA:536,34,1,0
BRDA:536,34,2,0
BRDA:536,34,3,0
BRDA:538,35,0,0
BRDA:538,35,1,0
BRDA:547,36,0,0
BRDA:547,36,1,0
BRDA:559,37,0,0
BRDA:559,37,1,0
BRDA:561,38,0,0
BRDA:561,38,1,0
BRDA:580,39,0,0
BRDA:580,39,1,0
BRDA:590,40,0,0
BRDA:590,40,1,0
BRDA:591,41,0,0
BRDA:591,41,1,0
BRDA:660,42,0,0
BRDA:660,42,1,0
BRDA:662,43,0,0
BRDA:662,43,1,0
BRDA:670,44,0,0
BRDA:670,44,1,0
BRDA:673,45,0,0
BRDA:673,45,1,0
BRDA:674,46,0,0
BRDA:674,46,1,0
BRDA:695,47,0,0
BRDA:695,47,1,0
BRDA:697,48,0,0
BRDA:697,48,1,0
BRDA:702,49,0,0
BRDA:702,49,1,0
BRDA:702,49,2,0
BRDA:702,49,3,0
BRDA:702,49,4,0
BRDA:736,50,0,0
BRDA:736,50,1,0
BRDA:741,51,0,0
BRDA:741,51,1,0
BRDA:741,52,0,0
BRDA:741,52,1,0
BRF:107
BRH:0
end_of_record
TN:
SF:src\ai\federated-learning.js
FN:12,(anonymous_0)
FN:80,(anonymous_1)
FN:107,(anonymous_2)
FN:160,(anonymous_3)
FN:188,(anonymous_4)
FN:226,(anonymous_5)
FN:227,(anonymous_6)
FN:304,(anonymous_7)
FN:311,(anonymous_8)
FN:319,(anonymous_9)
FN:327,(anonymous_10)
FN:335,(anonymous_11)
FN:347,(anonymous_12)
FN:360,(anonymous_13)
FN:369,(anonymous_14)
FN:371,(anonymous_15)
FN:415,(anonymous_16)
FN:416,(anonymous_17)
FN:420,(anonymous_18)
FN:421,(anonymous_19)
FN:427,(anonymous_20)
FN:428,(anonymous_21)
FN:434,(anonymous_22)
FN:446,(anonymous_23)
FN:463,(anonymous_24)
FN:467,(anonymous_25)
FN:483,(anonymous_26)
FN:488,(anonymous_27)
FN:510,(anonymous_28)
FN:520,(anonymous_29)
FN:524,(anonymous_30)
FN:526,(anonymous_31)
FN:529,(anonymous_32)
FN:531,(anonymous_33)
FN:534,(anonymous_34)
FN:537,(anonymous_35)
FN:538,(anonymous_36)
FN:539,(anonymous_37)
FN:544,(anonymous_38)
FN:546,(anonymous_39)
FN:549,(anonymous_40)
FN:562,(anonymous_41)
FN:563,(anonymous_42)
FN:568,(anonymous_43)
FN:593,(anonymous_44)
FN:607,(anonymous_45)
FN:611,(anonymous_46)
FN:627,(anonymous_47)
FN:632,(anonymous_48)
FN:649,(anonymous_49)
FN:658,(anonymous_50)
FN:668,(anonymous_51)
FN:673,(anonymous_52)
FN:681,(anonymous_53)
FN:683,(anonymous_54)
FN:692,(anonymous_55)
FN:696,(anonymous_56)
FN:708,(anonymous_57)
FN:732,(anonymous_58)
FN:734,(anonymous_59)
FN:735,(anonymous_60)
FN:737,(anonymous_61)
FN:741,(anonymous_62)
FN:747,(anonymous_63)
FN:750,(anonymous_64)
FN:753,(anonymous_65)
FN:754,(anonymous_66)
FN:758,(anonymous_67)
FN:759,(anonymous_68)
FN:763,(anonymous_69)
FN:767,(anonymous_70)
FN:783,(anonymous_71)
FN:784,(anonymous_72)
FN:789,(anonymous_73)
FN:790,(anonymous_74)
FN:795,(anonymous_75)
FN:803,(anonymous_76)
FN:807,(anonymous_77)
FN:819,(anonymous_78)
FN:823,(anonymous_79)
FN:837,(anonymous_80)
FN:853,(anonymous_81)
FNF:82
FNH:0
FNDA:0,(anonymous_0)
FNDA:0,(anonymous_1)
FNDA:0,(anonymous_2)
FNDA:0,(anonymous_3)
FNDA:0,(anonymous_4)
FNDA:0,(anonymous_5)
FNDA:0,(anonymous_6)
FNDA:0,(anonymous_7)
FNDA:0,(anonymous_8)
FNDA:0,(anonymous_9)
FNDA:0,(anonymous_10)
FNDA:0,(anonymous_11)
FNDA:0,(anonymous_12)
FNDA:0,(anonymous_13)
FNDA:0,(anonymous_14)
FNDA:0,(anonymous_15)
FNDA:0,(anonymous_16)
FNDA:0,(anonymous_17)
FNDA:0,(anonymous_18)
FNDA:0,(anonymous_19)
FNDA:0,(anonymous_20)
FNDA:0,(anonymous_21)
FNDA:0,(anonymous_22)
FNDA:0,(anonymous_23)
FNDA:0,(anonymous_24)
FNDA:0,(anonymous_25)
FNDA:0,(anonymous_26)
FNDA:0,(anonymous_27)
FNDA:0,(anonymous_28)
FNDA:0,(anonymous_29)
FNDA:0,(anonymous_30)
FNDA:0,(anonymous_31)
FNDA:0,(anonymous_32)
FNDA:0,(anonymous_33)
FNDA:0,(anonymous_34)
FNDA:0,(anonymous_35)
FNDA:0,(anonymous_36)
FNDA:0,(anonymous_37)
FNDA:0,(anonymous_38)
FNDA:0,(anonymous_39)
FNDA:0,(anonymous_40)
FNDA:0,(anonymous_41)
FNDA:0,(anonymous_42)
FNDA:0,(anonymous_43)
FNDA:0,(anonymous_44)
FNDA:0,(anonymous_45)
FNDA:0,(anonymous_46)
FNDA:0,(anonymous_47)
FNDA:0,(anonymous_48)
FNDA:0,(anonymous_49)
FNDA:0,(anonymous_50)
FNDA:0,(anonymous_51)
FNDA:0,(anonymous_52)
FNDA:0,(anonymous_53)
FNDA:0,(anonymous_54)
FNDA:0,(anonymous_55)
FNDA:0,(anonymous_56)
FNDA:0,(anonymous_57)
FNDA:0,(anonymous_58)
FNDA:0,(anonymous_59)
FNDA:0,(anonymous_60)
FNDA:0,(anonymous_61)
FNDA:0,(anonymous_62)
FNDA:0,(anonymous_63)
FNDA:0,(anonymous_64)
FNDA:0,(anonymous_65)
FNDA:0,(anonymous_66)
FNDA:0,(anonymous_67)
FNDA:0,(anonymous_68)
FNDA:0,(anonymous_69)
FNDA:0,(anonymous_70)
FNDA:0,(anonymous_71)
FNDA:0,(anonymous_72)
FNDA:0,(anonymous_73)
FNDA:0,(anonymous_74)
FNDA:0,(anonymous_75)
FNDA:0,(anonymous_76)
FNDA:0,(anonymous_77)
FNDA:0,(anonymous_78)
FNDA:0,(anonymous_79)
FNDA:0,(anonymous_80)
FNDA:0,(anonymous_81)
DA:6,0
DA:8,0
DA:13,0
DA:15,0
DA:69,0
DA:70,0
DA:71,0
DA:72,0
DA:73,0
DA:74,0
DA:81,0
DA:83,0
DA:92,0
DA:94,0
DA:101,0
DA:108,0
DA:109,0
DA:110,0
DA:113,0
DA:116,0
DA:121,0
DA:122,0
DA:126,0
DA:144,0
DA:145,0
DA:147,0
DA:154,0
DA:161,0
DA:162,0
DA:163,0
DA:166,0
DA:167,0
DA:170,0
DA:172,0
DA:174,0
DA:177,0
DA:178,0
DA:180,0
DA:188,0
DA:189,0
DA:190,0
DA:197,0
DA:202,0
DA:214,0
DA:220,0
DA:224,0
DA:225,0
DA:226,0
DA:227,0
DA:230,0
DA:231,0
DA:234,0
DA:241,0
DA:244,0
DA:251,0
DA:252,0
DA:253,0
DA:256,0
DA:257,0
DA:258,0
DA:259,0
DA:260,0
DA:261,0
DA:262,0
DA:268,0
DA:278,0
DA:279,0
DA:282,0
DA:291,0
DA:297,0
DA:305,0
DA:306,0
DA:307,0
DA:310,0
DA:311,0
DA:313,0
DA:319,0
DA:327,0
DA:335,0
DA:349,0
DA:350,0
DA:354,0
DA:355,0
DA:359,0
DA:360,0
DA:362,0
DA:363,0
DA:366,0
DA:370,0
DA:371,0
DA:374,0
DA:375,0
DA:376,0
DA:377,0
DA:392,0
DA:393,0
DA:395,0
DA:398,0
DA:403,0
DA:405,0
DA:407,0
DA:409,0
DA:411,0
DA:416,0
DA:417,0
DA:421,0
DA:422,0
DA:424,0
DA:428,0
DA:429,0
DA:431,0
DA:435,0
DA:437,0
DA:439,0
DA:440,0
DA:443,0
DA:448,0
DA:465,0
DA:467,0
DA:469,0
DA:480,0
DA:484,0
DA:485,0
DA:489,0
DA:492,0
DA:494,0
DA:497,0
DA:498,0
DA:500,0
DA:511,0
DA:512,0
DA:513,0
DA:515,0
DA:520,0
DA:525,0
DA:526,0
DA:530,0
DA:531,0
DA:535,0
DA:537,0
DA:538,0
DA:539,0
DA:541,0
DA:545,0
DA:546,0
DA:550,0
DA:552,0
DA:554,0
DA:556,0
DA:558,0
DA:563,0
DA:569,0
DA:570,0
DA:571,0
DA:572,0
DA:574,0
DA:575,0
DA:576,0
DA:577,0
DA:578,0
DA:579,0
DA:581,0
DA:582,0
DA:583,0
DA:584,0
DA:585,0
DA:586,0
DA:587,0
DA:588,0
DA:589,0
DA:590,0
DA:594,0
DA:596,0
DA:597,0
DA:598,0
DA:608,0
DA:612,0
DA:615,0
DA:616,0
DA:620,0
DA:621,0
DA:624,0
DA:628,0
DA:629,0
DA:632,0
DA:633,0
DA:634,0
DA:637,0
DA:651,0
DA:659,0
DA:660,0
DA:661,0
DA:662,0
DA:663,0
DA:664,0
DA:670,0
DA:675,0
DA:676,0
DA:677,0
DA:678,0
DA:683,0
DA:693,0
DA:698,0
DA:702,0
DA:705,0
DA:708,0
DA:709,0
DA:713,0
DA:714,0
DA:716,0
DA:734,0
DA:735,0
DA:736,0
DA:737,0
DA:741,0
DA:742,0
DA:743,0
DA:748,0
DA:750,0
DA:753,0
DA:754,0
DA:758,0
DA:759,0
DA:763,0
DA:768,0
DA:769,0
DA:771,0
DA:772,0
DA:773,0
DA:775,0
DA:776,0
DA:780,0
DA:784,0
DA:785,0
DA:790,0
DA:791,0
DA:796,0
DA:797,0
DA:798,0
DA:804,0
DA:808,0
DA:809,0
DA:812,0
DA:820,0
DA:824,0
DA:826,0
DA:838,0
DA:840,0
DA:841,0
DA:842,0
DA:844,0
DA:847,0
DA:848,0
DA:849,0
DA:853,0
DA:858,0
DA:862,0
LF:257
LH:0
BRDA:12,0,0,0
BRDA:80,1,0,0
BRDA:109,2,0,0
BRDA:109,2,1,0
BRDA:121,3,0,0
BRDA:121,3,1,0
BRDA:133,4,0,0
BRDA:133,4,1,0
BRDA:162,5,0,0
BRDA:162,5,1,0
BRDA:166,6,0,0
BRDA:166,6,1,0
BRDA:226,7,0,0
BRDA:226,7,1,0
BRDA:230,8,0,0
BRDA:230,8,1,0
BRDA:258,9,0,0
BRDA:258,9,1,0
BRDA:278,10,0,0
BRDA:278,10,1,0
BRDA:278,11,0,0
BRDA:278,11,1,0
BRDA:287,12,0,0
BRDA:287,12,1,0
BRDA:306,13,0,0
BRDA:306,13,1,0
BRDA:333,14,0,0
BRDA:333,14,1,0
BRDA:349,15,0,0
BRDA:349,15,1,0
BRDA:354,16,0,0
BRDA:354,16,1,0
BRDA:362,17,0,0
BRDA:362,17,1,0
BRDA:371,18,0,0
BRDA:371,18,1,0
BRDA:374,19,0,0
BRDA:374,19,1,0
BRDA:403,20,0,0
BRDA:403,20,1,0
BRDA:403,20,2,0
BRDA:403,20,3,0
BRDA:435,21,0,0
BRDA:435,21,1,0
BRDA:437,22,0,0
BRDA:437,22,1,0
BRDA:484,23,0,0
BRDA:484,23,1,0
BRDA:490,24,0,0
BRDA:490,24,1,0
BRDA:492,25,0,0
BRDA:492,25,1,0
BRDA:494,26,0,0
BRDA:494,26,1,0
BRDA:525,27,0,0
BRDA:525,27,1,0
BRDA:530,28,0,0
BRDA:530,28,1,0
BRDA:535,29,0,0
BRDA:535,29,1,0
BRDA:550,30,0,0
BRDA:550,30,1,0
BRDA:550,30,2,0
BRDA:550,30,3,0
BRDA:596,31,0,0
BRDA:596,31,1,0
BRDA:596,32,0,0
BRDA:596,32,1,0
BRDA:615,33,0,0
BRDA:615,33,1,0
BRDA:620,34,0,0
BRDA:620,34,1,0
BRDA:659,35,0,0
BRDA:659,35,1,0
BRDA:659,35,2,0
BRDA:659,35,3,0
BRDA:659,35,4,0
BRDA:670,36,0,0
BRDA:670,36,1,0
BRDA:698,37,0,0
BRDA:698,37,1,0
BRDA:709,38,0,0
BRDA:709,38,1,0
BRDA:748,39,0,0
BRDA:748,39,1,0
BRDA:748,39,2,0
BRDA:748,39,3,0
BRDA:797,40,0,0
BRDA:797,40,1,0
BRDA:808,41,0,0
BRDA:808,41,1,0
BRDA:820,42,0,0
BRDA:820,42,1,0
BRDA:841,43,0,0
BRDA:841,43,1,0
BRF:95
BRH:0
end_of_record
TN:
SF:src\ai\index-fixed.js
FN:13,(anonymous_0)
FN:23,(anonymous_1)
FN:38,(anonymous_2)
FN:49,(anonymous_3)
FN:54,(anonymous_4)
FN:64,(anonymous_5)
FN:68,(anonymous_6)
FN:78,(anonymous_7)
FN:99,(anonymous_8)
FN:111,(anonymous_9)
FN:126,(anonymous_10)
FN:141,(anonymous_11)
FN:148,(anonymous_12)
FN:152,(anonymous_13)
FN:158,(anonymous_14)
FN:179,(anonymous_15)
FN:189,(anonymous_16)
FN:225,(anonymous_17)
FN:226,(anonymous_18)
FN:229,(anonymous_19)
FN:235,(anonymous_20)
FN:236,(anonymous_21)
FN:239,(anonymous_22)
FN:245,(anonymous_23)
FN:246,(anonymous_24)
FN:249,(anonymous_25)
FN:255,(anonymous_26)
FN:256,(anonymous_27)
FN:259,(anonymous_28)
FN:268,(anonymous_29)
FN:283,(anonymous_30)
FN:305,(anonymous_31)
FN:341,(anonymous_32)
FN:351,(anonymous_33)
FN:377,(anonymous_34)
FN:379,(anonymous_35)
FN:390,(anonymous_36)
FN:416,(anonymous_37)
FN:423,(anonymous_38)
FN:431,(anonymous_39)
FN:436,(anonymous_40)
FN:437,(anonymous_41)
FN:439,(anonymous_42)
FN:441,(anonymous_43)
FNF:44
FNH:0
FNDA:0,(anonymous_0)
FNDA:0,(anonymous_1)
FNDA:0,(anonymous_2)
FNDA:0,(anonymous_3)
FNDA:0,(anonymous_4)
FNDA:0,(anonymous_5)
FNDA:0,(anonymous_6)
FNDA:0,(anonymous_7)
FNDA:0,(anonymous_8)
FNDA:0,(anonymous_9)
FNDA:0,(anonymous_10)
FNDA:0,(anonymous_11)
FNDA:0,(anonymous_12)
FNDA:0,(anonymous_13)
FNDA:0,(anonymous_14)
FNDA:0,(anonymous_15)
FNDA:0,(anonymous_16)
FNDA:0,(anonymous_17)
FNDA:0,(anonymous_18)
FNDA:0,(anonymous_19)
FNDA:0,(anonymous_20)
FNDA:0,(anonymous_21)
FNDA:0,(anonymous_22)
FNDA:0,(anonymous_23)
FNDA:0,(anonymous_24)
FNDA:0,(anonymous_25)
FNDA:0,(anonymous_26)
FNDA:0,(anonymous_27)
FNDA:0,(anonymous_28)
FNDA:0,(anonymous_29)
FNDA:0,(anonymous_30)
FNDA:0,(anonymous_31)
FNDA:0,(anonymous_32)
FNDA:0,(anonymous_33)
FNDA:0,(anonymous_34)
FNDA:0,(anonymous_35)
FNDA:0,(anonymous_36)
FNDA:0,(anonymous_37)
FNDA:0,(anonymous_38)
FNDA:0,(anonymous_39)
FNDA:0,(anonymous_40)
FNDA:0,(anonymous_41)
FNDA:0,(anonymous_42)
FNDA:0,(anonymous_43)
DA:6,0
DA:8,0
DA:14,0
DA:15,0
DA:20,0
DA:24,0
DA:25,0
DA:33,0
DA:34,0
DA:35,0
DA:39,0
DA:40,0
DA:41,0
DA:44,0
DA:45,0
DA:46,0
DA:49,0
DA:50,0
DA:51,0
DA:54,0
DA:55,0
DA:56,0
DA:57,0
DA:58,0
DA:61,0
DA:65,0
DA:69,0
DA:70,0
DA:71,0
DA:72,0
DA:73,0
DA:75,0
DA:79,0
DA:80,0
DA:81,0
DA:83,0
DA:84,0
DA:87,0
DA:88,0
DA:99,0
DA:100,0
DA:101,0
DA:104,0
DA:105,0
DA:112,0
DA:113,0
DA:121,0
DA:122,0
DA:123,0
DA:127,0
DA:136,0
DA:137,0
DA:138,0
DA:142,0
DA:143,0
DA:144,0
DA:148,0
DA:152,0
DA:154,0
DA:155,0
DA:159,0
DA:160,0
DA:162,0
DA:169,0
DA:180,0
DA:181,0
DA:186,0
DA:190,0
DA:193,0
DA:194,0
DA:195,0
DA:196,0
DA:197,0
DA:200,0
DA:204,0
DA:206,0
DA:207,0
DA:209,0
DA:210,0
DA:212,0
DA:213,0
DA:215,0
DA:216,0
DA:218,0
DA:221,0
DA:222,0
DA:226,0
DA:227,0
DA:229,0
DA:236,0
DA:237,0
DA:239,0
DA:246,0
DA:247,0
DA:249,0
DA:256,0
DA:257,0
DA:259,0
DA:269,0
DA:270,0
DA:278,0
DA:279,0
DA:280,0
DA:284,0
DA:285,0
DA:300,0
DA:301,0
DA:302,0
DA:306,0
DA:307,0
DA:308,0
DA:312,0
DA:313,0
DA:315,0
DA:316,0
DA:319,0
DA:320,0
DA:336,0
DA:337,0
DA:338,0
DA:342,0
DA:343,0
DA:344,0
DA:347,0
DA:350,0
DA:351,0
DA:353,0
DA:355,0
DA:356,0
DA:371,0
DA:372,0
DA:377,0
DA:379,0
DA:388,0
DA:390,0
DA:396,0
DA:397,0
DA:399,0
DA:407,0
DA:417,0
DA:418,0
DA:419,0
DA:422,0
DA:423,0
DA:425,0
DA:431,0
DA:436,0
DA:437,0
DA:439,0
DA:441,0
DA:454,0
LF:151
LH:0
BRDA:13,0,0,0
BRDA:16,1,0,0
BRDA:16,1,1,0
BRDA:17,2,0,0
BRDA:17,2,1,0
BRDA:18,3,0,0
BRDA:18,3,1,0
BRDA:23,4,0,0
BRDA:38,5,0,0
BRDA:38,6,0,0
BRDA:40,7,0,0
BRDA:40,7,1,0
BRDA:70,8,0,0
BRDA:70,8,1,0
BRDA:70,9,0,0
BRDA:70,9,1,0
BRDA:78,10,0,0
BRDA:80,11,0,0
BRDA:80,11,1,0
BRDA:83,12,0,0
BRDA:83,12,1,0
BRDA:92,13,0,0
BRDA:92,13,1,0
BRDA:111,14,0,0
BRDA:115,15,0,0
BRDA:115,15,1,0
BRDA:116,16,0,0
BRDA:116,16,1,0
BRDA:117,17,0,0
BRDA:117,17,1,0
BRDA:126,18,0,0
BRDA:129,19,0,0
BRDA:129,19,1,0
BRDA:141,20,0,0
BRDA:143,21,0,0
BRDA:143,21,1,0
BRDA:158,22,0,0
BRDA:179,23,0,0
BRDA:183,24,0,0
BRDA:183,24,1,0
BRDA:189,25,0,0
BRDA:194,26,0,0
BRDA:194,26,1,0
BRDA:194,27,0,0
BRDA:194,27,1,0
BRDA:196,28,0,0
BRDA:196,28,1,0
BRDA:204,29,0,0
BRDA:204,29,1,0
BRDA:204,29,2,0
BRDA:204,29,3,0
BRDA:204,29,4,0
BRDA:268,30,0,0
BRDA:271,31,0,0
BRDA:271,31,1,0
BRDA:272,32,0,0
BRDA:272,32,1,0
BRDA:273,33,0,0
BRDA:273,33,1,0
BRDA:274,34,0,0
BRDA:274,34,1,0
BRDA:275,35,0,0
BRDA:275,35,1,0
BRDA:283,36,0,0
BRDA:291,37,0,0
BRDA:291,37,1,0
BRDA:292,38,0,0
BRDA:292,38,1,0
BRDA:293,39,0,0
BRDA:293,39,1,0
BRDA:294,40,0,0
BRDA:294,40,1,0
BRDA:307,41,0,0
BRDA:307,41,1,0
BRDA:312,42,0,0
BRDA:312,42,1,0
BRDA:315,43,0,0
BRDA:315,43,1,0
BRDA:325,44,0,0
BRDA:325,44,1,0
BRDA:326,45,0,0
BRDA:326,45,1,0
BRDA:327,46,0,0
BRDA:327,46,1,0
BRDA:343,47,0,0
BRDA:343,47,1,0
BRDA:351,48,0,0
BRDA:351,48,1,0
BRDA:353,49,0,0
BRDA:353,49,1,0
BRDA:418,50,0,0
BRDA:418,50,1,0
BRDA:435,51,0,0
BRDA:435,51,1,0
BRDA:438,52,0,0
BRDA:438,52,1,0
BRF:96
BRH:0
end_of_record
TN:
SF:src\ai\index.backup.js
FN:69,(anonymous_0)
FN:118,(anonymous_1)
FN:128,(anonymous_2)
FN:138,(anonymous_3)
FN:148,(anonymous_4)
FN:158,(anonymous_5)
FN:176,(anonymous_6)
FN:178,(anonymous_7)
FN:185,(anonymous_8)
FN:198,(anonymous_9)
FN:205,(anonymous_10)
FN:217,(anonymous_11)
FN:231,(anonymous_12)
FN:232,(anonymous_13)
FN:247,(anonymous_14)
FN:268,(anonymous_15)
FN:304,(anonymous_16)
FNF:17
FNH:0
FNDA:0,(anonymous_0)
FNDA:0,(anonymous_1)
FNDA:0,(anonymous_2)
FNDA:0,(anonymous_3)
FNDA:0,(anonymous_4)
FNDA:0,(anonymous_5)
FNDA:0,(anonymous_6)
FNDA:0,(anonymous_7)
FNDA:0,(anonymous_8)
FNDA:0,(anonymous_9)
FNDA:0,(anonymous_10)
FNDA:0,(anonymous_11)
FNDA:0,(anonymous_12)
FNDA:0,(anonymous_13)
FNDA:0,(anonymous_14)
FNDA:0,(anonymous_15)
FNDA:0,(anonymous_16)
DA:14,0
DA:18,0
DA:19,0
DA:20,0
DA:21,0
DA:22,0
DA:32,0
DA:36,0
DA:37,0
DA:38,0
DA:39,0
DA:51,0
DA:61,0
DA:70,0
DA:119,0
DA:129,0
DA:139,0
DA:149,0
DA:159,0
DA:168,0
DA:170,0
DA:178,0
DA:179,0
DA:180,0
DA:185,0
DA:186,0
DA:188,0
DA:198,0
DA:200,0
DA:201,0
DA:205,0
DA:207,0
DA:213,0
DA:219,0
DA:221,0
DA:222,0
DA:223,0
DA:226,0
DA:227,0
DA:231,0
DA:232,0
DA:233,0
DA:236,0
DA:248,0
DA:250,0
DA:251,0
DA:254,0
DA:255,0
DA:258,0
DA:259,0
DA:262,0
DA:269,0
DA:277,0
DA:278,0
DA:279,0
DA:280,0
DA:281,0
DA:285,0
DA:286,0
DA:287,0
DA:288,0
DA:292,0
DA:293,0
DA:294,0
DA:295,0
DA:298,0
DA:305,0
DA:318,0
DA:319,0
DA:320,0
DA:322,0
DA:323,0
DA:324,0
DA:325,0
DA:327,0
DA:335,0
DA:336,0
DA:337,0
DA:340,0
DA:341,0
DA:344,0
DA:345,0
DA:348,0
DA:353,0
LF:84
LH:0
BRDA:69,0,0,0
BRDA:118,1,0,0
BRDA:128,2,0,0
BRDA:138,3,0,0
BRDA:148,4,0,0
BRDA:158,5,0,0
BRDA:179,6,0,0
BRDA:179,6,1,0
BRDA:186,7,0,0
BRDA:186,7,1,0
BRDA:221,8,0,0
BRDA:221,8,1,0
BRDA:226,9,0,0
BRDA:226,9,1,0
BRDA:250,10,0,0
BRDA:250,10,1,0
BRDA:250,11,0,0
BRDA:250,11,1,0
BRDA:250,11,2,0
BRDA:254,12,0,0
BRDA:254,12,1,0
BRDA:254,13,0,0
BRDA:254,13,1,0
BRDA:258,14,0,0
BRDA:258,14,1,0
BRDA:258,15,0,0
BRDA:258,15,1,0
BRDA:277,16,0,0
BRDA:277,16,1,0
BRDA:285,17,0,0
BRDA:285,17,1,0
BRDA:292,18,0,0
BRDA:292,18,1,0
BRDA:323,19,0,0
BRDA:323,19,1,0
BRDA:324,20,0,0
BRDA:324,20,1,0
BRDA:324,21,0,0
BRDA:324,21,1,0
BRDA:325,22,0,0
BRDA:325,22,1,0
BRDA:325,23,0,0
BRDA:325,23,1,0
BRDA:328,24,0,0
BRDA:328,24,1,0
BRDA:329,25,0,0
BRDA:329,25,1,0
BRDA:330,26,0,0
BRDA:330,26,1,0
BRDA:331,27,0,0
BRDA:331,27,1,0
BRDA:336,28,0,0
BRDA:336,28,1,0
BRDA:337,29,0,0
BRDA:337,29,1,0
BRDA:340,30,0,0
BRDA:340,30,1,0
BRDA:344,31,0,0
BRDA:344,31,1,0
BRF:59
BRH:0
end_of_record
TN:
SF:src\ai\index.broken.js
FN:13,(anonymous_0)
FN:23,(anonymous_1)
FN:38,(anonymous_2)
FN:49,(anonymous_3)
FN:54,(anonymous_4)
FN:64,(anonymous_5)
FN:68,(anonymous_6)
FN:78,(anonymous_7)
FN:99,(anonymous_8)
FN:111,(anonymous_9)
FN:126,(anonymous_10)
FN:141,(anonymous_11)
FN:148,(anonymous_12)
FN:152,(anonymous_13)
FN:158,(anonymous_14)
FN:179,(anonymous_15)
FN:189,(anonymous_16)
FN:226,(anonymous_17)
FN:228,(anonymous_18)
FN:231,(anonymous_19)
FN:237,(anonymous_20)
FN:239,(anonymous_21)
FN:242,(anonymous_22)
FN:248,(anonymous_23)
FN:250,(anonymous_24)
FN:253,(anonymous_25)
FN:259,(anonymous_26)
FN:261,(anonymous_27)
FN:264,(anonymous_28)
FN:273,(anonymous_29)
FN:288,(anonymous_30)
FN:310,(anonymous_31)
FN:320,(anonymous_32)
FN:346,(anonymous_33)
FN:350,(anonymous_34)
FN:352,(anonymous_35)
FN:363,(anonymous_36)
FN:389,(anonymous_37)
FN:425,(anonymous_38)
FN:429,(anonymous_39)
FN:436,(anonymous_40)
FN:444,(anonymous_41)
FN:449,(anonymous_42)
FN:450,(anonymous_43)
FN:452,(anonymous_44)
FN:454,(anonymous_45)
FNF:46
FNH:0
FNDA:0,(anonymous_0)
FNDA:0,(anonymous_1)
FNDA:0,(anonymous_2)
FNDA:0,(anonymous_3)
FNDA:0,(anonymous_4)
FNDA:0,(anonymous_5)
FNDA:0,(anonymous_6)
FNDA:0,(anonymous_7)
FNDA:0,(anonymous_8)
FNDA:0,(anonymous_9)
FNDA:0,(anonymous_10)
FNDA:0,(anonymous_11)
FNDA:0,(anonymous_12)
FNDA:0,(anonymous_13)
FNDA:0,(anonymous_14)
FNDA:0,(anonymous_15)
FNDA:0,(anonymous_16)
FNDA:0,(anonymous_17)
FNDA:0,(anonymous_18)
FNDA:0,(anonymous_19)
FNDA:0,(anonymous_20)
FNDA:0,(anonymous_21)
FNDA:0,(anonymous_22)
FNDA:0,(anonymous_23)
FNDA:0,(anonymous_24)
FNDA:0,(anonymous_25)
FNDA:0,(anonymous_26)
FNDA:0,(anonymous_27)
FNDA:0,(anonymous_28)
FNDA:0,(anonymous_29)
FNDA:0,(anonymous_30)
FNDA:0,(anonymous_31)
FNDA:0,(anonymous_32)
FNDA:0,(anonymous_33)
FNDA:0,(anonymous_34)
FNDA:0,(anonymous_35)
FNDA:0,(anonymous_36)
FNDA:0,(anonymous_37)
FNDA:0,(anonymous_38)
FNDA:0,(anonymous_39)
FNDA:0,(anonymous_40)
FNDA:0,(anonymous_41)
FNDA:0,(anonymous_42)
FNDA:0,(anonymous_43)
FNDA:0,(anonymous_44)
FNDA:0,(anonymous_45)
DA:6,0
DA:8,0
DA:14,0
DA:15,0
DA:20,0
DA:24,0
DA:25,0
DA:33,0
DA:34,0
DA:35,0
DA:39,0
DA:40,0
DA:41,0
DA:44,0
DA:45,0
DA:46,0
DA:49,0
DA:50,0
DA:51,0
DA:54,0
DA:55,0
DA:56,0
DA:57,0
DA:58,0
DA:61,0
DA:65,0
DA:69,0
DA:70,0
DA:71,0
DA:72,0
DA:73,0
DA:75,0
DA:79,0
DA:80,0
DA:81,0
DA:83,0
DA:84,0
DA:87,0
DA:88,0
DA:99,0
DA:100,0
DA:101,0
DA:104,0
DA:105,0
DA:112,0
DA:113,0
DA:121,0
DA:122,0
DA:123,0
DA:127,0
DA:136,0
DA:137,0
DA:138,0
DA:142,0
DA:143,0
DA:144,0
DA:148,0
DA:152,0
DA:154,0
DA:155,0
DA:159,0
DA:160,0
DA:162,0
DA:169,0
DA:180,0
DA:181,0
DA:186,0
DA:190,0
DA:193,0
DA:194,0
DA:195,0
DA:196,0
DA:198,0
DA:201,0
DA:205,0
DA:207,0
DA:208,0
DA:210,0
DA:211,0
DA:213,0
DA:214,0
DA:216,0
DA:217,0
DA:219,0
DA:222,0
DA:223,0
DA:228,0
DA:229,0
DA:231,0
DA:239,0
DA:240,0
DA:242,0
DA:250,0
DA:251,0
DA:253,0
DA:261,0
DA:262,0
DA:264,0
DA:274,0
DA:275,0
DA:283,0
DA:284,0
DA:285,0
DA:289,0
DA:290,0
DA:305,0
DA:306,0
DA:307,0
DA:311,0
DA:312,0
DA:313,0
DA:316,0
DA:319,0
DA:320,0
DA:322,0
DA:324,0
DA:325,0
DA:340,0
DA:345,0
DA:346,0
DA:350,0
DA:352,0
DA:361,0
DA:363,0
DA:369,0
DA:370,0
DA:372,0
DA:380,0
DA:390,0
DA:391,0
DA:392,0
DA:396,0
DA:397,0
DA:399,0
DA:400,0
DA:403,0
DA:404,0
DA:420,0
DA:421,0
DA:422,0
DA:426,0
DA:430,0
DA:431,0
DA:432,0
DA:435,0
DA:436,0
DA:438,0
DA:444,0
DA:449,0
DA:450,0
DA:452,0
DA:454,0
DA:467,0
LF:153
LH:0
BRDA:13,0,0,0
BRDA:16,1,0,0
BRDA:16,1,1,0
BRDA:17,2,0,0
BRDA:17,2,1,0
BRDA:18,3,0,0
BRDA:18,3,1,0
BRDA:23,4,0,0
BRDA:38,5,0,0
BRDA:38,6,0,0
BRDA:40,7,0,0
BRDA:40,7,1,0
BRDA:70,8,0,0
BRDA:70,8,1,0
BRDA:70,9,0,0
BRDA:70,9,1,0
BRDA:78,10,0,0
BRDA:80,11,0,0
BRDA:80,11,1,0
BRDA:83,12,0,0
BRDA:83,12,1,0
BRDA:92,13,0,0
BRDA:92,13,1,0
BRDA:111,14,0,0
BRDA:115,15,0,0
BRDA:115,15,1,0
BRDA:116,16,0,0
BRDA:116,16,1,0
BRDA:117,17,0,0
BRDA:117,17,1,0
BRDA:126,18,0,0
BRDA:129,19,0,0
BRDA:129,19,1,0
BRDA:141,20,0,0
BRDA:143,21,0,0
BRDA:143,21,1,0
BRDA:158,22,0,0
BRDA:179,23,0,0
BRDA:183,24,0,0
BRDA:183,24,1,0
BRDA:189,25,0,0
BRDA:194,26,0,0
BRDA:194,26,1,0
BRDA:194,27,0,0
BRDA:194,27,1,0
BRDA:196,28,0,0
BRDA:196,28,1,0
BRDA:205,29,0,0
BRDA:205,29,1,0
BRDA:205,29,2,0
BRDA:205,29,3,0
BRDA:205,29,4,0
BRDA:273,30,0,0
BRDA:276,31,0,0
BRDA:276,31,1,0
BRDA:277,32,0,0
BRDA:277,32,1,0
BRDA:278,33,0,0
BRDA:278,33,1,0
BRDA:279,34,0,0
BRDA:279,34,1,0
BRDA:280,35,0,0
BRDA:280,35,1,0
BRDA:288,36,0,0
BRDA:296,37,0,0
BRDA:296,37,1,0
BRDA:297,38,0,0
BRDA:297,38,1,0
BRDA:298,39,0,0
BRDA:298,39,1,0
BRDA:299,40,0,0
BRDA:299,40,1,0
BRDA:312,41,0,0
BRDA:312,41,1,0
BRDA:320,42,0,0
BRDA:320,42,1,0
BRDA:322,43,0,0
BRDA:322,43,1,0
BRDA:346,44,0,0
BRDA:346,44,1,0
BRDA:391,45,0,0
BRDA:391,45,1,0
BRDA:396,46,0,0
BRDA:396,46,1,0
BRDA:399,47,0,0
BRDA:399,47,1,0
BRDA:409,48,0,0
BRDA:409,48,1,0
BRDA:410,49,0,0
BRDA:410,49,1,0
BRDA:411,50,0,0
BRDA:411,50,1,0
BRDA:431,51,0,0
BRDA:431,51,1,0
BRDA:448,52,0,0
BRDA:448,52,1,0
BRDA:451,53,0,0
BRDA:451,53,1,0
BRF:98
BRH:0
end_of_record
TN:
SF:src\ai\index.js
FN:16,(anonymous_0)
FN:20,(anonymous_1)
FN:27,(anonymous_2)
FN:34,(anonymous_3)
FN:41,(anonymous_4)
FN:48,(anonymous_5)
FN:52,(anonymous_6)
FNF:7
FNH:0
FNDA:0,(anonymous_0)
FNDA:0,(anonymous_1)
FNDA:0,(anonymous_2)
FNDA:0,(anonymous_3)
FNDA:0,(anonymous_4)
FNDA:0,(anonymous_5)
FNDA:0,(anonymous_6)
DA:6,0
DA:7,0
DA:8,0
DA:9,0
DA:10,0
DA:17,0
DA:21,0
DA:22,0
DA:23,0
DA:24,0
DA:28,0
DA:29,0
DA:30,0
DA:31,0
DA:35,0
DA:36,0
DA:37,0
DA:38,0
DA:42,0
DA:43,0
DA:44,0
DA:45,0
DA:49,0
DA:53,0
DA:58,0
LF:25
LH:0
BRDA:20,0,0,0
BRDA:27,1,0,0
BRDA:34,2,0,0
BRDA:41,3,0,0
BRF:4
BRH:0
end_of_record
TN:
SF:src\ai\model-training-new.js
FN:19,(anonymous_0)
FN:40,(anonymous_1)
FN:59,(anonymous_2)
FN:75,(anonymous_3)
FN:79,(anonymous_4)
FN:94,(anonymous_5)
FN:100,(anonymous_6)
FN:112,(anonymous_7)
FN:116,(anonymous_8)
FN:120,(anonymous_9)
FN:121,(anonymous_10)
FN:127,(anonymous_11)
FN:140,(anonymous_12)
FN:148,(anonymous_13)
FN:163,(anonymous_14)
FN:170,(anonymous_15)
FN:183,(anonymous_16)
FN:187,(anonymous_17)
FN:202,(anonymous_18)
FN:215,(anonymous_19)
FN:226,(anonymous_20)
FN:234,(anonymous_21)
FN:245,(anonymous_22)
FN:247,(anonymous_23)
FN:247,(anonymous_24)
FN:255,(anonymous_25)
FN:266,(anonymous_26)
FN:274,(anonymous_27)
FN:285,(anonymous_28)
FNF:29
FNH:0
FNDA:0,(anonymous_0)
FNDA:0,(anonymous_1)
FNDA:0,(anonymous_2)
FNDA:0,(anonymous_3)
FNDA:0,(anonymous_4)
FNDA:0,(anonymous_5)
FNDA:0,(anonymous_6)
FNDA:0,(anonymous_7)
FNDA:0,(anonymous_8)
FNDA:0,(anonymous_9)
FNDA:0,(anonymous_10)
FNDA:0,(anonymous_11)
FNDA:0,(anonymous_12)
FNDA:0,(anonymous_13)
FNDA:0,(anonymous_14)
FNDA:0,(anonymous_15)
FNDA:0,(anonymous_16)
FNDA:0,(anonymous_17)
FNDA:0,(anonymous_18)
FNDA:0,(anonymous_19)
FNDA:0,(anonymous_20)
FNDA:0,(anonymous_21)
FNDA:0,(anonymous_22)
FNDA:0,(anonymous_23)
FNDA:0,(anonymous_24)
FNDA:0,(anonymous_25)
FNDA:0,(anonymous_26)
FNDA:0,(anonymous_27)
FNDA:0,(anonymous_28)
DA:6,0
DA:8,0
DA:10,0
DA:12,0
DA:20,0
DA:22,0
DA:36,0
DA:37,0
DA:41,0
DA:42,0
DA:50,0
DA:51,0
DA:53,0
DA:55,0
DA:56,0
DA:57,0
DA:58,0
DA:59,0
DA:62,0
DA:63,0
DA:64,0
DA:66,0
DA:68,0
DA:69,0
DA:70,0
DA:71,0
DA:76,0
DA:80,0
DA:81,0
DA:82,0
DA:83,0
DA:84,0
DA:86,0
DA:95,0
DA:96,0
DA:97,0
DA:101,0
DA:102,0
DA:108,0
DA:109,0
DA:113,0
DA:117,0
DA:121,0
DA:128,0
DA:129,0
DA:130,0
DA:132,0
DA:141,0
DA:150,0
DA:155,0
DA:156,0
DA:157,0
DA:160,0
DA:164,0
DA:165,0
DA:166,0
DA:171,0
DA:172,0
DA:173,0
DA:175,0
DA:184,0
DA:189,0
DA:199,0
DA:203,0
DA:204,0
DA:205,0
DA:207,0
DA:216,0
DA:217,0
DA:218,0
DA:227,0
DA:229,0
DA:231,0
DA:232,0
DA:233,0
DA:234,0
DA:237,0
DA:238,0
DA:240,0
DA:241,0
DA:247,0
DA:256,0
DA:257,0
DA:258,0
DA:267,0
DA:269,0
DA:271,0
DA:272,0
DA:273,0
DA:274,0
DA:277,0
DA:278,0
DA:280,0
DA:281,0
DA:287,0
DA:288,0
DA:292,0
LF:97
LH:0
BRDA:19,0,0,0
BRDA:24,1,0,0
BRDA:24,1,1,0
BRDA:25,2,0,0
BRDA:25,2,1,0
BRDA:26,3,0,0
BRDA:26,3,1,0
BRDA:27,4,0,0
BRDA:27,4,1,0
BRDA:30,5,0,0
BRDA:30,5,1,0
BRDA:31,6,0,0
BRDA:31,6,1,0
BRDA:32,7,0,0
BRDA:32,7,1,0
BRDA:40,8,0,0
BRDA:81,9,0,0
BRDA:81,9,1,0
BRDA:81,10,0,0
BRDA:81,10,1,0
BRDA:100,11,0,0
BRDA:105,12,0,0
BRDA:105,12,1,0
BRDA:128,13,0,0
BRDA:128,13,1,0
BRDA:129,14,0,0
BRDA:129,14,1,0
BRDA:140,15,0,0
BRDA:142,16,0,0
BRDA:142,16,1,0
BRDA:144,17,0,0
BRDA:144,17,1,0
BRDA:155,18,0,0
BRDA:155,18,1,0
BRDA:183,19,0,0
BRDA:184,20,0,0
BRDA:184,20,1,0
BRDA:215,21,0,0
BRDA:219,22,0,0
BRDA:219,22,1,0
BRDA:220,23,0,0
BRDA:220,23,1,0
BRDA:221,24,0,0
BRDA:221,24,1,0
BRDA:255,25,0,0
BRDA:259,26,0,0
BRDA:259,26,1,0
BRDA:260,27,0,0
BRDA:260,27,1,0
BRDA:261,28,0,0
BRDA:261,28,1,0
BRDA:285,29,0,0
BRDA:287,30,0,0
BRDA:287,30,1,0
BRF:54
BRH:0
end_of_record
TN:
SF:src\ai\model-training.backup.js
FN:19,(anonymous_0)
FN:71,(anonymous_1)
FN:171,(anonymous_2)
FN:271,(anonymous_3)
FN:286,(anonymous_4)
FN:288,(anonymous_5)
FN:289,(anonymous_6)
FN:292,(anonymous_7)
FN:301,(anonymous_8)
FN:320,(anonymous_9)
FN:335,(anonymous_10)
FN:351,(anonymous_11)
FN:383,(anonymous_12)
FN:421,(anonymous_13)
FN:437,(anonymous_14)
FN:442,(anonymous_15)
FN:458,(anonymous_16)
FN:462,(anonymous_17)
FN:464,(anonymous_18)
FN:469,(anonymous_19)
FN:473,(anonymous_20)
FN:491,(anonymous_21)
FN:511,(anonymous_22)
FN:515,(anonymous_23)
FN:527,(anonymous_24)
FN:541,(anonymous_25)
FN:548,(anonymous_26)
FNF:27
FNH:0
FNDA:0,(anonymous_0)
FNDA:0,(anonymous_1)
FNDA:0,(anonymous_2)
FNDA:0,(anonymous_3)
FNDA:0,(anonymous_4)
FNDA:0,(anonymous_5)
FNDA:0,(anonymous_6)
FNDA:0,(anonymous_7)
FNDA:0,(anonymous_8)
FNDA:0,(anonymous_9)
FNDA:0,(anonymous_10)
FNDA:0,(anonymous_11)
FNDA:0,(anonymous_12)
FNDA:0,(anonymous_13)
FNDA:0,(anonymous_14)
FNDA:0,(anonymous_15)
FNDA:0,(anonymous_16)
FNDA:0,(anonymous_17)
FNDA:0,(anonymous_18)
FNDA:0,(anonymous_19)
FNDA:0,(anonymous_20)
FNDA:0,(anonymous_21)
FNDA:0,(anonymous_22)
FNDA:0,(anonymous_23)
FNDA:0,(anonymous_24)
FNDA:0,(anonymous_25)
FNDA:0,(anonymous_26)
DA:6,0
DA:8,0
DA:10,0
DA:12,0
DA:20,0
DA:22,0
DA:62,0
DA:63,0
DA:64,0
DA:65,0
DA:72,0
DA:74,0
DA:96,0
DA:98,0
DA:99,0
DA:102,0
DA:103,0
DA:109,0
DA:110,0
DA:113,0
DA:114,0
DA:117,0
DA:118,0
DA:121,0
DA:122,0
DA:128,0
DA:129,0
DA:130,0
DA:144,0
DA:145,0
DA:146,0
DA:147,0
DA:149,0
DA:151,0
DA:159,0
DA:160,0
DA:161,0
DA:163,0
DA:164,0
DA:172,0
DA:174,0
DA:196,0
DA:198,0
DA:199,0
DA:202,0
DA:203,0
DA:209,0
DA:210,0
DA:213,0
DA:214,0
DA:217,0
DA:218,0
DA:221,0
DA:222,0
DA:228,0
DA:229,0
DA:230,0
DA:244,0
DA:245,0
DA:246,0
DA:247,0
DA:249,0
DA:251,0
DA:259,0
DA:260,0
DA:261,0
DA:263,0
DA:264,0
DA:272,0
DA:273,0
DA:274,0
DA:277,0
DA:287,0
DA:288,0
DA:289,0
DA:291,0
DA:292,0
DA:295,0
DA:302,0
DA:303,0
DA:304,0
DA:307,0
DA:308,0
DA:311,0
DA:312,0
DA:314,0
DA:316,0
DA:322,0
DA:337,0
DA:352,0
DA:353,0
DA:355,0
DA:356,0
DA:357,0
DA:360,0
DA:362,0
DA:363,0
DA:364,0
DA:365,0
DA:368,0
DA:371,0
DA:372,0
DA:383,0
DA:387,0
DA:388,0
DA:391,0
DA:392,0
DA:394,0
DA:395,0
DA:396,0
DA:397,0
DA:398,0
DA:399,0
DA:402,0
DA:422,0
DA:423,0
DA:425,0
DA:426,0
DA:432,0
DA:438,0
DA:439,0
DA:443,0
DA:445,0
DA:453,0
DA:455,0
DA:459,0
DA:463,0
DA:464,0
DA:470,0
DA:475,0
DA:493,0
DA:512,0
DA:517,0
DA:529,0
DA:542,0
DA:543,0
DA:549,0
DA:550,0
DA:554,0
LF:139
LH:0
BRDA:19,0,0,0
BRDA:24,1,0,0
BRDA:24,1,1,0
BRDA:25,2,0,0
BRDA:25,2,1,0
BRDA:26,3,0,0
BRDA:26,3,1,0
BRDA:27,4,0,0
BRDA:27,4,1,0
BRDA:28,5,0,0
BRDA:28,5,1,0
BRDA:29,6,0,0
BRDA:29,6,1,0
BRDA:54,7,0,0
BRDA:54,7,1,0
BRDA:55,8,0,0
BRDA:55,8,1,0
BRDA:56,9,0,0
BRDA:56,9,1,0
BRDA:57,10,0,0
BRDA:57,10,1,0
BRDA:80,11,0,0
BRDA:80,11,1,0
BRDA:81,12,0,0
BRDA:81,12,1,0
BRDA:180,13,0,0
BRDA:180,13,1,0
BRDA:181,14,0,0
BRDA:181,14,1,0
BRDA:273,15,0,0
BRDA:273,15,1,0
BRDA:279,16,0,0
BRDA:279,16,1,0
BRDA:286,17,0,0
BRDA:291,18,0,0
BRDA:291,18,1,0
BRDA:295,19,0,0
BRDA:295,19,1,0
BRDA:303,20,0,0
BRDA:303,20,1,0
BRDA:307,21,0,0
BRDA:307,21,1,0
BRDA:307,22,0,0
BRDA:307,22,1,0
BRDA:326,23,0,0
BRDA:326,23,1,0
BRDA:329,24,0,0
BRDA:329,24,1,0
BRDA:341,25,0,0
BRDA:341,25,1,0
BRDA:342,26,0,0
BRDA:342,26,1,0
BRDA:343,27,0,0
BRDA:343,27,1,0
BRDA:344,28,0,0
BRDA:344,28,1,0
BRDA:345,29,0,0
BRDA:345,29,1,0
BRDA:371,30,0,0
BRDA:371,30,1,0
BRDA:394,31,0,0
BRDA:394,31,1,0
BRDA:397,32,0,0
BRDA:397,32,1,0
BRDA:408,33,0,0
BRDA:408,33,1,0
BRDA:412,34,0,0
BRDA:412,34,1,0
BRDA:477,35,0,0
BRDA:477,35,1,0
BRDA:478,36,0,0
BRDA:478,36,1,0
BRDA:479,37,0,0
BRDA:479,37,1,0
BRDA:482,38,0,0
BRDA:482,38,1,0
BRDA:483,39,0,0
BRDA:483,39,1,0
BRDA:484,40,0,0
BRDA:484,40,1,0
BRDA:486,41,0,0
BRDA:486,41,1,0
BRDA:486,42,0,0
BRDA:486,42,1,0
BRDA:495,43,0,0
BRDA:495,43,1,0
BRDA:496,44,0,0
BRDA:496,44,1,0
BRDA:497,45,0,0
BRDA:497,45,1,0
BRDA:500,46,0,0
BRDA:500,46,1,0
BRDA:501,47,0,0
BRDA:501,47,1,0
BRDA:502,48,0,0
BRDA:502,48,1,0
BRDA:504,49,0,0
BRDA:504,49,1,0
BRDA:504,50,0,0
BRDA:504,50,1,0
BRF:100
BRH:0
end_of_record
TN:
SF:src\ai\model-training.js
FN:15,(anonymous_0)
FN:25,(anonymous_1)
FN:40,(anonymous_2)
FN:51,(anonymous_3)
FN:56,(anonymous_4)
FN:66,(anonymous_5)
FN:70,(anonymous_6)
FN:85,(anonymous_7)
FN:90,(anonymous_8)
FN:96,(anonymous_9)
FN:100,(anonymous_10)
FN:109,(anonymous_11)
FN:116,(anonymous_12)
FN:124,(anonymous_13)
FN:137,(anonymous_14)
FN:141,(anonymous_15)
FN:155,(anonymous_16)
FN:161,(anonymous_17)
FN:164,(anonymous_18)
FN:169,(anonymous_19)
FN:170,(anonymous_20)
FN:170,(anonymous_21)
FN:178,(anonymous_22)
FN:184,(anonymous_23)
FN:187,(anonymous_24)
FN:192,(anonymous_25)
FNF:26
FNH:0
FNDA:0,(anonymous_0)
FNDA:0,(anonymous_1)
FNDA:0,(anonymous_2)
FNDA:0,(anonymous_3)
FNDA:0,(anonymous_4)
FNDA:0,(anonymous_5)
FNDA:0,(anonymous_6)
FNDA:0,(anonymous_7)
FNDA:0,(anonymous_8)
FNDA:0,(anonymous_9)
FNDA:0,(anonymous_10)
FNDA:0,(anonymous_11)
FNDA:0,(anonymous_12)
FNDA:0,(anonymous_13)
FNDA:0,(anonymous_14)
FNDA:0,(anonymous_15)
FNDA:0,(anonymous_16)
FNDA:0,(anonymous_17)
FNDA:0,(anonymous_18)
FNDA:0,(anonymous_19)
FNDA:0,(anonymous_20)
FNDA:0,(anonymous_21)
FNDA:0,(anonymous_22)
FNDA:0,(anonymous_23)
FNDA:0,(anonymous_24)
FNDA:0,(anonymous_25)
DA:6,0
DA:8,0
DA:16,0
DA:17,0
DA:22,0
DA:26,0
DA:27,0
DA:35,0
DA:36,0
DA:37,0
DA:41,0
DA:42,0
DA:43,0
DA:46,0
DA:47,0
DA:48,0
DA:51,0
DA:52,0
DA:53,0
DA:56,0
DA:57,0
DA:58,0
DA:59,0
DA:60,0
DA:63,0
DA:67,0
DA:71,0
DA:72,0
DA:73,0
DA:74,0
DA:75,0
DA:77,0
DA:86,0
DA:87,0
DA:91,0
DA:92,0
DA:93,0
DA:97,0
DA:101,0
DA:110,0
DA:117,0
DA:118,0
DA:125,0
DA:126,0
DA:127,0
DA:129,0
DA:138,0
DA:142,0
DA:156,0
DA:157,0
DA:158,0
DA:162,0
DA:164,0
DA:165,0
DA:166,0
DA:170,0
DA:179,0
DA:180,0
DA:181,0
DA:185,0
DA:187,0
DA:188,0
DA:189,0
DA:193,0
DA:198,0
LF:65
LH:0
BRDA:15,0,0,0
BRDA:18,1,0,0
BRDA:18,1,1,0
BRDA:19,2,0,0
BRDA:19,2,1,0
BRDA:20,3,0,0
BRDA:20,3,1,0
BRDA:25,4,0,0
BRDA:40,5,0,0
BRDA:40,6,0,0
BRDA:42,7,0,0
BRDA:42,7,1,0
BRDA:72,8,0,0
BRDA:72,8,1,0
BRDA:72,9,0,0
BRDA:72,9,1,0
BRDA:90,10,0,0
BRDA:109,11,0,0
BRDA:111,12,0,0
BRDA:111,12,1,0
BRDA:112,13,0,0
BRDA:112,13,1,0
BRDA:137,14,0,0
BRDA:138,15,0,0
BRDA:138,15,1,0
BRDA:155,16,0,0
BRDA:158,17,0,0
BRDA:158,17,1,0
BRDA:178,18,0,0
BRDA:181,19,0,0
BRDA:181,19,1,0
BRDA:192,20,0,0
BRDA:193,21,0,0
BRDA:193,21,1,0
BRF:34
BRH:0
end_of_record
TN:
SF:src\ai\module-template.js
FN:11,(anonymous_0)
FN:16,(anonymous_1)
FNF:2
FNH:0
FNDA:0,(anonymous_0)
FNDA:0,(anonymous_1)
DA:6,0
DA:12,0
DA:13,0
DA:17,0
DA:23,0
DA:38,0
LF:6
LH:0
BRDA:11,0,0,0
BRF:1
BRH:0
end_of_record
TN:
SF:src\ai\multimodal-processing.js
FN:12,(anonymous_0)
FN:93,(anonymous_1)
FN:169,(anonymous_2)
FN:221,(anonymous_3)
FN:252,(anonymous_4)
FN:280,(anonymous_5)
FN:284,(anonymous_6)
FN:323,(anonymous_7)
FN:349,(anonymous_8)
FN:350,(anonymous_9)
FN:379,(anonymous_10)
FN:380,(anonymous_11)
FN:383,(anonymous_12)
FN:398,(anonymous_13)
FN:420,(anonymous_14)
FN:452,(anonymous_15)
FN:460,(anonymous_16)
FN:464,(anonymous_17)
FN:484,(anonymous_18)
FN:488,(anonymous_19)
FN:489,(anonymous_20)
FN:494,(anonymous_21)
FN:498,(anonymous_22)
FN:519,(anonymous_23)
FN:523,(anonymous_24)
FN:524,(anonymous_25)
FN:529,(anonymous_26)
FN:533,(anonymous_27)
FN:560,(anonymous_28)
FN:564,(anonymous_29)
FN:565,(anonymous_30)
FN:570,(anonymous_31)
FN:574,(anonymous_32)
FN:593,(anonymous_33)
FN:597,(anonymous_34)
FN:598,(anonymous_35)
FN:603,(anonymous_36)
FN:607,(anonymous_37)
FN:634,(anonymous_38)
FN:638,(anonymous_39)
FN:650,(anonymous_40)
FN:660,(anonymous_41)
FN:671,(anonymous_42)
FN:685,(anonymous_43)
FN:690,(anonymous_44)
FN:697,(anonymous_45)
FN:706,(anonymous_46)
FN:719,(anonymous_47)
FN:723,(anonymous_48)
FN:745,(anonymous_49)
FN:748,(anonymous_50)
FNF:51
FNH:0
FNDA:0,(anonymous_0)
FNDA:0,(anonymous_1)
FNDA:0,(anonymous_2)
FNDA:0,(anonymous_3)
FNDA:0,(anonymous_4)
FNDA:0,(anonymous_5)
FNDA:0,(anonymous_6)
FNDA:0,(anonymous_7)
FNDA:0,(anonymous_8)
FNDA:0,(anonymous_9)
FNDA:0,(anonymous_10)
FNDA:0,(anonymous_11)
FNDA:0,(anonymous_12)
FNDA:0,(anonymous_13)
FNDA:0,(anonymous_14)
FNDA:0,(anonymous_15)
FNDA:0,(anonymous_16)
FNDA:0,(anonymous_17)
FNDA:0,(anonymous_18)
FNDA:0,(anonymous_19)
FNDA:0,(anonymous_20)
FNDA:0,(anonymous_21)
FNDA:0,(anonymous_22)
FNDA:0,(anonymous_23)
FNDA:0,(anonymous_24)
FNDA:0,(anonymous_25)
FNDA:0,(anonymous_26)
FNDA:0,(anonymous_27)
FNDA:0,(anonymous_28)
FNDA:0,(anonymous_29)
FNDA:0,(anonymous_30)
FNDA:0,(anonymous_31)
FNDA:0,(anonymous_32)
FNDA:0,(anonymous_33)
FNDA:0,(anonymous_34)
FNDA:0,(anonymous_35)
FNDA:0,(anonymous_36)
FNDA:0,(anonymous_37)
FNDA:0,(anonymous_38)
FNDA:0,(anonymous_39)
FNDA:0,(anonymous_40)
FNDA:0,(anonymous_41)
FNDA:0,(anonymous_42)
FNDA:0,(anonymous_43)
FNDA:0,(anonymous_44)
FNDA:0,(anonymous_45)
FNDA:0,(anonymous_46)
FNDA:0,(anonymous_47)
FNDA:0,(anonymous_48)
FNDA:0,(anonymous_49)
FNDA:0,(anonymous_50)
DA:6,0
DA:8,0
DA:13,0
DA:15,0
DA:75,0
DA:82,0
DA:83,0
DA:84,0
DA:86,0
DA:87,0
DA:94,0
DA:96,0
DA:97,0
DA:110,0
DA:113,0
DA:116,0
DA:117,0
DA:118,0
DA:120,0
DA:121,0
DA:123,0
DA:132,0
DA:137,0
DA:141,0
DA:144,0
DA:145,0
DA:147,0
DA:154,0
DA:157,0
DA:162,0
DA:170,0
DA:172,0
DA:174,0
DA:177,0
DA:185,0
DA:191,0
DA:198,0
DA:209,0
DA:214,0
DA:222,0
DA:223,0
DA:224,0
DA:225,0
DA:228,0
DA:231,0
DA:232,0
DA:240,0
DA:246,0
DA:253,0
DA:254,0
DA:255,0
DA:258,0
DA:261,0
DA:262,0
DA:263,0
DA:266,0
DA:271,0
DA:272,0
DA:280,0
DA:285,0
DA:287,0
DA:288,0
DA:289,0
DA:290,0
DA:291,0
DA:292,0
DA:293,0
DA:294,0
DA:295,0
DA:296,0
DA:297,0
DA:302,0
DA:303,0
DA:304,0
DA:305,0
DA:306,0
DA:307,0
DA:308,0
DA:309,0
DA:314,0
DA:315,0
DA:316,0
DA:320,0
DA:324,0
DA:331,0
DA:332,0
DA:335,0
DA:336,0
DA:339,0
DA:340,0
DA:344,0
DA:346,0
DA:350,0
DA:352,0
DA:353,0
DA:354,0
DA:356,0
DA:357,0
DA:358,0
DA:363,0
DA:364,0
DA:365,0
DA:366,0
DA:370,0
DA:372,0
DA:379,0
DA:380,0
DA:384,0
DA:386,0
DA:388,0
DA:390,0
DA:392,0
DA:394,0
DA:399,0
DA:401,0
DA:402,0
DA:405,0
DA:406,0
DA:409,0
DA:410,0
DA:413,0
DA:414,0
DA:417,0
DA:421,0
DA:422,0
DA:423,0
DA:426,0
DA:427,0
DA:428,0
DA:432,0
DA:433,0
DA:434,0
DA:439,0
DA:444,0
DA:454,0
DA:461,0
DA:466,0
DA:485,0
DA:489,0
DA:495,0
DA:500,0
DA:520,0
DA:524,0
DA:530,0
DA:535,0
DA:561,0
DA:565,0
DA:571,0
DA:576,0
DA:594,0
DA:598,0
DA:604,0
DA:609,0
DA:610,0
DA:612,0
DA:613,0
DA:614,0
DA:616,0
DA:617,0
DA:619,0
DA:623,0
DA:624,0
DA:625,0
DA:629,0
DA:635,0
DA:640,0
DA:651,0
DA:652,0
DA:653,0
DA:654,0
DA:655,0
DA:656,0
DA:657,0
DA:661,0
DA:662,0
DA:664,0
DA:665,0
DA:668,0
DA:672,0
DA:673,0
DA:675,0
DA:676,0
DA:677,0
DA:678,0
DA:682,0
DA:686,0
DA:688,0
DA:689,0
DA:690,0
DA:694,0
DA:698,0
DA:707,0
DA:709,0
DA:710,0
DA:711,0
DA:712,0
DA:714,0
DA:720,0
DA:724,0
DA:727,0
DA:728,0
DA:730,0
DA:735,0
DA:736,0
DA:745,0
DA:750,0
DA:754,0
LF:207
LH:0
BRDA:12,0,0,0
BRDA:93,1,0,0
BRDA:105,2,0,0
BRDA:105,2,1,0
BRDA:117,3,0,0
BRDA:117,3,1,0
BRDA:117,4,0,0
BRDA:117,4,1,0
BRDA:126,5,0,0
BRDA:126,5,1,0
BRDA:169,6,0,0
BRDA:221,7,0,0
BRDA:222,8,0,0
BRDA:222,8,1,0
BRDA:224,9,0,0
BRDA:224,9,1,0
BRDA:252,10,0,0
BRDA:254,11,0,0
BRDA:254,11,1,0
BRDA:262,12,0,0
BRDA:262,12,1,0
BRDA:262,13,0,0
BRDA:262,13,1,0
BRDA:271,14,0,0
BRDA:271,14,1,0
BRDA:271,15,0,0
BRDA:271,15,1,0
BRDA:287,16,0,0
BRDA:287,16,1,0
BRDA:288,17,0,0
BRDA:288,17,1,0
BRDA:289,18,0,0
BRDA:289,18,1,0
BRDA:291,19,0,0
BRDA:291,19,1,0
BRDA:293,20,0,0
BRDA:293,20,1,0
BRDA:296,21,0,0
BRDA:296,21,1,0
BRDA:302,22,0,0
BRDA:302,22,1,0
BRDA:302,23,0,0
BRDA:302,23,1,0
BRDA:303,24,0,0
BRDA:303,24,1,0
BRDA:303,25,0,0
BRDA:303,25,1,0
BRDA:304,26,0,0
BRDA:304,26,1,0
BRDA:305,27,0,0
BRDA:305,27,1,0
BRDA:305,28,0,0
BRDA:305,28,1,0
BRDA:306,29,0,0
BRDA:306,29,1,0
BRDA:307,30,0,0
BRDA:307,30,1,0
BRDA:307,31,0,0
BRDA:307,31,1,0
BRDA:308,32,0,0
BRDA:308,32,1,0
BRDA:309,33,0,0
BRDA:309,33,1,0
BRDA:314,34,0,0
BRDA:314,34,1,0
BRDA:314,35,0,0
BRDA:314,35,1,0
BRDA:314,35,2,0
BRDA:314,35,3,0
BRDA:315,36,0,0
BRDA:315,36,1,0
BRDA:331,37,0,0
BRDA:331,37,1,0
BRDA:335,38,0,0
BRDA:335,38,1,0
BRDA:339,39,0,0
BRDA:339,39,1,0
BRDA:357,40,0,0
BRDA:357,40,1,0
BRDA:363,41,0,0
BRDA:363,41,1,0
BRDA:370,42,0,0
BRDA:370,42,1,0
BRDA:384,43,0,0
BRDA:384,43,1,0
BRDA:384,43,2,0
BRDA:384,43,3,0
BRDA:384,43,4,0
BRDA:386,44,0,0
BRDA:386,44,1,0
BRDA:386,45,0,0
BRDA:386,45,1,0
BRDA:388,46,0,0
BRDA:388,46,1,0
BRDA:388,47,0,0
BRDA:388,47,1,0
BRDA:390,48,0,0
BRDA:390,48,1,0
BRDA:390,49,0,0
BRDA:390,49,1,0
BRDA:392,50,0,0
BRDA:392,50,1,0
BRDA:401,51,0,0
BRDA:401,51,1,0
BRDA:402,52,0,0
BRDA:402,52,1,0
BRDA:405,53,0,0
BRDA:405,53,1,0
BRDA:406,54,0,0
BRDA:406,54,1,0
BRDA:409,55,0,0
BRDA:409,55,1,0
BRDA:410,56,0,0
BRDA:410,56,1,0
BRDA:413,57,0,0
BRDA:413,57,1,0
BRDA:414,58,0,0
BRDA:414,58,1,0
BRDA:427,59,0,0
BRDA:427,59,1,0
BRDA:445,60,0,0
BRDA:445,60,1,0
BRDA:474,61,0,0
BRDA:474,61,1,0
BRDA:479,62,0,0
BRDA:479,62,1,0
BRDA:503,63,0,0
BRDA:503,63,1,0
BRDA:509,64,0,0
BRDA:509,64,1,0
BRDA:514,65,0,0
BRDA:514,65,1,0
BRDA:544,66,0,0
BRDA:544,66,1,0
BRDA:546,67,0,0
BRDA:546,67,1,0
BRDA:555,68,0,0
BRDA:555,68,1,0
BRDA:579,69,0,0
BRDA:579,69,1,0
BRDA:579,69,2,0
BRDA:584,70,0,0
BRDA:584,70,1,0
BRDA:588,71,0,0
BRDA:588,71,1,0
BRDA:613,72,0,0
BRDA:613,72,1,0
BRDA:614,73,0,0
BRDA:614,73,1,0
BRDA:623,74,0,0
BRDA:623,74,1,0
BRDA:652,75,0,0
BRDA:652,75,1,0
BRDA:653,76,0,0
BRDA:653,76,1,0
BRDA:654,77,0,0
BRDA:654,77,1,0
BRDA:654,78,0,0
BRDA:654,78,1,0
BRDA:655,79,0,0
BRDA:655,79,1,0
BRDA:656,80,0,0
BRDA:656,80,1,0
BRDA:664,81,0,0
BRDA:664,81,1,0
BRDA:665,82,0,0
BRDA:665,82,1,0
BRDA:676,83,0,0
BRDA:676,83,1,0
BRDA:682,84,0,0
BRDA:682,84,1,0
BRDA:689,85,0,0
BRDA:689,85,1,0
BRDA:701,86,0,0
BRDA:701,86,1,0
BRDA:702,87,0,0
BRDA:702,87,1,0
BRDA:709,88,0,0
BRDA:709,88,1,0
BRDA:710,89,0,0
BRDA:710,89,1,0
BRDA:711,90,0,0
BRDA:711,90,1,0
BRDA:712,91,0,0
BRDA:712,91,1,0
BRDA:728,92,0,0
BRDA:728,92,1,0
BRDA:735,93,0,0
BRDA:735,93,1,0
BRDA:735,94,0,0
BRDA:735,94,1,0
BRF:191
BRH:0
end_of_record
TN:
SF:src\ai\federation\federated-learning-coordinator.js
FN:10,(anonymous_0)
FN:25,(anonymous_1)
FN:51,(anonymous_2)
FN:90,(anonymous_3)
FN:122,(anonymous_4)
FN:146,(anonymous_5)
FN:164,(anonymous_6)
FN:173,(anonymous_7)
FN:198,(anonymous_8)
FN:211,(anonymous_9)
FN:233,(anonymous_10)
FN:241,(anonymous_11)
FN:246,(anonymous_12)
FN:279,(anonymous_13)
FN:287,(anonymous_14)
FN:288,(anonymous_15)
FN:297,(anonymous_16)
FN:305,(anonymous_17)
FNF:18
FNH:0
FNDA:0,(anonymous_0)
FNDA:0,(anonymous_1)
FNDA:0,(anonymous_2)
FNDA:0,(anonymous_3)
FNDA:0,(anonymous_4)
FNDA:0,(anonymous_5)
FNDA:0,(anonymous_6)
FNDA:0,(anonymous_7)
FNDA:0,(anonymous_8)
FNDA:0,(anonymous_9)
FNDA:0,(anonymous_10)
FNDA:0,(anonymous_11)
FNDA:0,(anonymous_12)
FNDA:0,(anonymous_13)
FNDA:0,(anonymous_14)
FNDA:0,(anonymous_15)
FNDA:0,(anonymous_16)
FNDA:0,(anonymous_17)
DA:6,0
DA:7,0
DA:11,0
DA:12,0
DA:20,0
DA:21,0
DA:22,0
DA:26,0
DA:27,0
DA:46,0
DA:47,0
DA:48,0
DA:52,0
DA:53,0
DA:54,0
DA:58,0
DA:59,0
DA:61,0
DA:62,0
DA:65,0
DA:66,0
DA:83,0
DA:84,0
DA:86,0
DA:87,0
DA:91,0
DA:92,0
DA:93,0
DA:96,0
DA:97,0
DA:100,0
DA:101,0
DA:103,0
DA:109,0
DA:110,0
DA:113,0
DA:116,0
DA:117,0
DA:118,0
DA:122,0
DA:125,0
DA:126,0
DA:129,0
DA:131,0
DA:138,0
DA:147,0
DA:148,0
DA:149,0
DA:152,0
DA:165,0
DA:166,0
DA:167,0
DA:170,0
DA:174,0
DA:175,0
DA:176,0
DA:180,0
DA:181,0
DA:182,0
DA:183,0
DA:185,0
DA:191,0
DA:199,0
DA:200,0
DA:201,0
DA:205,0
DA:211,0
DA:221,0
DA:223,0
DA:230,0
DA:234,0
DA:241,0
DA:242,0
DA:243,0
DA:246,0
DA:255,0
DA:258,0
DA:267,0
DA:269,0
DA:276,0
DA:280,0
DA:281,0
DA:282,0
DA:286,0
DA:287,0
DA:288,0
DA:290,0
DA:291,0
DA:294,0
DA:298,0
DA:299,0
DA:300,0
DA:303,0
DA:304,0
DA:305,0
DA:308,0
DA:310,0
DA:315,0
DA:319,0
LF:99
LH:0
BRDA:10,0,0,0
BRDA:13,1,0,0
BRDA:13,1,1,0
BRDA:14,2,0,0
BRDA:14,2,1,0
BRDA:15,3,0,0
BRDA:15,3,1,0
BRDA:16,4,0,0
BRDA:16,4,1,0
BRDA:17,5,0,0
BRDA:17,5,1,0
BRDA:25,6,0,0
BRDA:33,7,0,0
BRDA:33,7,1,0
BRDA:34,8,0,0
BRDA:34,8,1,0
BRDA:35,9,0,0
BRDA:35,9,1,0
BRDA:36,10,0,0
BRDA:36,10,1,0
BRDA:37,11,0,0
BRDA:37,11,1,0
BRDA:53,12,0,0
BRDA:53,12,1,0
BRDA:58,13,0,0
BRDA:58,13,1,0
BRDA:61,14,0,0
BRDA:61,14,1,0
BRDA:71,15,0,0
BRDA:71,15,1,0
BRDA:72,16,0,0
BRDA:72,16,1,0
BRDA:73,17,0,0
BRDA:73,17,1,0
BRDA:92,18,0,0
BRDA:92,18,1,0
BRDA:96,19,0,0
BRDA:96,19,1,0
BRDA:116,20,0,0
BRDA:116,20,1,0
BRDA:125,21,0,0
BRDA:125,21,1,0
BRDA:135,22,0,0
BRDA:135,22,1,0
BRDA:148,23,0,0
BRDA:148,23,1,0
BRDA:166,24,0,0
BRDA:166,24,1,0
BRDA:175,25,0,0
BRDA:175,25,1,0
BRDA:183,26,0,0
BRDA:183,26,1,0
BRDA:200,27,0,0
BRDA:200,27,1,0
BRDA:281,28,0,0
BRDA:281,28,1,0
BRDA:290,29,0,0
BRDA:290,29,1,0
BRDA:299,30,0,0
BRDA:299,30,1,0
BRDA:304,31,0,0
BRDA:304,31,1,0
BRF:62
BRH:0
end_of_record
TN:
SF:src\ai\multimodal\multi-modal-processor.js
FN:10,(anonymous_0)
FN:23,(anonymous_1)
FN:96,(anonymous_2)
FN:105,(anonymous_3)
FN:109,(anonymous_4)
FN:122,(anonymous_5)
FN:127,(anonymous_6)
FN:135,(anonymous_7)
FN:150,(anonymous_8)
FN:154,(anonymous_9)
FN:155,(anonymous_10)
FN:161,(anonymous_11)
FN:167,(anonymous_12)
FN:168,(anonymous_13)
FN:180,(anonymous_14)
FN:185,(anonymous_15)
FN:231,(anonymous_16)
FN:232,(anonymous_17)
FN:244,(anonymous_18)
FN:254,(anonymous_19)
FN:255,(anonymous_20)
FN:258,(anonymous_21)
FN:264,(anonymous_22)
FN:265,(anonymous_23)
FN:268,(anonymous_24)
FN:279,(anonymous_25)
FN:280,(anonymous_26)
FN:283,(anonymous_27)
FNF:28
FNH:0
FNDA:0,(anonymous_0)
FNDA:0,(anonymous_1)
FNDA:0,(anonymous_2)
FNDA:0,(anonymous_3)
FNDA:0,(anonymous_4)
FNDA:0,(anonymous_5)
FNDA:0,(anonymous_6)
FNDA:0,(anonymous_7)
FNDA:0,(anonymous_8)
FNDA:0,(anonymous_9)
FNDA:0,(anonymous_10)
FNDA:0,(anonymous_11)
FNDA:0,(anonymous_12)
FNDA:0,(anonymous_13)
FNDA:0,(anonymous_14)
FNDA:0,(anonymous_15)
FNDA:0,(anonymous_16)
FNDA:0,(anonymous_17)
FNDA:0,(anonymous_18)
FNDA:0,(anonymous_19)
FNDA:0,(anonymous_20)
FNDA:0,(anonymous_21)
FNDA:0,(anonymous_22)
FNDA:0,(anonymous_23)
FNDA:0,(anonymous_24)
FNDA:0,(anonymous_25)
FNDA:0,(anonymous_26)
FNDA:0,(anonymous_27)
DA:6,0
DA:7,0
DA:11,0
DA:12,0
DA:17,0
DA:18,0
DA:19,0
DA:24,0
DA:27,0
DA:28,0
DA:29,0
DA:30,0
DA:32,0
DA:33,0
DA:34,0
DA:35,0
DA:39,0
DA:43,0
DA:45,0
DA:46,0
DA:48,0
DA:49,0
DA:51,0
DA:52,0
DA:54,0
DA:55,0
DA:57,0
DA:61,0
DA:62,0
DA:63,0
DA:67,0
DA:88,0
DA:89,0
DA:91,0
DA:92,0
DA:97,0
DA:98,0
DA:100,0
DA:101,0
DA:105,0
DA:109,0
DA:112,0
DA:113,0
DA:122,0
DA:128,0
DA:131,0
DA:132,0
DA:134,0
DA:135,0
DA:136,0
DA:137,0
DA:138,0
DA:139,0
DA:143,0
DA:144,0
DA:148,0
DA:149,0
DA:150,0
DA:153,0
DA:154,0
DA:157,0
DA:159,0
DA:161,0
DA:167,0
DA:168,0
DA:171,0
DA:177,0
DA:182,0
DA:184,0
DA:185,0
DA:186,0
DA:187,0
DA:188,0
DA:192,0
DA:193,0
DA:196,0
DA:199,0
DA:204,0
DA:206,0
DA:207,0
DA:208,0
DA:209,0
DA:211,0
DA:212,0
DA:214,0
DA:215,0
DA:217,0
DA:218,0
DA:220,0
DA:224,0
DA:226,0
DA:228,0
DA:232,0
DA:235,0
DA:236,0
DA:237,0
DA:238,0
DA:239,0
DA:242,0
DA:244,0
DA:255,0
DA:256,0
DA:258,0
DA:265,0
DA:266,0
DA:268,0
DA:280,0
DA:281,0
DA:283,0
DA:297,0
LF:110
LH:0
BRDA:10,0,0,0
BRDA:14,1,0,0
BRDA:14,1,1,0
BRDA:23,2,0,0
BRDA:28,3,0,0
BRDA:28,3,1,0
BRDA:28,4,0,0
BRDA:28,4,1,0
BRDA:29,5,0,0
BRDA:29,5,1,0
BRDA:30,6,0,0
BRDA:30,6,1,0
BRDA:32,7,0,0
BRDA:32,7,1,0
BRDA:33,8,0,0
BRDA:33,8,1,0
BRDA:34,9,0,0
BRDA:34,9,1,0
BRDA:35,10,0,0
BRDA:35,10,1,0
BRDA:43,11,0,0
BRDA:43,11,1,0
BRDA:43,11,2,0
BRDA:43,11,3,0
BRDA:43,11,4,0
BRDA:61,12,0,0
BRDA:61,12,1,0
BRDA:83,13,0,0
BRDA:83,13,1,0
BRDA:96,14,0,0
BRDA:97,15,0,0
BRDA:97,15,1,0
BRDA:98,16,0,0
BRDA:98,16,1,0
BRDA:100,17,0,0
BRDA:100,17,1,0
BRDA:127,18,0,0
BRDA:128,19,0,0
BRDA:128,20,0,0
BRDA:136,21,0,0
BRDA:136,21,1,0
BRDA:143,22,0,0
BRDA:143,22,1,0
BRDA:186,23,0,0
BRDA:186,23,1,0
BRDA:192,24,0,0
BRDA:192,24,1,0
BRDA:204,25,0,0
BRDA:204,25,1,0
BRDA:204,25,2,0
BRDA:204,25,3,0
BRDA:204,25,4,0
BRDA:206,26,0,0
BRDA:206,26,1,0
BRDA:206,27,0,0
BRDA:206,27,1,0
BRDA:206,27,2,0
BRDA:236,28,0,0
BRDA:236,28,1,0
BRDA:238,29,0,0
BRDA:238,29,1,0
BRDA:238,30,0,0
BRDA:238,30,1,0
BRDA:239,31,0,0
BRDA:239,31,1,0
BRDA:239,31,2,0
BRDA:270,32,0,0
BRDA:270,32,1,0
BRDA:273,33,0,0
BRDA:273,33,1,0
BRDA:273,33,2,0
BRDA:285,34,0,0
BRDA:285,34,1,0
BRDA:290,35,0,0
BRDA:290,35,1,0
BRF:75
BRH:0
end_of_record
TN:
SF:src\ai\retrieval\adaptive-retrieval-engine.js
FN:10,(anonymous_0)
FN:25,(anonymous_1)
FN:48,(anonymous_2)
FN:56,(anonymous_3)
FN:65,(anonymous_4)
FN:78,(anonymous_5)
FN:85,(anonymous_6)
FN:91,(anonymous_7)
FN:121,(anonymous_8)
FN:148,(anonymous_9)
FN:153,(anonymous_10)
FN:158,(anonymous_11)
FN:171,(anonymous_12)
FN:175,(anonymous_13)
FN:179,(anonymous_14)
FN:207,(anonymous_15)
FN:214,(anonymous_16)
FN:218,(anonymous_17)
FN:224,(anonymous_18)
FN:231,(anonymous_19)
FN:242,(anonymous_20)
FN:261,(anonymous_21)
FN:273,(anonymous_22)
FN:284,(anonymous_23)
FN:302,(anonymous_24)
FN:311,(anonymous_25)
FN:315,(anonymous_26)
FN:334,(anonymous_27)
FN:337,(anonymous_28)
FNF:29
FNH:0
FNDA:0,(anonymous_0)
FNDA:0,(anonymous_1)
FNDA:0,(anonymous_2)
FNDA:0,(anonymous_3)
FNDA:0,(anonymous_4)
FNDA:0,(anonymous_5)
FNDA:0,(anonymous_6)
FNDA:0,(anonymous_7)
FNDA:0,(anonymous_8)
FNDA:0,(anonymous_9)
FNDA:0,(anonymous_10)
FNDA:0,(anonymous_11)
FNDA:0,(anonymous_12)
FNDA:0,(anonymous_13)
FNDA:0,(anonymous_14)
FNDA:0,(anonymous_15)
FNDA:0,(anonymous_16)
FNDA:0,(anonymous_17)
FNDA:0,(anonymous_18)
FNDA:0,(anonymous_19)
FNDA:0,(anonymous_20)
FNDA:0,(anonymous_21)
FNDA:0,(anonymous_22)
FNDA:0,(anonymous_23)
FNDA:0,(anonymous_24)
FNDA:0,(anonymous_25)
FNDA:0,(anonymous_26)
FNDA:0,(anonymous_27)
FNDA:0,(anonymous_28)
DA:6,0
DA:7,0
DA:11,0
DA:12,0
DA:20,0
DA:21,0
DA:22,0
DA:26,0
DA:43,0
DA:44,0
DA:45,0
DA:49,0
DA:50,0
DA:51,0
DA:53,0
DA:57,0
DA:58,0
DA:59,0
DA:62,0
DA:65,0
DA:78,0
DA:79,0
DA:80,0
DA:86,0
DA:91,0
DA:93,0
DA:109,0
DA:111,0
DA:118,0
DA:122,0
DA:123,0
DA:124,0
DA:128,0
DA:139,0
DA:142,0
DA:143,0
DA:147,0
DA:148,0
DA:149,0
DA:150,0
DA:151,0
DA:152,0
DA:153,0
DA:154,0
DA:157,0
DA:158,0
DA:159,0
DA:170,0
DA:171,0
DA:174,0
DA:175,0
DA:176,0
DA:178,0
DA:179,0
DA:180,0
DA:181,0
DA:190,0
DA:192,0
DA:199,0
DA:208,0
DA:209,0
DA:210,0
DA:214,0
DA:218,0
DA:220,0
DA:221,0
DA:225,0
DA:226,0
DA:227,0
DA:231,0
DA:232,0
DA:233,0
DA:241,0
DA:242,0
DA:243,0
DA:245,0
DA:246,0
DA:247,0
DA:252,0
DA:253,0
DA:254,0
DA:258,0
DA:259,0
DA:260,0
DA:261,0
DA:262,0
DA:263,0
DA:266,0
DA:268,0
DA:273,0
DA:275,0
DA:281,0
DA:285,0
DA:286,0
DA:288,0
DA:295,0
DA:303,0
DA:304,0
DA:305,0
DA:306,0
DA:307,0
DA:308,0
DA:312,0
DA:315,0
DA:316,0
DA:319,0
DA:322,0
DA:323,0
DA:324,0
DA:325,0
DA:329,0
DA:331,0
DA:336,0
DA:337,0
DA:339,0
DA:341,0
DA:342,0
DA:344,0
DA:349,0
LF:119
LH:0
BRDA:10,0,0,0
BRDA:14,1,0,0
BRDA:14,1,1,0
BRDA:15,2,0,0
BRDA:15,2,1,0
BRDA:16,3,0,0
BRDA:16,3,1,0
BRDA:25,4,0,0
BRDA:28,5,0,0
BRDA:28,5,1,0
BRDA:30,6,0,0
BRDA:30,6,1,0
BRDA:50,7,0,0
BRDA:50,7,1,0
BRDA:56,8,0,0
BRDA:58,9,0,0
BRDA:58,9,1,0
BRDA:62,10,0,0
BRDA:62,10,1,0
BRDA:85,11,0,0
BRDA:85,11,1,0
BRDA:87,12,0,0
BRDA:87,12,1,0
BRDA:123,13,0,0
BRDA:123,13,1,0
BRDA:133,14,0,0
BRDA:133,14,1,0
BRDA:134,15,0,0
BRDA:134,15,1,0
BRDA:135,16,0,0
BRDA:135,16,1,0
BRDA:142,17,0,0
BRDA:142,17,1,0
BRDA:147,18,0,0
BRDA:147,18,1,0
BRDA:149,19,0,0
BRDA:149,19,1,0
BRDA:152,20,0,0
BRDA:152,20,1,0
BRDA:152,21,0,0
BRDA:152,21,1,0
BRDA:157,22,0,0
BRDA:157,22,1,0
BRDA:157,23,0,0
BRDA:157,23,1,0
BRDA:170,24,0,0
BRDA:170,24,1,0
BRDA:170,25,0,0
BRDA:170,25,1,0
BRDA:174,26,0,0
BRDA:174,26,1,0
BRDA:176,27,0,0
BRDA:176,27,1,0
BRDA:180,28,0,0
BRDA:180,28,1,0
BRDA:180,29,0,0
BRDA:180,29,1,0
BRDA:207,30,0,0
BRDA:209,31,0,0
BRDA:209,31,1,0
BRDA:224,32,0,0
BRDA:226,33,0,0
BRDA:226,33,1,0
BRDA:232,34,0,0
BRDA:232,34,1,0
BRDA:241,35,0,0
BRDA:241,35,1,0
BRDA:241,36,0,0
BRDA:241,36,1,0
BRDA:245,37,0,0
BRDA:245,37,1,0
BRDA:252,38,0,0
BRDA:252,38,1,0
BRDA:252,39,0,0
BRDA:252,39,1,0
BRDA:258,40,0,0
BRDA:258,40,1,0
BRDA:266,41,0,0
BRDA:266,41,1,0
BRDA:284,42,0,0
BRDA:304,43,0,0
BRDA:304,43,1,0
BRDA:304,44,0,0
BRDA:304,44,1,0
BRDA:305,45,0,0
BRDA:305,45,1,0
BRDA:305,46,0,0
BRDA:305,46,1,0
BRDA:306,47,0,0
BRDA:306,47,1,0
BRDA:306,48,0,0
BRDA:306,48,1,0
BRDA:307,49,0,0
BRDA:307,49,1,0
BRDA:307,50,0,0
BRDA:307,50,1,0
BRDA:316,51,0,0
BRDA:316,51,1,0
BRDA:319,52,0,0
BRDA:319,52,1,0
BRDA:322,53,0,0
BRDA:322,53,1,0
BRDA:322,54,0,0
BRDA:322,54,1,0
BRDA:324,55,0,0
BRDA:324,55,1,0
BRDA:324,56,0,0
BRDA:324,56,1,0
BRDA:336,57,0,0
BRDA:336,57,1,0
BRDA:339,58,0,0
BRDA:339,58,1,0
BRDA:342,59,0,0
BRDA:342,59,1,0
BRF:114
BRH:0
end_of_record
TN:
SF:src\ai\training\model-training-orchestrator.js
FN:10,(anonymous_0)
FN:22,(anonymous_1)
FN:37,(anonymous_2)
FN:48,(anonymous_3)
FN:53,(anonymous_4)
FN:63,(anonymous_5)
FN:67,(anonymous_6)
FN:77,(anonymous_7)
FN:100,(anonymous_8)
FN:109,(anonymous_9)
FN:132,(anonymous_10)
FN:188,(anonymous_11)
FN:204,(anonymous_12)
FNF:13
FNH:0
FNDA:0,(anonymous_0)
FNDA:0,(anonymous_1)
FNDA:0,(anonymous_2)
FNDA:0,(anonymous_3)
FNDA:0,(anonymous_4)
FNDA:0,(anonymous_5)
FNDA:0,(anonymous_6)
FNDA:0,(anonymous_7)
FNDA:0,(anonymous_8)
FNDA:0,(anonymous_9)
FNDA:0,(anonymous_10)
FNDA:0,(anonymous_11)
FNDA:0,(anonymous_12)
DA:6,0
DA:7,0
DA:11,0
DA:12,0
DA:17,0
DA:18,0
DA:19,0
DA:23,0
DA:24,0
DA:32,0
DA:33,0
DA:34,0
DA:38,0
DA:39,0
DA:40,0
DA:43,0
DA:44,0
DA:45,0
DA:48,0
DA:49,0
DA:50,0
DA:53,0
DA:54,0
DA:55,0
DA:56,0
DA:57,0
DA:60,0
DA:64,0
DA:68,0
DA:69,0
DA:70,0
DA:71,0
DA:72,0
DA:74,0
DA:78,0
DA:79,0
DA:80,0
DA:82,0
DA:83,0
DA:86,0
DA:87,0
DA:97,0
DA:100,0
DA:101,0
DA:102,0
DA:105,0
DA:106,0
DA:110,0
DA:111,0
DA:112,0
DA:116,0
DA:133,0
DA:134,0
DA:145,0
DA:146,0
DA:149,0
DA:150,0
DA:152,0
DA:154,0
DA:155,0
DA:156,0
DA:159,0
DA:161,0
DA:174,0
DA:176,0
DA:177,0
DA:178,0
DA:181,0
DA:188,0
DA:191,0
DA:192,0
DA:194,0
DA:201,0
DA:205,0
DA:206,0
DA:207,0
DA:210,0
DA:222,0
LF:78
LH:0
BRDA:10,0,0,0
BRDA:13,1,0,0
BRDA:13,1,1,0
BRDA:14,2,0,0
BRDA:14,2,1,0
BRDA:15,3,0,0
BRDA:15,3,1,0
BRDA:22,4,0,0
BRDA:37,5,0,0
BRDA:37,6,0,0
BRDA:39,7,0,0
BRDA:39,7,1,0
BRDA:69,8,0,0
BRDA:69,8,1,0
BRDA:69,9,0,0
BRDA:69,9,1,0
BRDA:77,10,0,0
BRDA:79,11,0,0
BRDA:79,11,1,0
BRDA:82,12,0,0
BRDA:82,12,1,0
BRDA:91,13,0,0
BRDA:91,13,1,0
BRDA:111,14,0,0
BRDA:111,14,1,0
BRDA:150,15,0,0
BRDA:150,15,1,0
BRDA:176,16,0,0
BRDA:176,16,1,0
BRDA:206,17,0,0
BRDA:206,17,1,0
BRF:31
BRH:0
end_of_record
TN:
SF:src\cli\doctor-command.js
FN:39,(anonymous_0)
FN:59,(anonymous_1)
FN:122,(anonymous_2)
FN:159,(anonymous_3)
FN:183,(anonymous_4)
FN:266,(anonymous_5)
FN:287,(anonymous_6)
FN:349,(anonymous_7)
FN:365,(anonymous_8)
FN:376,(anonymous_9)
FN:398,(anonymous_10)
FN:407,(anonymous_11)
FN:418,(anonymous_12)
FN:424,(anonymous_13)
FN:425,(anonymous_14)
FN:426,(anonymous_15)
FN:427,(anonymous_16)
FN:431,(anonymous_17)
FN:436,(anonymous_18)
FN:446,(anonymous_19)
FN:518,runPipelineDoctor
FNF:21
FNH:0
FNDA:0,(anonymous_0)
FNDA:0,(anonymous_1)
FNDA:0,(anonymous_2)
FNDA:0,(anonymous_3)
FNDA:0,(anonymous_4)
FNDA:0,(anonymous_5)
FNDA:0,(anonymous_6)
FNDA:0,(anonymous_7)
FNDA:0,(anonymous_8)
FNDA:0,(anonymous_9)
FNDA:0,(anonymous_10)
FNDA:0,(anonymous_11)
FNDA:0,(anonymous_12)
FNDA:0,(anonymous_13)
FNDA:0,(anonymous_14)
FNDA:0,(anonymous_15)
FNDA:0,(anonymous_16)
FNDA:0,(anonymous_17)
FNDA:0,(anonymous_18)
FNDA:0,(anonymous_19)
FNDA:0,runPipelineDoctor
DA:6,0
DA:7,0
DA:8,0
DA:9,0
DA:10,0
DA:16,0
DA:28,0
DA:40,0
DA:49,0
DA:50,0
DA:51,0
DA:52,0
DA:60,0
DA:63,0
DA:64,0
DA:65,0
DA:67,0
DA:69,0
DA:72,0
DA:73,0
DA:77,0
DA:78,0
DA:81,0
DA:82,0
DA:85,0
DA:86,0
DA:89,0
DA:90,0
DA:93,0
DA:94,0
DA:97,0
DA:98,0
DA:102,0
DA:103,0
DA:107,0
DA:108,0
DA:110,0
DA:113,0
DA:115,0
DA:123,0
DA:124,0
DA:125,0
DA:126,0
DA:128,0
DA:135,0
DA:136,0
DA:141,0
DA:142,0
DA:148,0
DA:160,0
DA:162,0
DA:164,0
DA:170,0
DA:184,0
DA:186,0
DA:188,0
DA:191,0
DA:194,0
DA:195,0
DA:197,0
DA:205,0
DA:209,0
DA:210,0
DA:218,0
DA:222,0
DA:223,0
DA:224,0
DA:225,0
DA:236,0
DA:239,0
DA:240,0
DA:249,0
DA:260,0
DA:267,0
DA:269,0
DA:270,0
DA:278,0
DA:281,0
DA:288,0
DA:290,0
DA:292,0
DA:293,0
DA:301,0
DA:302,0
DA:304,0
DA:307,0
DA:314,0
DA:315,0
DA:316,0
DA:317,0
DA:319,0
DA:322,0
DA:330,0
DA:331,0
DA:332,0
DA:333,0
DA:350,0
DA:366,0
DA:377,0
DA:380,0
DA:381,0
DA:382,0
DA:384,0
DA:385,0
DA:388,0
DA:400,0
DA:409,0
DA:419,0
DA:424,0
DA:425,0
DA:426,0
DA:427,0
DA:431,0
DA:435,0
DA:436,0
DA:439,0
DA:447,0
DA:449,0
DA:451,0
DA:455,0
DA:462,0
DA:464,0
DA:466,0
DA:468,0
DA:470,0
DA:474,0
DA:475,0
DA:477,0
DA:479,0
DA:480,0
DA:481,0
DA:484,0
DA:485,0
DA:489,0
DA:494,0
DA:495,0
DA:497,0
DA:500,0
DA:501,0
DA:503,0
DA:504,0
DA:507,0
DA:519,0
DA:520,0
DA:523,0
LF:145
LH:0
BRDA:39,0,0,0
BRDA:41,1,0,0
BRDA:41,1,1,0
BRDA:42,2,0,0
BRDA:42,2,1,0
BRDA:43,3,0,0
BRDA:43,3,1,0
BRDA:44,4,0,0
BRDA:44,4,1,0
BRDA:45,5,0,0
BRDA:45,5,1,0
BRDA:72,6,0,0
BRDA:72,6,1,0
BRDA:77,7,0,0
BRDA:77,7,1,0
BRDA:81,8,0,0
BRDA:81,8,1,0
BRDA:85,9,0,0
BRDA:85,9,1,0
BRDA:89,10,0,0
BRDA:89,10,1,0
BRDA:93,11,0,0
BRDA:93,11,1,0
BRDA:97,12,0,0
BRDA:97,12,1,0
BRDA:102,13,0,0
BRDA:102,13,1,0
BRDA:102,14,0,0
BRDA:102,14,1,0
BRDA:135,15,0,0
BRDA:135,15,1,0
BRDA:141,16,0,0
BRDA:141,16,1,0
BRDA:209,17,0,0
BRDA:209,17,1,0
BRDA:223,18,0,0
BRDA:223,18,1,0
BRDA:239,19,0,0
BRDA:239,19,1,0
BRDA:269,20,0,0
BRDA:269,20,1,0
BRDA:269,21,0,0
BRDA:269,21,1,0
BRDA:292,22,0,0
BRDA:292,22,1,0
BRDA:332,23,0,0
BRDA:332,23,1,0
BRDA:349,24,0,0
BRDA:475,25,0,0
BRDA:475,25,1,0
BRDA:484,26,0,0
BRDA:484,26,1,0
BRDA:484,27,0,0
BRDA:484,27,1,0
BRDA:495,28,0,0
BRDA:495,28,1,0
BRDA:495,29,0,0
BRDA:495,29,1,0
BRDA:500,30,0,0
BRDA:500,30,1,0
BRDA:503,31,0,0
BRDA:503,31,1,0
BRDA:518,32,0,0
BRF:63
BRH:0
end_of_record
TN:
SF:src\cli\enhanced-cli-commands.js
FN:36,(anonymous_0)
FN:45,(anonymous_1)
FN:62,(anonymous_2)
FN:71,(anonymous_3)
FN:82,(anonymous_4)
FN:103,(anonymous_5)
FN:122,(anonymous_6)
FN:134,(anonymous_7)
FN:154,(anonymous_8)
FN:163,(anonymous_9)
FN:171,(anonymous_10)
FN:179,(anonymous_11)
FN:192,(anonymous_12)
FN:201,(anonymous_13)
FN:210,(anonymous_14)
FN:260,(anonymous_15)
FN:290,(anonymous_16)
FN:372,(anonymous_17)
FN:444,(anonymous_18)
FN:469,(anonymous_19)
FN:491,(anonymous_20)
FN:539,(anonymous_21)
FN:581,(anonymous_22)
FN:611,(anonymous_23)
FN:638,(anonymous_24)
FN:684,(anonymous_25)
FN:711,(anonymous_26)
FN:722,(anonymous_27)
FN:757,(anonymous_28)
FN:787,(anonymous_29)
FN:811,(anonymous_30)
FN:836,(anonymous_31)
FN:845,(anonymous_32)
FN:864,(anonymous_33)
FN:895,(anonymous_34)
FN:917,runEnhancedCLI
FNF:36
FNH:0
FNDA:0,(anonymous_0)
FNDA:0,(anonymous_1)
FNDA:0,(anonymous_2)
FNDA:0,(anonymous_3)
FNDA:0,(anonymous_4)
FNDA:0,(anonymous_5)
FNDA:0,(anonymous_6)
FNDA:0,(anonymous_7)
FNDA:0,(anonymous_8)
FNDA:0,(anonymous_9)
FNDA:0,(anonymous_10)
FNDA:0,(anonymous_11)
FNDA:0,(anonymous_12)
FNDA:0,(anonymous_13)
FNDA:0,(anonymous_14)
FNDA:0,(anonymous_15)
FNDA:0,(anonymous_16)
FNDA:0,(anonymous_17)
FNDA:0,(anonymous_18)
FNDA:0,(anonymous_19)
FNDA:0,(anonymous_20)
FNDA:0,(anonymous_21)
FNDA:0,(anonymous_22)
FNDA:0,(anonymous_23)
FNDA:0,(anonymous_24)
FNDA:0,(anonymous_25)
FNDA:0,(anonymous_26)
FNDA:0,(anonymous_27)
FNDA:0,(anonymous_28)
FNDA:0,(anonymous_29)
FNDA:0,(anonymous_30)
FNDA:0,(anonymous_31)
FNDA:0,(anonymous_32)
FNDA:0,(anonymous_33)
FNDA:0,(anonymous_34)
FNDA:0,runEnhancedCLI
DA:7,0
DA:9,0
DA:11,0
DA:13,0
DA:15,0
DA:17,0
DA:19,0
DA:21,0
DA:23,0
DA:25,0
DA:27,0
DA:29,0
DA:37,0
DA:38,0
DA:39,0
DA:46,0
DA:64,0
DA:72,0
DA:76,0
DA:83,0
DA:87,0
DA:104,0
DA:108,0
DA:123,0
DA:127,0
DA:135,0
DA:139,0
DA:142,0
DA:143,0
DA:146,0
DA:147,0
DA:149,0
DA:155,0
DA:158,0
DA:164,0
DA:167,0
DA:172,0
DA:175,0
DA:180,0
DA:183,0
DA:186,0
DA:193,0
DA:197,0
DA:202,0
DA:211,0
DA:212,0
DA:214,0
DA:215,0
DA:217,0
DA:219,0
DA:221,0
DA:225,0
DA:226,0
DA:227,0
DA:228,0
DA:230,0
DA:232,0
DA:238,0
DA:239,0
DA:241,0
DA:247,0
DA:251,0
DA:252,0
DA:261,0
DA:262,0
DA:264,0
DA:271,0
DA:273,0
DA:274,0
DA:275,0
DA:280,0
DA:281,0
DA:291,0
DA:292,0
DA:294,0
DA:295,0
DA:297,0
DA:299,0
DA:301,0
DA:303,0
DA:305,0
DA:309,0
DA:310,0
DA:311,0
DA:312,0
DA:313,0
DA:316,0
DA:318,0
DA:323,0
DA:324,0
DA:328,0
DA:329,0
DA:339,0
DA:342,0
DA:343,0
DA:352,0
DA:354,0
DA:355,0
DA:359,0
DA:362,0
DA:363,0
DA:373,0
DA:374,0
DA:376,0
DA:377,0
DA:379,0
DA:381,0
DA:383,0
DA:385,0
DA:389,0
DA:390,0
DA:394,0
DA:397,0
DA:398,0
DA:407,0
DA:410,0
DA:411,0
DA:413,0
DA:414,0
DA:416,0
DA:419,0
DA:420,0
DA:422,0
DA:427,0
DA:428,0
DA:432,0
DA:435,0
DA:436,0
DA:445,0
DA:446,0
DA:447,0
DA:449,0
DA:453,0
DA:454,0
DA:456,0
DA:458,0
DA:459,0
DA:462,0
DA:463,0
DA:467,0
DA:469,0
DA:470,0
DA:474,0
DA:475,0
DA:482,0
DA:483,0
DA:492,0
DA:493,0
DA:494,0
DA:496,0
DA:497,0
DA:498,0
DA:499,0
DA:500,0
DA:501,0
DA:502,0
DA:504,0
DA:509,0
DA:511,0
DA:513,0
DA:516,0
DA:518,0
DA:520,0
DA:521,0
DA:523,0
DA:528,0
DA:529,0
DA:540,0
DA:541,0
DA:542,0
DA:545,0
DA:546,0
DA:548,0
DA:549,0
DA:550,0
DA:552,0
DA:557,0
DA:558,0
DA:560,0
DA:563,0
DA:566,0
DA:567,0
DA:571,0
DA:572,0
DA:582,0
DA:583,0
DA:584,0
DA:586,0
DA:587,0
DA:589,0
DA:590,0
DA:591,0
DA:592,0
DA:594,0
DA:598,0
DA:602,0
DA:603,0
DA:612,0
DA:613,0
DA:615,0
DA:616,0
DA:617,0
DA:618,0
DA:622,0
DA:625,0
DA:629,0
DA:630,0
DA:639,0
DA:640,0
DA:644,0
DA:645,0
DA:647,0
DA:649,0
DA:651,0
DA:653,0
DA:655,0
DA:660,0
DA:661,0
DA:664,0
DA:666,0
DA:671,0
DA:672,0
DA:673,0
DA:674,0
DA:675,0
DA:677,0
DA:679,0
DA:682,0
DA:683,0
DA:684,0
DA:686,0
DA:690,0
DA:693,0
DA:695,0
DA:701,0
DA:702,0
DA:712,0
DA:713,0
DA:723,0
DA:748,0
DA:749,0
DA:758,0
DA:759,0
DA:760,0
DA:762,0
DA:764,0
DA:766,0
DA:768,0
DA:769,0
DA:772,0
DA:774,0
DA:777,0
DA:788,0
DA:790,0
DA:792,0
DA:794,0
DA:796,0
DA:798,0
DA:800,0
DA:802,0
DA:812,0
DA:813,0
DA:814,0
DA:816,0
DA:818,0
DA:820,0
DA:824,0
DA:825,0
DA:826,0
DA:827,0
DA:838,0
DA:846,0
DA:865,0
DA:867,0
DA:874,0
DA:883,0
DA:887,0
DA:896,0
DA:897,0
DA:899,0
DA:900,0
DA:901,0
DA:903,0
DA:911,0
DA:918,0
DA:921,0
LF:286
LH:0
BRDA:214,0,0,0
BRDA:214,0,1,0
BRDA:225,1,0,0
BRDA:225,1,1,0
BRDA:238,2,0,0
BRDA:238,2,1,0
BRDA:273,3,0,0
BRDA:273,3,1,0
BRDA:294,4,0,0
BRDA:294,4,1,0
BRDA:294,5,0,0
BRDA:294,5,1,0
BRDA:299,6,0,0
BRDA:299,6,1,0
BRDA:301,7,0,0
BRDA:301,7,1,0
BRDA:303,8,0,0
BRDA:303,8,1,0
BRDA:309,9,0,0
BRDA:309,9,1,0
BRDA:323,10,0,0
BRDA:323,10,1,0
BRDA:342,11,0,0
BRDA:342,11,1,0
BRDA:342,12,0,0
BRDA:342,12,1,0
BRDA:342,12,2,0
BRDA:345,13,0,0
BRDA:345,13,1,0
BRDA:376,14,0,0
BRDA:376,14,1,0
BRDA:376,15,0,0
BRDA:376,15,1,0
BRDA:379,16,0,0
BRDA:379,16,1,0
BRDA:381,17,0,0
BRDA:381,17,1,0
BRDA:383,18,0,0
BRDA:383,18,1,0
BRDA:397,19,0,0
BRDA:397,19,1,0
BRDA:397,20,0,0
BRDA:397,20,1,0
BRDA:397,20,2,0
BRDA:400,21,0,0
BRDA:400,21,1,0
BRDA:407,22,0,0
BRDA:407,22,1,0
BRDA:410,23,0,0
BRDA:410,23,1,0
BRDA:427,24,0,0
BRDA:427,24,1,0
BRDA:458,25,0,0
BRDA:458,25,1,0
BRDA:462,26,0,0
BRDA:462,26,1,0
BRDA:470,27,0,0
BRDA:470,27,1,0
BRDA:474,28,0,0
BRDA:474,28,1,0
BRDA:497,29,0,0
BRDA:497,29,1,0
BRDA:501,30,0,0
BRDA:501,30,1,0
BRDA:509,31,0,0
BRDA:509,31,1,0
BRDA:509,31,2,0
BRDA:509,31,3,0
BRDA:549,32,0,0
BRDA:549,32,1,0
BRDA:591,33,0,0
BRDA:591,33,1,0
BRDA:615,34,0,0
BRDA:615,34,1,0
BRDA:644,35,0,0
BRDA:644,35,1,0
BRDA:644,36,0,0
BRDA:644,36,1,0
BRDA:644,36,2,0
BRDA:660,37,0,0
BRDA:660,37,1,0
BRDA:660,38,0,0
BRDA:660,38,1,0
BRDA:660,38,2,0
BRDA:671,39,0,0
BRDA:671,39,1,0
BRDA:671,40,0,0
BRDA:671,40,1,0
BRDA:671,40,2,0
BRDA:679,41,0,0
BRDA:679,41,1,0
BRDA:682,42,0,0
BRDA:682,42,1,0
BRDA:768,43,0,0
BRDA:768,43,1,0
BRDA:812,44,0,0
BRDA:812,44,1,0
BRDA:812,45,0,0
BRDA:812,45,1,0
BRDA:816,46,0,0
BRDA:816,46,1,0
BRDA:818,47,0,0
BRDA:818,47,1,0
BRDA:820,48,0,0
BRDA:820,48,1,0
BRDA:824,49,0,0
BRDA:824,49,1,0
BRDA:824,50,0,0
BRDA:824,50,1,0
BRDA:865,51,0,0
BRDA:865,51,1,0
BRDA:865,51,2,0
BRDA:865,51,3,0
BRDA:895,52,0,0
BRDA:899,53,0,0
BRDA:899,53,1,0
BRDA:917,54,0,0
BRF:117
BRH:0
end_of_record
TN:
SF:src\cli\interactive-wizard.js
FN:27,(anonymous_0)
FN:51,(anonymous_1)
FN:96,(anonymous_2)
FN:106,(anonymous_3)
FN:149,(anonymous_4)
FN:181,(anonymous_5)
FN:191,(anonymous_6)
FN:206,(anonymous_7)
FN:225,(anonymous_8)
FN:231,(anonymous_9)
FN:250,(anonymous_10)
FN:256,(anonymous_11)
FN:262,(anonymous_12)
FN:283,(anonymous_13)
FN:295,(anonymous_14)
FN:311,(anonymous_15)
FN:354,(anonymous_16)
FN:394,(anonymous_17)
FN:410,(anonymous_18)
FN:417,(anonymous_19)
FN:448,(anonymous_20)
FN:453,(anonymous_21)
FN:468,(anonymous_22)
FN:481,(anonymous_23)
FN:505,(anonymous_24)
FN:521,(anonymous_25)
FN:528,(anonymous_26)
FN:541,(anonymous_27)
FN:570,(anonymous_28)
FN:603,(anonymous_29)
FN:638,(anonymous_30)
FN:657,(anonymous_31)
FN:664,(anonymous_32)
FN:679,(anonymous_33)
FN:703,(anonymous_34)
FN:748,(anonymous_35)
FN:781,(anonymous_36)
FN:805,(anonymous_37)
FN:811,(anonymous_38)
FN:812,(anonymous_39)
FN:824,(anonymous_40)
FN:856,(anonymous_41)
FN:870,runInteractiveWizard
FNF:43
FNH:0
FNDA:0,(anonymous_0)
FNDA:0,(anonymous_1)
FNDA:0,(anonymous_2)
FNDA:0,(anonymous_3)
FNDA:0,(anonymous_4)
FNDA:0,(anonymous_5)
FNDA:0,(anonymous_6)
FNDA:0,(anonymous_7)
FNDA:0,(anonymous_8)
FNDA:0,(anonymous_9)
FNDA:0,(anonymous_10)
FNDA:0,(anonymous_11)
FNDA:0,(anonymous_12)
FNDA:0,(anonymous_13)
FNDA:0,(anonymous_14)
FNDA:0,(anonymous_15)
FNDA:0,(anonymous_16)
FNDA:0,(anonymous_17)
FNDA:0,(anonymous_18)
FNDA:0,(anonymous_19)
FNDA:0,(anonymous_20)
FNDA:0,(anonymous_21)
FNDA:0,(anonymous_22)
FNDA:0,(anonymous_23)
FNDA:0,(anonymous_24)
FNDA:0,(anonymous_25)
FNDA:0,(anonymous_26)
FNDA:0,(anonymous_27)
FNDA:0,(anonymous_28)
FNDA:0,(anonymous_29)
FNDA:0,(anonymous_30)
FNDA:0,(anonymous_31)
FNDA:0,(anonymous_32)
FNDA:0,(anonymous_33)
FNDA:0,(anonymous_34)
FNDA:0,(anonymous_35)
FNDA:0,(anonymous_36)
FNDA:0,(anonymous_37)
FNDA:0,(anonymous_38)
FNDA:0,(anonymous_39)
FNDA:0,(anonymous_40)
FNDA:0,(anonymous_41)
FNDA:0,runInteractiveWizard
DA:7,0
DA:9,0
DA:11,0
DA:13,0
DA:15,0
DA:28,0
DA:33,0
DA:34,0
DA:52,0
DA:54,0
DA:57,0
DA:59,0
DA:62,0
DA:65,0
DA:68,0
DA:71,0
DA:74,0
DA:77,0
DA:79,0
DA:81,0
DA:84,0
DA:87,0
DA:89,0
DA:97,0
DA:100,0
DA:106,0
DA:133,0
DA:142,0
DA:150,0
DA:154,0
DA:155,0
DA:157,0
DA:161,0
DA:169,0
DA:170,0
DA:173,0
DA:182,0
DA:184,0
DA:185,0
DA:187,0
DA:190,0
DA:191,0
DA:200,0
DA:206,0
DA:210,0
DA:211,0
DA:214,0
DA:215,0
DA:217,0
DA:226,0
DA:231,0
DA:250,0
DA:256,0
DA:262,0
DA:266,0
DA:271,0
DA:272,0
DA:273,0
DA:275,0
DA:284,0
DA:286,0
DA:287,0
DA:288,0
DA:291,0
DA:292,0
DA:295,0
DA:299,0
DA:311,0
DA:315,0
DA:318,0
DA:321,0
DA:322,0
DA:331,0
DA:332,0
DA:333,0
DA:339,0
DA:345,0
DA:355,0
DA:356,0
DA:358,0
DA:361,0
DA:362,0
DA:367,0
DA:368,0
DA:369,0
DA:370,0
DA:371,0
DA:372,0
DA:373,0
DA:374,0
DA:375,0
DA:376,0
DA:378,0
DA:379,0
DA:382,0
DA:383,0
DA:384,0
DA:388,0
DA:395,0
DA:398,0
DA:410,0
DA:417,0
DA:427,0
DA:428,0
DA:429,0
DA:436,0
DA:437,0
DA:438,0
DA:441,0
DA:449,0
DA:452,0
DA:453,0
DA:456,0
DA:468,0
DA:481,0
DA:485,0
DA:490,0
DA:491,0
DA:498,0
DA:506,0
DA:509,0
DA:521,0
DA:528,0
DA:541,0
DA:545,0
DA:547,0
DA:548,0
DA:555,0
DA:556,0
DA:563,0
DA:571,0
DA:574,0
DA:603,0
DA:607,0
DA:615,0
DA:616,0
DA:623,0
DA:624,0
DA:631,0
DA:639,0
DA:643,0
DA:645,0
DA:657,0
DA:664,0
DA:668,0
DA:669,0
DA:671,0
DA:675,0
DA:676,0
DA:677,0
DA:679,0
DA:680,0
DA:683,0
DA:687,0
DA:693,0
DA:695,0
DA:696,0
DA:704,0
DA:706,0
DA:708,0
DA:711,0
DA:713,0
DA:714,0
DA:715,0
DA:720,0
DA:722,0
DA:725,0
DA:726,0
DA:728,0
DA:732,0
DA:733,0
DA:735,0
DA:737,0
DA:741,0
DA:749,0
DA:752,0
DA:754,0
DA:756,0
DA:758,0
DA:762,0
DA:763,0
DA:764,0
DA:768,0
DA:772,0
DA:784,0
DA:806,0
DA:807,0
DA:810,0
DA:811,0
DA:812,0
DA:825,0
DA:847,0
DA:857,0
DA:858,0
DA:861,0
DA:871,0
DA:872,0
DA:875,0
LF:198
LH:0
BRDA:27,0,0,0
BRDA:29,1,0,0
BRDA:29,1,1,0
BRDA:30,2,0,0
BRDA:30,2,1,0
BRDA:106,3,0,0
BRDA:106,3,1,0
BRDA:184,4,0,0
BRDA:184,4,1,0
BRDA:184,5,0,0
BRDA:184,5,1,0
BRDA:206,6,0,0
BRDA:206,6,1,0
BRDA:210,7,0,0
BRDA:210,7,1,0
BRDA:214,8,0,0
BRDA:214,8,1,0
BRDA:231,9,0,0
BRDA:231,9,1,0
BRDA:250,10,0,0
BRDA:250,10,1,0
BRDA:271,11,0,0
BRDA:271,11,1,0
BRDA:272,12,0,0
BRDA:272,12,1,0
BRDA:273,13,0,0
BRDA:273,13,1,0
BRDA:286,14,0,0
BRDA:286,14,1,0
BRDA:291,15,0,0
BRDA:291,15,1,0
BRDA:315,16,0,0
BRDA:315,16,1,0
BRDA:318,17,0,0
BRDA:318,17,1,0
BRDA:319,18,0,0
BRDA:319,18,1,0
BRDA:321,19,0,0
BRDA:321,19,1,0
BRDA:331,20,0,0
BRDA:331,20,1,0
BRDA:356,21,0,0
BRDA:356,21,1,0
BRDA:364,22,0,0
BRDA:364,22,1,0
BRDA:367,23,0,0
BRDA:367,23,1,0
BRDA:369,24,0,0
BRDA:369,24,1,0
BRDA:370,25,0,0
BRDA:370,25,1,0
BRDA:374,26,0,0
BRDA:374,26,1,0
BRDA:379,27,0,0
BRDA:379,27,1,0
BRDA:383,28,0,0
BRDA:383,28,1,0
BRDA:383,29,0,0
BRDA:383,29,1,0
BRDA:427,30,0,0
BRDA:427,30,1,0
BRDA:428,31,0,0
BRDA:428,31,1,0
BRDA:436,32,0,0
BRDA:436,32,1,0
BRDA:437,33,0,0
BRDA:437,33,1,0
BRDA:468,34,0,0
BRDA:468,34,1,0
BRDA:490,35,0,0
BRDA:490,35,1,0
BRDA:545,36,0,0
BRDA:545,36,1,0
BRDA:547,37,0,0
BRDA:547,37,1,0
BRDA:555,38,0,0
BRDA:555,38,1,0
BRDA:603,39,0,0
BRDA:603,39,1,0
BRDA:615,40,0,0
BRDA:615,40,1,0
BRDA:618,41,0,0
BRDA:618,41,1,0
BRDA:623,42,0,0
BRDA:623,42,1,0
BRDA:626,43,0,0
BRDA:626,43,1,0
BRDA:668,44,0,0
BRDA:668,44,1,0
BRDA:676,45,0,0
BRDA:676,45,1,0
BRDA:695,46,0,0
BRDA:695,46,1,0
BRDA:706,47,0,0
BRDA:706,47,1,0
BRDA:708,48,0,0
BRDA:708,48,1,0
BRDA:714,49,0,0
BRDA:714,49,1,0
BRDA:722,50,0,0
BRDA:722,50,1,0
BRDA:725,51,0,0
BRDA:725,51,1,0
BRDA:732,52,0,0
BRDA:732,52,1,0
BRDA:732,53,0,0
BRDA:732,53,1,0
BRDA:735,54,0,0
BRDA:735,54,1,0
BRDA:737,55,0,0
BRDA:737,55,1,0
BRDA:763,56,0,0
BRDA:763,56,1,0
BRDA:806,57,0,0
BRDA:806,57,1,0
BRDA:847,58,0,0
BRDA:847,58,1,0
BRDA:857,59,0,0
BRDA:857,59,1,0
BRDA:861,60,0,0
BRDA:861,60,1,0
BRDA:870,61,0,0
BRF:122
BRH:0
end_of_record
TN:
SF:src\cli\plugin-marketplace-commands.js
FN:28,createPluginMarketplaceCommands
FN:43,(anonymous_1)
FN:62,(anonymous_2)
FN:96,(anonymous_3)
FN:145,(anonymous_4)
FN:151,(anonymous_5)
FN:195,(anonymous_6)
FN:241,(anonymous_7)
FN:286,(anonymous_8)
FN:301,(anonymous_9)
FN:307,(anonymous_10)
FN:327,(anonymous_11)
FN:421,(anonymous_12)
FN:472,fetchRegistry
FN:489,searchPlugins
FN:522,(anonymous_15)
FN:543,addToRagrcConfig
FN:581,generatePluginTemplate
FN:582,(anonymous_18)
FN:639,generateReadmeTemplate
FN:653,(anonymous_20)
FN:657,(anonymous_21)
FN:689,generateLicenseTemplate
FN:727,generateTestTemplate
FN:728,(anonymous_24)
FNF:25
FNH:0
FNDA:0,createPluginMarketplaceCommands
FNDA:0,(anonymous_1)
FNDA:0,(anonymous_2)
FNDA:0,(anonymous_3)
FNDA:0,(anonymous_4)
FNDA:0,(anonymous_5)
FNDA:0,(anonymous_6)
FNDA:0,(anonymous_7)
FNDA:0,(anonymous_8)
FNDA:0,(anonymous_9)
FNDA:0,(anonymous_10)
FNDA:0,(anonymous_11)
FNDA:0,(anonymous_12)
FNDA:0,fetchRegistry
FNDA:0,searchPlugins
FNDA:0,(anonymous_15)
FNDA:0,addToRagrcConfig
FNDA:0,generatePluginTemplate
FNDA:0,(anonymous_18)
FNDA:0,generateReadmeTemplate
FNDA:0,(anonymous_20)
FNDA:0,(anonymous_21)
FNDA:0,generateLicenseTemplate
FNDA:0,generateTestTemplate
FNDA:0,(anonymous_24)
DA:7,0
DA:9,0
DA:11,0
DA:13,0
DA:15,0
DA:17,0
DA:19,0
DA:22,0
DA:29,0
DA:30,0
DA:31,0
DA:34,0
DA:44,0
DA:45,0
DA:48,0
DA:49,0
DA:51,0
DA:53,0
DA:54,0
DA:56,0
DA:59,0
DA:62,0
DA:63,0
DA:65,0
DA:67,0
DA:69,0
DA:71,0
DA:72,0
DA:75,0
DA:76,0
DA:79,0
DA:84,0
DA:85,0
DA:90,0
DA:97,0
DA:98,0
DA:99,0
DA:101,0
DA:102,0
DA:103,0
DA:105,0
DA:108,0
DA:109,0
DA:111,0
DA:112,0
DA:114,0
DA:117,0
DA:119,0
DA:121,0
DA:123,0
DA:125,0
DA:128,0
DA:129,0
DA:133,0
DA:134,0
DA:138,0
DA:139,0
DA:143,0
DA:145,0
DA:146,0
DA:148,0
DA:151,0
DA:152,0
DA:153,0
DA:154,0
DA:156,0
DA:157,0
DA:158,0
DA:159,0
DA:161,0
DA:162,0
DA:166,0
DA:167,0
DA:171,0
DA:172,0
DA:174,0
DA:176,0
DA:181,0
DA:182,0
DA:187,0
DA:196,0
DA:197,0
DA:200,0
DA:201,0
DA:203,0
DA:204,0
DA:206,0
DA:210,0
DA:212,0
DA:214,0
DA:217,0
DA:218,0
DA:219,0
DA:223,0
DA:227,0
DA:228,0
DA:233,0
DA:242,0
DA:243,0
DA:249,0
DA:253,0
DA:254,0
DA:255,0
DA:257,0
DA:259,0
DA:261,0
DA:264,0
DA:266,0
DA:270,0
DA:272,0
DA:276,0
DA:277,0
DA:282,0
DA:287,0
DA:288,0
DA:291,0
DA:293,0
DA:294,0
DA:298,0
DA:299,0
DA:301,0
DA:305,0
DA:307,0
DA:309,0
DA:313,0
DA:314,0
DA:319,0
DA:328,0
DA:329,0
DA:332,0
DA:335,0
DA:336,0
DA:337,0
DA:339,0
DA:345,0
DA:348,0
DA:354,0
DA:375,0
DA:381,0
DA:382,0
DA:385,0
DA:386,0
DA:389,0
DA:390,0
DA:393,0
DA:394,0
DA:396,0
DA:398,0
DA:400,0
DA:402,0
DA:404,0
DA:406,0
DA:410,0
DA:411,0
DA:416,0
DA:422,0
DA:424,0
DA:426,0
DA:427,0
DA:428,0
DA:430,0
DA:433,0
DA:435,0
DA:436,0
DA:438,0
DA:440,0
DA:441,0
DA:443,0
DA:444,0
DA:445,0
DA:448,0
DA:454,0
DA:459,0
DA:460,0
DA:464,0
DA:475,0
DA:490,0
DA:492,0
DA:493,0
DA:496,0
DA:497,0
DA:498,0
DA:502,0
DA:503,0
DA:507,0
DA:508,0
DA:512,0
DA:513,0
DA:516,0
DA:517,0
DA:522,0
DA:523,0
DA:524,0
DA:526,0
DA:527,0
DA:530,0
DA:533,0
DA:544,0
DA:546,0
DA:547,0
DA:548,0
DA:549,0
DA:555,0
DA:557,0
DA:558,0
DA:561,0
DA:562,0
DA:565,0
DA:571,0
DA:582,0
DA:583,0
DA:586,0
DA:640,0
DA:654,0
DA:658,0
DA:690,0
DA:691,0
DA:715,0
DA:728,0
DA:729,0
DA:732,0
DA:778,0
DA:780,0
LF:223
LH:0
BRDA:48,0,0,0
BRDA:48,0,1,0
BRDA:53,1,0,0
BRDA:53,1,1,0
BRDA:71,2,0,0
BRDA:71,2,1,0
BRDA:75,3,0,0
BRDA:75,3,1,0
BRDA:98,4,0,0
BRDA:98,4,1,0
BRDA:102,5,0,0
BRDA:102,5,1,0
BRDA:108,6,0,0
BRDA:108,6,1,0
BRDA:111,7,0,0
BRDA:111,7,1,0
BRDA:125,8,0,0
BRDA:125,8,1,0
BRDA:128,9,0,0
BRDA:128,9,1,0
BRDA:133,10,0,0
BRDA:133,10,1,0
BRDA:138,11,0,0
BRDA:138,11,1,0
BRDA:157,12,0,0
BRDA:157,12,1,0
BRDA:158,13,0,0
BRDA:158,13,1,0
BRDA:159,14,0,0
BRDA:159,14,1,0
BRDA:161,15,0,0
BRDA:161,15,1,0
BRDA:166,16,0,0
BRDA:166,16,1,0
BRDA:171,17,0,0
BRDA:171,17,1,0
BRDA:174,18,0,0
BRDA:174,18,1,0
BRDA:176,19,0,0
BRDA:176,19,1,0
BRDA:200,20,0,0
BRDA:200,20,1,0
BRDA:217,21,0,0
BRDA:217,21,1,0
BRDA:253,22,0,0
BRDA:253,22,1,0
BRDA:254,23,0,0
BRDA:254,23,1,0
BRDA:293,24,0,0
BRDA:293,24,1,0
BRDA:436,25,0,0
BRDA:436,25,1,0
BRDA:436,26,0,0
BRDA:436,26,1,0
BRDA:438,27,0,0
BRDA:438,27,1,0
BRDA:438,27,2,0
BRDA:440,28,0,0
BRDA:440,28,1,0
BRDA:444,29,0,0
BRDA:444,29,1,0
BRDA:444,30,0,0
BRDA:444,30,1,0
BRDA:496,31,0,0
BRDA:496,31,1,0
BRDA:498,32,0,0
BRDA:498,32,1,0
BRDA:502,33,0,0
BRDA:502,33,1,0
BRDA:503,34,0,0
BRDA:503,34,1,0
BRDA:507,35,0,0
BRDA:507,35,1,0
BRDA:508,36,0,0
BRDA:508,36,1,0
BRDA:512,37,0,0
BRDA:512,37,1,0
BRDA:513,38,0,0
BRDA:513,38,1,0
BRDA:516,39,0,0
BRDA:516,39,1,0
BRDA:523,40,0,0
BRDA:523,40,1,0
BRDA:524,41,0,0
BRDA:524,41,1,0
BRDA:526,42,0,0
BRDA:526,42,1,0
BRDA:543,43,0,0
BRDA:557,44,0,0
BRDA:557,44,1,0
BRDA:561,45,0,0
BRDA:561,45,1,0
BRDA:606,46,0,0
BRDA:606,46,1,0
BRDA:607,47,0,0
BRDA:607,47,1,0
BRDA:608,48,0,0
BRDA:608,48,1,0
BRDA:609,49,0,0
BRDA:609,49,1,0
BRDA:614,50,0,0
BRDA:614,50,1,0
BRDA:615,51,0,0
BRDA:615,51,1,0
BRDA:616,52,0,0
BRDA:616,52,1,0
BRDA:617,53,0,0
BRDA:617,53,1,0
BRDA:620,54,0,0
BRDA:620,54,1,0
BRDA:621,55,0,0
BRDA:621,55,1,0
BRDA:622,56,0,0
BRDA:622,56,1,0
BRDA:623,57,0,0
BRDA:623,57,1,0
BRDA:664,58,0,0
BRDA:664,58,1,0
BRDA:665,59,0,0
BRDA:665,59,1,0
BRDA:666,60,0,0
BRDA:666,60,1,0
BRDA:667,61,0,0
BRDA:667,61,1,0
BRDA:690,62,0,0
BRDA:690,62,1,0
BRDA:758,63,0,0
BRDA:758,63,1,0
BRDA:759,64,0,0
BRDA:759,64,1,0
BRDA:760,65,0,0
BRDA:760,65,1,0
BRDA:761,66,0,0
BRDA:761,66,1,0
BRDA:765,67,0,0
BRDA:765,67,1,0
BRDA:766,68,0,0
BRDA:766,68,1,0
BRDA:767,69,0,0
BRDA:767,69,1,0
BRDA:768,70,0,0
BRDA:768,70,1,0
BRF:142
BRH:0
end_of_record
TN:
SF:src\cli\commands\ai-ml.js
FN:28,(anonymous_0)
FN:38,(anonymous_1)
FN:189,(anonymous_2)
FN:255,(anonymous_3)
FN:295,(anonymous_4)
FN:339,(anonymous_5)
FN:368,(anonymous_6)
FN:382,(anonymous_7)
FN:414,(anonymous_8)
FN:433,(anonymous_9)
FN:456,(anonymous_10)
FN:477,(anonymous_11)
FN:498,(anonymous_12)
FN:545,(anonymous_13)
FN:584,(anonymous_14)
FN:600,(anonymous_15)
FN:629,(anonymous_16)
FN:670,(anonymous_17)
FN:706,(anonymous_18)
FN:730,(anonymous_19)
FN:767,(anonymous_20)
FN:787,(anonymous_21)
FN:805,(anonymous_22)
FN:828,(anonymous_23)
FN:855,(anonymous_24)
FN:872,(anonymous_25)
FNF:26
FNH:0
FNDA:0,(anonymous_0)
FNDA:0,(anonymous_1)
FNDA:0,(anonymous_2)
FNDA:0,(anonymous_3)
FNDA:0,(anonymous_4)
FNDA:0,(anonymous_5)
FNDA:0,(anonymous_6)
FNDA:0,(anonymous_7)
FNDA:0,(anonymous_8)
FNDA:0,(anonymous_9)
FNDA:0,(anonymous_10)
FNDA:0,(anonymous_11)
FNDA:0,(anonymous_12)
FNDA:0,(anonymous_13)
FNDA:0,(anonymous_14)
FNDA:0,(anonymous_15)
FNDA:0,(anonymous_16)
FNDA:0,(anonymous_17)
FNDA:0,(anonymous_18)
FNDA:0,(anonymous_19)
FNDA:0,(anonymous_20)
FNDA:0,(anonymous_21)
FNDA:0,(anonymous_22)
FNDA:0,(anonymous_23)
FNDA:0,(anonymous_24)
FNDA:0,(anonymous_25)
DA:6,0
DA:8,0
DA:10,0
DA:12,0
DA:14,0
DA:16,0
DA:24,0
DA:29,0
DA:30,0
DA:31,0
DA:32,0
DA:39,0
DA:44,0
DA:48,0
DA:60,0
DA:70,0
DA:75,0
DA:83,0
DA:87,0
DA:94,0
DA:101,0
DA:109,0
DA:113,0
DA:121,0
DA:130,0
DA:137,0
DA:141,0
DA:151,0
DA:160,0
DA:165,0
DA:172,0
DA:180,0
DA:190,0
DA:192,0
DA:193,0
DA:194,0
DA:195,0
DA:198,0
DA:212,0
DA:213,0
DA:215,0
DA:216,0
DA:217,0
DA:231,0
DA:236,0
DA:238,0
DA:239,0
DA:240,0
DA:243,0
DA:245,0
DA:247,0
DA:251,0
DA:256,0
DA:258,0
DA:259,0
DA:260,0
DA:261,0
DA:264,0
DA:278,0
DA:279,0
DA:281,0
DA:282,0
DA:284,0
DA:285,0
DA:287,0
DA:291,0
DA:296,0
DA:298,0
DA:299,0
DA:300,0
[...]
DA:134,0
DA:135,0
DA:137,0
DA:138,0
DA:140,0
DA:141,0
DA:144,0
DA:145,0
DA:147,0
DA:149,0
DA:156,0
DA:187,0
DA:188,0
DA:189,0
DA:191,0
DA:197,0
DA:199,0
DA:200,0
DA:203,0
DA:204,0
DA:207,0
DA:212,0
DA:223,0
DA:232,0
DA:242,0
DA:251,0
DA:256,0
DA:257,0
DA:259,0
DA:270,0
DA:271,0
DA:280,0
DA:281,0
DA:283,0
DA:284,0
DA:285,0
DA:286,0
DA:290,0
DA:300,0
DA:304,0
DA:316,0
DA:320,0
DA:321,0
DA:323,0
DA:325,0
DA:336,0
DA:340,0
DA:342,0
DA:343,0
DA:349,0
DA:355,0
DA:362,0
DA:366,0
LF:84
LH:0
BRDA:16,0,0,0
BRDA:58,1,0,0
BRDA:90,2,0,0
BRDA:90,2,1,0
BRDA:126,3,0,0
BRDA:126,3,1,0
BRDA:129,4,0,0
BRDA:129,4,1,0
BRDA:129,4,2,0
BRDA:129,4,3,0
BRDA:155,5,0,0
BRDA:159,6,0,0
BRDA:159,6,1,0
BRDA:160,7,0,0
BRDA:160,7,1,0
BRDA:199,8,0,0
BRDA:199,8,1,0
BRDA:199,9,0,0
BRDA:199,9,1,0
BRDA:203,10,0,0
BRDA:203,10,1,0
BRDA:203,11,0,0
BRDA:203,11,1,0
BRDA:207,12,0,0
BRDA:207,12,1,0
BRDA:244,13,0,0
BRDA:244,13,1,0
BRDA:285,14,0,0
BRDA:285,14,1,0
BRDA:293,15,0,0
BRDA:293,15,1,0
BRDA:305,16,0,0
BRDA:305,16,1,0
BRDA:306,17,0,0
BRDA:306,17,1,0
BRDA:307,18,0,0
BRDA:307,18,1,0
BRDA:323,19,0,0
BRDA:323,19,1,0
BRDA:328,20,0,0
BRDA:328,20,1,0
BRDA:342,21,0,0
BRDA:342,21,1,0
BRF:43
BRH:0
end_of_record
TN:
SF:src\enterprise\multi-tenancy.js
FN:16,(anonymous_0)
FN:45,(anonymous_1)
FN:90,(anonymous_2)
FN:98,(anonymous_3)
FN:149,(anonymous_4)
FN:168,(anonymous_5)
FN:170,(anonymous_6)
FN:184,(anonymous_7)
FN:209,(anonymous_8)
FN:249,(anonymous_9)
FN:269,(anonymous_10)
FN:287,(anonymous_11)
FN:313,(anonymous_12)
FN:338,(anonymous_13)
FN:363,(anonymous_14)
FN:389,(anonymous_15)
FN:411,(anonymous_16)
FN:422,(anonymous_17)
FN:427,(anonymous_18)
FN:434,(anonymous_19)
FN:439,(anonymous_20)
FN:452,(anonymous_21)
FNF:22
FNH:0
FNDA:0,(anonymous_0)
FNDA:0,(anonymous_1)
FNDA:0,(anonymous_2)
FNDA:0,(anonymous_3)
FNDA:0,(anonymous_4)
FNDA:0,(anonymous_5)
FNDA:0,(anonymous_6)
FNDA:0,(anonymous_7)
FNDA:0,(anonymous_8)
FNDA:0,(anonymous_9)
FNDA:0,(anonymous_10)
FNDA:0,(anonymous_11)
FNDA:0,(anonymous_12)
FNDA:0,(anonymous_13)
FNDA:0,(anonymous_14)
FNDA:0,(anonymous_15)
FNDA:0,(anonymous_16)
FNDA:0,(anonymous_17)
FNDA:0,(anonymous_18)
FNDA:0,(anonymous_19)
FNDA:0,(anonymous_20)
FNDA:0,(anonymous_21)
DA:6,0
DA:8,0
DA:10,0
DA:12,0
DA:17,0
DA:19,0
DA:37,0
DA:38,0
DA:39,0
DA:46,0
DA:48,0
DA:75,0
DA:78,0
DA:80,0
DA:82,0
DA:84,0
DA:91,0
DA:92,0
DA:93,0
DA:97,0
DA:98,0
DA:100,0
DA:101,0
DA:104,0
DA:106,0
DA:137,0
DA:139,0
DA:141,0
DA:143,0
DA:150,0
DA:151,0
DA:152,0
DA:156,0
DA:158,0
DA:169,0
DA:170,0
DA:172,0
DA:173,0
DA:174,0
DA:178,0
DA:185,0
DA:186,0
DA:187,0
DA:190,0
DA:191,0
DA:192,0
DA:195,0
DA:197,0
DA:203,0
DA:210,0
DA:211,0
DA:212,0
DA:215,0
DA:217,0
DA:219,0
DA:220,0
DA:222,0
DA:225,0
DA:226,0
DA:228,0
DA:231,0
DA:232,0
DA:234,0
DA:237,0
DA:238,0
DA:240,0
DA:243,0
DA:250,0
DA:251,0
DA:252,0
DA:256,0
DA:257,0
DA:258,0
DA:259,0
DA:261,0
DA:263,0
DA:264,0
DA:268,0
DA:269,0
DA:271,0
DA:272,0
DA:276,0
DA:278,0
DA:280,0
DA:281,0
DA:288,0
DA:289,0
DA:290,0
DA:293,0
DA:294,0
DA:295,0
DA:296,0
DA:298,0
DA:300,0
DA:301,0
DA:305,0
DA:306,0
DA:308,0
DA:309,0
DA:314,0
DA:316,0
DA:317,0
DA:318,0
DA:319,0
DA:322,0
DA:332,0
DA:339,0
DA:341,0
DA:342,0
DA:343,0
DA:344,0
DA:347,0
DA:357,0
DA:368,0
DA:383,0
DA:390,0
DA:408,0
DA:412,0
DA:423,0
DA:424,0
DA:428,0
DA:429,0
DA:435,0
DA:436,0
DA:441,0
DA:454,0
DA:464,0
LF:127
LH:0
BRDA:16,0,0,0
BRDA:20,1,0,0
BRDA:20,1,1,0
BRDA:52,2,0,0
BRDA:52,2,1,0
BRDA:55,3,0,0
BRDA:55,3,1,0
BRDA:92,4,0,0
BRDA:92,4,1,0
BRDA:100,5,0,0
BRDA:100,5,1,0
BRDA:112,6,0,0
BRDA:112,6,1,0
BRDA:113,7,0,0
BRDA:113,7,1,0
BRDA:114,8,0,0
BRDA:114,8,1,0
BRDA:151,9,0,0
BRDA:151,9,1,0
BRDA:168,10,0,0
BRDA:172,11,0,0
BRDA:172,11,1,0
BRDA:186,12,0,0
BRDA:186,12,1,0
BRDA:211,13,0,0
BRDA:211,13,1,0
BRDA:217,14,0,0
BRDA:217,14,1,0
BRDA:217,14,2,0
BRDA:217,14,3,0
BRDA:219,15,0,0
BRDA:219,15,1,0
BRDA:225,16,0,0
BRDA:225,16,1,0
BRDA:231,17,0,0
BRDA:231,17,1,0
BRDA:237,18,0,0
BRDA:237,18,1,0
BRDA:249,19,0,0
BRDA:251,20,0,0
BRDA:251,20,1,0
BRDA:256,21,0,0
BRDA:256,21,1,0
BRDA:287,22,0,0
BRDA:289,23,0,0
BRDA:289,23,1,0
BRDA:293,24,0,0
BRDA:293,24,1,0
BRDA:408,25,0,0
BRDA:408,25,1,0
BRF:50
BRH:0
end_of_record
TN:
SF:src\enterprise\sso-integration.js
FN:16,(anonymous_0)
FN:78,(anonymous_1)
FN:99,(anonymous_2)
FN:132,(anonymous_3)
FN:182,(anonymous_4)
FN:188,(anonymous_5)
FN:192,(anonymous_6)
FN:243,(anonymous_7)
FN:277,(anonymous_8)
FN:317,(anonymous_9)
FN:356,(anonymous_10)
FN:364,(anonymous_11)
FN:366,(anonymous_12)
FN:367,(anonymous_13)
FN:381,(anonymous_14)
FN:383,(anonymous_15)
FN:400,(anonymous_16)
FN:415,(anonymous_17)
FN:422,(anonymous_18)
FN:440,(anonymous_19)
FN:444,(anonymous_20)
FN:454,(anonymous_21)
FN:465,(anonymous_22)
FN:476,(anonymous_23)
FN:481,(anonymous_24)
FN:497,(anonymous_25)
FN:501,(anonymous_26)
FN:513,(anonymous_27)
FN:522,(anonymous_28)
FN:532,(anonymous_29)
FN:543,(anonymous_30)
FN:547,(anonymous_31)
FN:560,(anonymous_32)
FN:569,(anonymous_33)
FN:582,(anonymous_34)
FN:586,(anonymous_35)
FN:598,(anonymous_36)
FN:608,(anonymous_37)
FN:618,(anonymous_38)
FNF:39
FNH:0
FNDA:0,(anonymous_0)
FNDA:0,(anonymous_1)
FNDA:0,(anonymous_2)
FNDA:0,(anonymous_3)
FNDA:0,(anonymous_4)
FNDA:0,(anonymous_5)
FNDA:0,(anonymous_6)
FNDA:0,(anonymous_7)
FNDA:0,(anonymous_8)
FNDA:0,(anonymous_9)
FNDA:0,(anonymous_10)
FNDA:0,(anonymous_11)
FNDA:0,(anonymous_12)
FNDA:0,(anonymous_13)
FNDA:0,(anonymous_14)
FNDA:0,(anonymous_15)
FNDA:0,(anonymous_16)
FNDA:0,(anonymous_17)
FNDA:0,(anonymous_18)
FNDA:0,(anonymous_19)
FNDA:0,(anonymous_20)
FNDA:0,(anonymous_21)
FNDA:0,(anonymous_22)
FNDA:0,(anonymous_23)
FNDA:0,(anonymous_24)
FNDA:0,(anonymous_25)
FNDA:0,(anonymous_26)
FNDA:0,(anonymous_27)
FNDA:0,(anonymous_28)
FNDA:0,(anonymous_29)
FNDA:0,(anonymous_30)
FNDA:0,(anonymous_31)
FNDA:0,(anonymous_32)
FNDA:0,(anonymous_33)
FNDA:0,(anonymous_34)
FNDA:0,(anonymous_35)
FNDA:0,(anonymous_36)
FNDA:0,(anonymous_37)
FNDA:0,(anonymous_38)
DA:6,0
DA:8,0
DA:10,0
DA:12,0
DA:17,0
DA:19,0
DA:68,0
DA:69,0
DA:70,0
DA:72,0
DA:79,0
DA:80,0
DA:83,0
DA:84,0
DA:87,0
DA:88,0
DA:91,0
DA:92,0
DA:100,0
DA:101,0
DA:102,0
DA:105,0
DA:106,0
DA:116,0
DA:118,0
DA:120,0
DA:122,0
DA:133,0
DA:134,0
DA:135,0
DA:138,0
DA:139,0
DA:140,0
DA:143,0
DA:144,0
DA:145,0
DA:149,0
DA:152,0
DA:155,0
DA:163,0
DA:165,0
DA:172,0
DA:183,0
DA:184,0
DA:187,0
DA:188,0
DA:190,0
DA:192,0
DA:193,0
DA:194,0
DA:197,0
DA:234,0
DA:235,0
DA:237,0
DA:244,0
DA:245,0
DA:246,0
DA:249,0
DA:250,0
DA:253,0
DA:256,0
DA:257,0
DA:258,0
DA:259,0
DA:263,0
DA:264,0
DA:265,0
DA:269,0
DA:271,0
DA:278,0
DA:279,0
DA:280,0
DA:283,0
DA:285,0
DA:286,0
DA:287,0
DA:291,0
DA:292,0
DA:300,0
DA:302,0
DA:305,0
DA:310,0
DA:318,0
DA:319,0
DA:320,0
DA:324,0
DA:325,0
DA:326,0
DA:327,0
DA:328,0
DA:330,0
DA:341,0
DA:343,0
DA:350,0
DA:357,0
DA:358,0
DA:365,0
DA:366,0
DA:367,0
DA:375,0
DA:382,0
DA:384,0
DA:389,0
DA:390,0
DA:391,0
DA:394,0
DA:402,0
DA:403,0
DA:404,0
DA:409,0
DA:416,0
DA:423,0
DA:424,0
DA:426,0
DA:427,0
DA:428,0
DA:429,0
DA:430,0
DA:434,0
DA:441,0
DA:446,0
DA:451,0
DA:456,0
DA:458,0
DA:467,0
DA:478,0
DA:483,0
DA:498,0
DA:502,0
DA:510,0
DA:515,0
DA:524,0
DA:534,0
DA:544,0
DA:549,0
DA:557,0
DA:562,0
DA:571,0
DA:583,0
DA:587,0
DA:595,0
DA:600,0
DA:610,0
DA:620,0
DA:624,0
LF:145
LH:0
BRDA:16,0,0,0
BRDA:23,1,0,0
BRDA:23,1,1,0
BRDA:55,2,0,0
BRDA:55,2,1,0
BRDA:56,3,0,0
BRDA:56,3,1,0
BRDA:57,4,0,0
BRDA:57,4,1,0
BRDA:60,5,0,0
BRDA:60,5,1,0
BRDA:61,6,0,0
BRDA:61,6,1,0
BRDA:62,7,0,0
BRDA:62,7,1,0
BRDA:63,8,0,0
BRDA:63,8,1,0
BRDA:79,9,0,0
BRDA:79,9,1,0
BRDA:83,10,0,0
BRDA:83,10,1,0
BRDA:87,11,0,0
BRDA:87,11,1,0
BRDA:91,12,0,0
BRDA:91,12,1,0
BRDA:101,13,0,0
BRDA:101,13,1,0
BRDA:134,14,0,0
BRDA:134,14,1,0
BRDA:139,15,0,0
BRDA:139,15,1,0
BRDA:143,16,0,0
BRDA:143,16,1,0
BRDA:188,17,0,0
BRDA:188,17,1,0
BRDA:190,18,0,0
BRDA:190,18,1,0
BRDA:206,19,0,0
BRDA:206,19,1,0
BRDA:207,20,0,0
BRDA:207,20,1,0
BRDA:208,21,0,0
BRDA:208,21,1,0
BRDA:215,22,0,0
BRDA:215,22,1,0
BRDA:245,23,0,0
BRDA:245,23,1,0
BRDA:249,24,0,0
BRDA:249,24,1,0
BRDA:256,25,0,0
BRDA:256,25,1,0
BRDA:264,26,0,0
BRDA:264,26,1,0
BRDA:279,27,0,0
BRDA:279,27,1,0
BRDA:285,28,0,0
BRDA:285,28,1,0
BRDA:317,29,0,0
BRDA:319,30,0,0
BRDA:319,30,1,0
BRDA:319,31,0,0
BRDA:319,31,1,0
BRDA:324,32,0,0
BRDA:324,32,1,0
BRDA:326,33,0,0
BRDA:326,33,1,0
BRDA:326,34,0,0
BRDA:326,34,1,0
BRDA:364,35,0,0
BRDA:371,36,0,0
BRDA:371,36,1,0
BRDA:381,37,0,0
BRDA:384,38,0,0
BRDA:384,38,1,0
BRDA:384,38,2,0
BRDA:427,39,0,0
BRDA:427,39,1,0
BRDA:471,40,0,0
BRDA:471,40,1,0
BRDA:472,41,0,0
BRDA:472,41,1,0
BRF:81
BRH:0
end_of_record
TN:
SF:src\evaluate\evaluator.js
FN:26,evaluateRagDataset
FN:47,normalizeText
FNF:2
FNH:0
FNDA:0,evaluateRagDataset
FNDA:0,normalizeText
DA:9,0
DA:11,0
DA:13,0
DA:15,0
DA:17,0
DA:27,0
DA:28,0
DA:29,0
DA:31,0
DA:32,0
DA:33,0
DA:34,0
DA:35,0
DA:36,0
DA:37,0
DA:38,0
DA:40,0
DA:41,0
DA:44,0
DA:48,0
LF:20
LH:0
BRF:0
BRH:0
end_of_record
TN:
SF:src\evaluate\scoring.js
FN:13,tokenize
FN:23,computeBLEU
FN:24,(anonymous_2)
FN:25,(anonymous_3)
FN:40,computeROUGE
FN:43,(anonymous_5)
FN:65,scoreAnswer
FNF:7
FNH:0
FNDA:0,tokenize
FNDA:0,computeBLEU
FNDA:0,(anonymous_2)
FNDA:0,(anonymous_3)
FNDA:0,computeROUGE
FNDA:0,(anonymous_5)
FNDA:0,scoreAnswer
DA:14,0
DA:24,0
DA:25,0
DA:27,0
DA:28,0
DA:29,0
DA:31,0
DA:41,0
DA:42,0
DA:43,0
DA:45,0
DA:46,0
DA:47,0
DA:48,0
DA:50,0
DA:55,0
DA:56,0
DA:66,0
DA:67,0
DA:68,0
DA:80,0
LF:21
LH:0
BRDA:24,0,0,0
BRDA:24,0,1,0
BRDA:25,1,0,0
BRDA:25,1,1,0
BRDA:29,2,0,0
BRDA:29,2,1,0
BRDA:31,3,0,0
BRDA:31,3,1,0
BRDA:47,4,0,0
BRDA:47,4,1,0
BRDA:56,5,0,0
BRDA:56,5,1,0
BRF:12
BRH:0
end_of_record
TN:
SF:src\loader\csv-loader.js
FN:22,(anonymous_0)
FN:29,(anonymous_1)
FN:29,(anonymous_2)
FNF:3
FNH:0
FNDA:0,(anonymous_0)
FNDA:0,(anonymous_1)
FNDA:0,(anonymous_2)
DA:9,0
DA:11,0
DA:13,0
DA:23,0
DA:24,0
DA:25,0
DA:27,0
DA:29,0
DA:41,0
LF:9
LH:0
BRF:0
BRH:0
end_of_record
TN:
SF:src\loader\directory-loader.js
FN:29,(anonymous_0)
FNF:1
FNH:0
FNDA:0,(anonymous_0)
DA:8,0
DA:10,0
DA:12,0
DA:14,0
DA:17,0
DA:30,0
DA:31,0
DA:32,0
DA:33,0
DA:34,0
DA:35,0
DA:36,0
DA:37,0
DA:40,0
DA:48,0
LF:15
LH:0
BRDA:35,0,0,0
BRDA:35,0,1,0
BRF:2
BRH:0
end_of_record
TN:
SF:src\loader\html-loader.js
FN:26,(anonymous_0)
FN:34,(anonymous_1)
FN:45,(anonymous_2)
FNF:3
FNH:0
FNDA:0,(anonymous_0)
FNDA:0,(anonymous_1)
FNDA:0,(anonymous_2)
DA:9,0
DA:11,0
DA:13,0
DA:27,0
DA:28,0
DA:29,0
DA:30,0
DA:32,0
DA:34,0
DA:46,0
DA:47,0
DA:48,0
DA:50,0
DA:51,0
DA:52,0
DA:54,0
DA:55,0
DA:58,0
DA:59,0
DA:68,0
LF:20
LH:0
BRDA:30,0,0,0
BRDA:30,0,1,0
BRDA:45,1,0,0
BRDA:51,2,0,0
BRDA:51,2,1,0
BRDA:58,3,0,0
BRDA:58,3,1,0
BRF:7
BRH:0
end_of_record
TN:
SF:src\loader\markdown-loader.js
FN:26,(anonymous_0)
FN:34,(anonymous_1)
FN:45,(anonymous_2)
FNF:3
FNH:0
FNDA:0,(anonymous_0)
FNDA:0,(anonymous_1)
FNDA:0,(anonymous_2)
DA:9,0
DA:11,0
DA:13,0
DA:27,0
DA:28,0
DA:29,0
DA:30,0
DA:32,0
DA:34,0
DA:46,0
DA:47,0
DA:48,0
DA:50,0
DA:51,0
DA:52,0
DA:54,0
DA:55,0
DA:58,0
DA:59,0
DA:69,0
LF:20
LH:0
BRDA:45,0,0,0
BRDA:51,1,0,0
BRDA:51,1,1,0
BRDA:58,2,0,0
BRDA:58,2,1,0
BRF:5
BRH:0
end_of_record
TN:
SF:src\mocks\openai-embedder.js
FN:8,(anonymous_0)
FN:19,(anonymous_1)
FN:25,(anonymous_2)
FN:33,(anonymous_3)
FNF:4
FNH:0
FNDA:0,(anonymous_0)
FNDA:0,(anonymous_1)
FNDA:0,(anonymous_2)
FNDA:0,(anonymous_3)
DA:9,0
DA:10,0
DA:11,0
DA:20,0
DA:21,0
DA:25,0
DA:34,0
DA:35,0
DA:38,0
DA:49,0
DA:50,0
DA:52,0
DA:54,0
DA:55,0
DA:58,0
DA:68,0
DA:69,0
DA:70,0
DA:71,0
DA:72,0
DA:74,0
DA:78,0
LF:22
LH:0
BRDA:8,0,0,0
BRDA:9,1,0,0
BRDA:9,1,1,0
BRDA:10,2,0,0
BRDA:10,2,1,0
BRDA:11,3,0,0
BRDA:11,3,1,0
BRDA:20,4,0,0
BRDA:20,4,1,0
BRDA:34,5,0,0
BRDA:34,5,1,0
BRF:11
BRH:0
end_of_record
TN:
SF:src\mocks\openai-llm.js
FN:9,(anonymous_0)
FN:20,(anonymous_1)
FN:21,(anonymous_2)
FN:31,(anonymous_3)
FN:51,(anonymous_4)
FN:61,(anonymous_5)
FN:68,(anonymous_6)
FNF:7
FNH:0
FNDA:0,(anonymous_0)
FNDA:0,(anonymous_1)
FNDA:0,(anonymous_2)
FNDA:0,(anonymous_3)
FNDA:0,(anonymous_4)
FNDA:0,(anonymous_5)
FNDA:0,(anonymous_6)
DA:10,0
DA:11,0
DA:21,0
DA:22,0
DA:32,0
DA:33,0
DA:35,0
DA:37,0
DA:38,0
DA:51,0
DA:61,0
DA:69,0
DA:77,0
LF:13
LH:0
BRDA:9,0,0,0
BRDA:10,1,0,0
BRDA:10,1,1,0
BRDA:11,2,0,0
BRDA:11,2,1,0
BRDA:21,3,0,0
BRDA:21,3,1,0
BRDA:21,4,0,0
BRDA:21,4,1,0
BRF:9
BRH:0
end_of_record
TN:
SF:src\mocks\pdf-loader.js
FN:14,(anonymous_0)
FN:15,(anonymous_1)
FNF:2
FNH:0
FNDA:0,(anonymous_0)
FNDA:0,(anonymous_1)
DA:15,0
DA:24,0
LF:2
LH:0
BRF:0
BRH:0
end_of_record
TN:
SF:src\mocks\pinecone-retriever.js
FN:12,(anonymous_0)
FN:18,(anonymous_1)
FNF:2
FNH:0
FNDA:0,(anonymous_0)
FNDA:0,(anonymous_1)
DA:19,0
DA:31,0
LF:2
LH:0
BRF:0
BRH:0
end_of_record
TN:
SF:src\observability\slo-monitor.js
FN:10,(anonymous_0)
FN:25,(anonymous_1)
FN:73,(anonymous_2)
FN:87,(anonymous_3)
FN:126,(anonymous_4)
FN:136,(anonymous_5)
FN:143,(anonymous_6)
FN:147,(anonymous_7)
FN:167,(anonymous_8)
FN:191,(anonymous_9)
FN:199,(anonymous_10)
FN:205,(anonymous_11)
FN:209,(anonymous_12)
FN:228,(anonymous_13)
FN:233,(anonymous_14)
FN:237,(anonymous_15)
FN:245,(anonymous_16)
FN:246,(anonymous_17)
FN:264,(anonymous_18)
FN:267,(anonymous_19)
FN:289,(anonymous_20)
FN:293,(anonymous_21)
FN:297,(anonymous_22)
FN:301,(anonymous_23)
FN:305,(anonymous_24)
FNF:25
FNH:0
FNDA:0,(anonymous_0)
FNDA:0,(anonymous_1)
FNDA:0,(anonymous_2)
FNDA:0,(anonymous_3)
FNDA:0,(anonymous_4)
FNDA:0,(anonymous_5)
FNDA:0,(anonymous_6)
FNDA:0,(anonymous_7)
FNDA:0,(anonymous_8)
FNDA:0,(anonymous_9)
FNDA:0,(anonymous_10)
FNDA:0,(anonymous_11)
FNDA:0,(anonymous_12)
FNDA:0,(anonymous_13)
FNDA:0,(anonymous_14)
FNDA:0,(anonymous_15)
FNDA:0,(anonymous_16)
FNDA:0,(anonymous_17)
FNDA:0,(anonymous_18)
FNDA:0,(anonymous_19)
FNDA:0,(anonymous_20)
FNDA:0,(anonymous_21)
FNDA:0,(anonymous_22)
FNDA:0,(anonymous_23)
FNDA:0,(anonymous_24)
DA:6,0
DA:7,0
DA:11,0
DA:12,0
DA:18,0
DA:19,0
DA:20,0
DA:22,0
DA:27,0
DA:36,0
DA:45,0
DA:54,0
DA:63,0
DA:74,0
DA:80,0
DA:88,0
DA:89,0
DA:92,0
DA:93,0
DA:99,0
DA:100,0
DA:102,0
DA:104,0
DA:112,0
DA:113,0
DA:116,0
DA:123,0
DA:127,0
DA:128,0
DA:129,0
DA:132,0
DA:133,0
DA:135,0
DA:136,0
DA:139,0
DA:140,0
DA:143,0
DA:144,0
DA:148,0
DA:149,0
DA:150,0
DA:153,0
DA:154,0
DA:155,0
DA:157,0
DA:168,0
DA:169,0
DA:170,0
DA:173,0
DA:174,0
DA:175,0
DA:176,0
DA:178,0
DA:192,0
DA:193,0
DA:194,0
DA:196,0
DA:200,0
DA:201,0
DA:202,0
DA:204,0
DA:205,0
DA:210,0
DA:221,0
DA:223,0
DA:225,0
DA:229,0
DA:230,0
DA:232,0
DA:233,0
DA:238,0
DA:239,0
DA:241,0
DA:245,0
DA:246,0
DA:254,0
DA:261,0
DA:265,0
DA:267,0
DA:268,0
DA:269,0
DA:275,0
DA:276,0
DA:285,0
DA:290,0
DA:294,0
DA:298,0
DA:302,0
DA:306,0
DA:307,0
DA:308,0
DA:316,0
DA:318,0
LF:93
LH:0
BRDA:10,0,0,0
BRDA:13,1,0,0
BRDA:13,1,1,0
BRDA:14,2,0,0
BRDA:14,2,1,0
BRDA:87,3,0,0
BRDA:88,4,0,0
BRDA:88,4,1,0
BRDA:112,5,0,0
BRDA:112,5,1,0
BRDA:128,6,0,0
BRDA:128,6,1,0
BRDA:128,7,0,0
BRDA:128,7,1,0
BRDA:139,8,0,0
BRDA:139,8,1,0
BRDA:149,9,0,0
BRDA:149,9,1,0
BRDA:169,10,0,0
BRDA:169,10,1,0
BRDA:268,11,0,0
BRDA:268,11,1,0
BRDA:275,12,0,0
BRDA:275,12,1,0
BRDA:289,13,0,0
BRDA:293,14,0,0
BRDA:297,15,0,0
BRDA:301,16,0,0
BRDA:305,17,0,0
BRDA:307,18,0,0
BRDA:307,18,1,0
BRF:31
BRH:0
end_of_record
TN:
SF:src\reranker\llm-reranker.js
FN:13,(anonymous_0)
FN:23,(anonymous_1)
FN:24,(anonymous_2)
FN:29,(anonymous_3)
FNF:4
FNH:0
FNDA:0,(anonymous_0)
FNDA:0,(anonymous_1)
FNDA:0,(anonymous_2)
FNDA:0,(anonymous_3)
DA:14,0
DA:24,0
DA:26,0
DA:27,0
DA:28,0
DA:29,0
DA:31,0
DA:37,0
LF:8
LH:0
BRF:0
BRH:0
end_of_record
TN:
SF:src\utils\logger.js
FN:19,(anonymous_0)
FN:37,(anonymous_1)
FN:46,(anonymous_2)
FN:60,(anonymous_3)
FN:68,(anonymous_4)
FN:76,(anonymous_5)
FN:87,(anonymous_6)
FN:91,(anonymous_7)
FN:95,(anonymous_8)
FN:99,(anonymous_9)
FN:106,(anonymous_10)
FN:118,(anonymous_11)
FN:131,(anonymous_12)
FN:146,createLogger
FN:153,correlationMiddleware
FNF:15
FNH:0
FNDA:0,(anonymous_0)
FNDA:0,(anonymous_1)
FNDA:0,(anonymous_2)
FNDA:0,(anonymous_3)
FNDA:0,(anonymous_4)
FNDA:0,(anonymous_5)
FNDA:0,(anonymous_6)
FNDA:0,(anonymous_7)
FNDA:0,(anonymous_8)
FNDA:0,(anonymous_9)
FNDA:0,(anonymous_10)
FNDA:0,(anonymous_11)
FNDA:0,(anonymous_12)
FNDA:0,createLogger
FNDA:0,correlationMiddleware
DA:8,0
DA:9,0
DA:15,0
DA:20,0
DA:38,0
DA:39,0
DA:40,0
DA:47,0
DA:48,0
DA:52,0
DA:53,0
DA:54,0
DA:61,0
DA:62,0
DA:69,0
DA:70,0
DA:77,0
DA:84,0
DA:88,0
DA:92,0
DA:96,0
DA:100,0
DA:107,0
DA:119,0
DA:132,0
DA:141,0
DA:147,0
DA:154,0
DA:155,0
DA:156,0
DA:162,0
DA:163,0
DA:166,0
LF:33
LH:0
BRDA:17,0,0,0
BRDA:17,0,1,0
BRDA:23,1,0,0
BRDA:23,1,1,0
BRDA:46,2,0,0
BRDA:47,3,0,0
BRDA:47,3,1,0
BRDA:76,4,0,0
BRDA:79,5,0,0
BRDA:79,5,1,0
BRDA:106,6,0,0
BRDA:111,7,0,0
BRDA:111,7,1,0
BRDA:118,8,0,0
BRDA:131,9,0,0
BRDA:146,10,0,0
BRDA:154,11,0,0
BRDA:154,11,1,0
BRF:18
BRH:0
end_of_record
TN:
SF:src\utils\plugin-scaffolder.js
FN:22,(anonymous_0)
FN:34,(anonymous_1)
FN:75,(anonymous_2)
FN:84,(anonymous_3)
FN:89,(anonymous_4)
FN:124,(anonymous_5)
FN:130,(anonymous_6)
FN:131,(anonymous_7)
FN:147,(anonymous_8)
FN:156,(anonymous_9)
FN:217,(anonymous_10)
FN:226,(anonymous_11)
FN:261,(anonymous_12)
FN:278,(anonymous_13)
FN:282,(anonymous_14)
FN:289,(anonymous_15)
FN:381,(anonymous_16)
FN:429,(anonymous_17)
FN:432,(anonymous_18)
FNF:19
FNH:0
FNDA:0,(anonymous_0)
FNDA:0,(anonymous_1)
FNDA:0,(anonymous_2)
FNDA:0,(anonymous_3)
FNDA:0,(anonymous_4)
FNDA:0,(anonymous_5)
FNDA:0,(anonymous_6)
FNDA:0,(anonymous_7)
FNDA:0,(anonymous_8)
FNDA:0,(anonymous_9)
FNDA:0,(anonymous_10)
FNDA:0,(anonymous_11)
FNDA:0,(anonymous_12)
FNDA:0,(anonymous_13)
FNDA:0,(anonymous_14)
FNDA:0,(anonymous_15)
FNDA:0,(anonymous_16)
FNDA:0,(anonymous_17)
FNDA:0,(anonymous_18)
DA:8,0
DA:10,0
DA:12,0
DA:14,0
DA:17,0
DA:19,0
DA:23,0
DA:24,0
DA:25,0
DA:35,0
DA:36,0
DA:39,0
DA:42,0
DA:43,0
DA:47,0
DA:48,0
DA:49,0
DA:50,0
DA:51,0
DA:52,0
DA:54,0
DA:56,0
DA:58,0
DA:60,0
DA:62,0
DA:64,0
DA:66,0
DA:68,0
DA:76,0
DA:77,0
DA:78,0
DA:80,0
DA:81,0
DA:84,0
DA:85,0
DA:86,0
DA:89,0
DA:90,0
DA:91,0
DA:94,0
DA:117,0
DA:118,0
DA:125,0
DA:126,0
DA:127,0
DA:128,0
DA:130,0
DA:131,0
DA:133,0
DA:148,0
DA:149,0
DA:151,0
DA:152,0
DA:155,0
DA:156,0
DA:157,0
DA:170,0
DA:210,0
DA:211,0
DA:218,0
DA:219,0
DA:221,0
DA:222,0
DA:225,0
DA:226,0
DA:227,0
DA:235,0
DA:254,0
DA:255,0
DA:262,0
DA:270,0
DA:271,0
DA:272,0
DA:279,0
DA:280,0
DA:282,0
DA:283,0
DA:284,0
DA:289,0
DA:294,0
DA:374,0
DA:375,0
DA:382,0
DA:384,0
DA:421,0
DA:422,0
DA:423,0
DA:430,0
DA:432,0
DA:444,0
LF:90
LH:0
BRDA:22,0,0,0
BRDA:23,1,0,0
BRDA:23,1,1,0
BRDA:24,2,0,0
BRDA:24,2,1,0
BRDA:25,3,0,0
BRDA:25,3,1,0
BRDA:34,4,0,0
BRDA:35,5,0,0
BRDA:35,5,1,0
BRDA:42,6,0,0
BRDA:42,6,1,0
BRDA:80,7,0,0
BRDA:80,7,1,0
BRDA:89,8,0,0
BRDA:89,8,1,0
BRDA:110,9,0,0
BRDA:110,9,1,0
BRDA:124,10,0,0
BRDA:125,11,0,0
BRDA:125,11,1,0
BRDA:126,12,0,0
BRDA:126,12,1,0
BRDA:127,13,0,0
BRDA:127,13,1,0
BRDA:128,14,0,0
BRDA:128,14,1,0
BRDA:128,15,0,0
BRDA:128,15,1,0
BRDA:151,16,0,0
BRDA:151,16,1,0
BRDA:221,17,0,0
BRDA:221,17,1,0
BRDA:284,18,0,0
BRDA:284,18,1,0
BRDA:286,19,0,0
BRDA:286,19,1,0
BRDA:289,20,0,0
BRDA:289,20,1,0
BRDA:289,21,0,0
BRDA:289,21,1,0
BRDA:291,22,0,0
BRDA:291,22,1,0
BRDA:300,23,0,0
BRDA:300,23,1,0
BRDA:387,24,0,0
BRDA:387,24,1,0
BRF:47
BRH:0
end_of_record
TN:
SF:src\utils\retry.js
FN:22,withRetry
FN:38,(anonymous_1)
FNF:2
FNH:0
FNDA:0,withRetry
FNDA:0,(anonymous_1)
DA:8,0
DA:23,0
DA:24,0
DA:26,0
DA:27,0
DA:28,0
DA:29,0
DA:31,0
DA:33,0
DA:34,0
DA:35,0
DA:36,0
DA:38,0
DA:39,0
DA:46,0
LF:15
LH:0
BRDA:22,0,0,0
BRDA:22,1,0,0
BRDA:22,2,0,0
BRDA:22,3,0,0
BRDA:28,4,0,0
BRDA:28,4,1,0
BRDA:34,5,0,0
BRDA:34,5,1,0
BRF:8
BRH:0
end_of_record
TN:
SF:src\utils\validate-plugin-contract.js
FN:17,validatePluginContract
FN:25,(anonymous_1)
FNF:2
FNH:0
FNDA:0,validatePluginContract
FNDA:0,(anonymous_1)
DA:8,0
DA:18,0
DA:19,0
DA:20,0
DA:23,0
DA:25,0
DA:26,0
DA:29,0
DA:30,0
DA:40,0
LF:10
LH:0
BRDA:19,0,0,0
BRDA:19,0,1,0
BRDA:23,1,0,0
BRDA:23,1,1,0
BRDA:29,2,0,0
BRDA:29,2,1,0
BRF:6
BRH:0
end_of_record
TN:
SF:src\utils\ci\diagnostic-reporter.js
FN:16,reportPluginValidationFailures
FN:22,(anonymous_1)
FN:30,(anonymous_2)
FNF:3
FNH:0
FNDA:0,reportPluginValidationFailures
FNDA:0,(anonymous_1)
FNDA:0,(anonymous_2)
DA:7,0
DA:9,0
DA:17,0
DA:19,0
DA:22,0
DA:23,0
DA:24,0
DA:30,0
DA:31,0
DA:32,0
DA:37,0
DA:39,0
DA:41,0
DA:43,0
DA:52,0
LF:15
LH:0
BRDA:17,0,0,0
BRDA:17,0,1,0
BRDA:31,1,0,0
BRDA:31,1,1,0
BRF:4
BRH:0
end_of_record
