TN:
SF:src\dag\dag-engine.js
FN:10,(anonymous_0)
FN:21,(anonymous_1)
FN:39,(anonymous_2)
FN:53,(anonymous_3)
FN:54,(anonymous_4)
FN:55,(anonymous_5)
FN:63,(anonymous_6)
FN:64,(anonymous_7)
FN:65,(anonymous_8)
FN:71,(anonymous_9)
FN:75,(anonymous_10)
FN:84,(anonymous_11)
FN:98,(anonymous_12)
FN:157,(anonymous_13)
FN:158,(anonymous_14)
FN:163,(anonymous_15)
FN:223,(anonymous_16)
FN:248,(anonymous_17)
FN:259,(anonymous_18)
FN:285,(anonymous_19)
FN:290,(anonymous_20)
FN:311,(anonymous_21)
FN:344,(anonymous_22)
FN:361,(anonymous_23)
FN:374,(anonymous_24)
FN:390,(anonymous_25)
FN:401,(anonymous_26)
FN:411,(anonymous_27)
FN:415,(anonymous_28)
FN:429,(anonymous_29)
FN:450,(anonymous_30)
FN:451,(anonymous_31)
FN:460,(anonymous_32)
FN:488,(anonymous_33)
FNF:34
FNH:11
FNDA:187,(anonymous_0)
FNDA:0,(anonymous_1)
FNDA:0,(anonymous_2)
FNDA:0,(anonymous_3)
FNDA:0,(anonymous_4)
FNDA:0,(anonymous_5)
FNDA:0,(anonymous_6)
FNDA:0,(anonymous_7)
FNDA:0,(anonymous_8)
FNDA:37,(anonymous_9)
FNDA:186,(anonymous_10)
FNDA:160,(anonymous_11)
FNDA:16,(anonymous_12)
FNDA:0,(anonymous_13)
FNDA:0,(anonymous_14)
FNDA:13,(anonymous_15)
FNDA:0,(anonymous_16)
FNDA:0,(anonymous_17)
FNDA:0,(anonymous_18)
FNDA:41,(anonymous_19)
FNDA:552,(anonymous_20)
FNDA:269,(anonymous_21)
FNDA:23,(anonymous_22)
FNDA:135,(anonymous_23)
FNDA:0,(anonymous_24)
FNDA:0,(anonymous_25)
FNDA:0,(anonymous_26)
FNDA:0,(anonymous_27)
FNDA:0,(anonymous_28)
FNDA:0,(anonymous_29)
FNDA:0,(anonymous_30)
FNDA:0,(anonymous_31)
FNDA:0,(anonymous_32)
FNDA:0,(anonymous_33)
DA:11,187
DA:12,187
DA:13,187
DA:14,187
DA:22,0
DA:23,0
DA:26,0
DA:27,0
DA:29,0
DA:30,0
DA:32,0
DA:40,0
DA:41,0
DA:43,0
DA:44,0
DA:46,0
DA:54,0
DA:55,0
DA:56,0
DA:64,0
DA:65,0
DA:66,0
DA:72,37
DA:76,186
DA:77,0
DA:79,186
DA:80,186
DA:81,186
DA:85,160
DA:86,160
DA:87,160
DA:88,157
DA:89,157
DA:99,16
DA:102,16
DA:106,0
DA:107,0
DA:110,16
DA:111,16
DA:125,16
DA:127,16
DA:129,16
DA:132,13
DA:133,13
DA:134,13
DA:137,13
DA:139,0
DA:140,0
DA:145,13
DA:146,0
DA:147,0
DA:148,0
DA:149,0
DA:155,13
DA:156,13
DA:157,13
DA:158,0
DA:159,0
DA:163,13
DA:164,13
DA:165,0
DA:170,13
DA:173,13
DA:174,0
DA:191,13
DA:193,13
DA:196,13
DA:197,0
DA:200,13
DA:217,0
DA:218,0
DA:222,0
DA:223,0
DA:225,0
DA:226,0
DA:227,0
DA:233,0
DA:234,0
DA:235,0
DA:236,0
DA:238,0
DA:239,0
DA:243,0
DA:244,0
DA:248,0
DA:249,0
DA:250,0
DA:253,0
DA:254,0
DA:258,0
DA:259,0
DA:263,16
DA:266,16
DA:267,0
DA:269,16
DA:270,0
DA:272,16
DA:273,0
DA:276,16
DA:286,41
DA:287,41
DA:288,41
DA:290,41
DA:291,552
DA:292,9
DA:293,9
DA:295,9
DA:296,8
DA:297,8
DA:298,8
DA:300,9
DA:301,9
DA:302,9
DA:305,543
DA:307,296
DA:308,296
DA:310,296
DA:311,296
DA:314,22
DA:315,22
DA:317,0
DA:320,274
DA:321,274
DA:322,274
DA:325,41
DA:326,41
DA:327,283
DA:331,9
DA:332,9
DA:334,0
DA:337,32
DA:345,23
DA:346,2
DA:350,21
DA:351,21
DA:354,5
DA:355,5
DA:357,0
DA:361,135
DA:362,16
DA:363,0
DA:366,16
DA:375,0
DA:376,0
DA:378,0
DA:391,0
DA:392,0
DA:394,0
DA:402,0
DA:403,0
DA:412,0
DA:413,0
DA:415,0
DA:431,0
DA:434,0
DA:437,0
DA:438,0
DA:442,0
DA:447,0
DA:448,0
DA:450,0
DA:451,0
DA:453,0
DA:455,0
DA:459,0
DA:460,0
DA:464,0
DA:465,0
DA:469,0
DA:470,0
DA:472,0
DA:475,0
DA:480,0
DA:489,0
DA:490,0
DA:493,0
DA:494,0
DA:498,0
DA:499,0
DA:500,0
DA:505,0
DA:506,0
DA:509,0
DA:510,0
DA:512,0
DA:516,0
DA:517,0
DA:518,0
DA:519,0
DA:520,0
DA:522,0
DA:527,0
DA:532,1
LF:193
LH:82
BRDA:22,0,0,0
BRDA:22,0,1,0
BRDA:22,1,0,0
BRDA:22,1,1,0
BRDA:22,1,2,0
BRDA:26,2,0,0
BRDA:26,2,1,0
BRDA:29,3,0,0
BRDA:29,3,1,0
BRDA:40,4,0,0
BRDA:40,4,1,0
BRDA:43,5,0,0
BRDA:43,5,1,0
BRDA:76,6,0,0
BRDA:76,6,1,186
BRDA:87,7,0,3
BRDA:87,7,1,157
BRDA:87,8,0,160
BRDA:87,8,1,158
BRDA:98,9,0,16
BRDA:102,10,0,0
BRDA:102,10,1,16
BRDA:102,11,0,16
BRDA:102,11,1,0
BRDA:102,11,2,0
BRDA:102,11,3,0
BRDA:102,11,4,0
BRDA:102,11,5,0
BRDA:102,11,6,0
BRDA:107,12,0,0
BRDA:107,12,1,0
BRDA:115,13,0,16
BRDA:116,14,0,16
BRDA:117,15,0,16
BRDA:118,16,0,16
BRDA:119,17,0,16
BRDA:120,18,0,16
BRDA:121,19,0,16
BRDA:122,20,0,16
BRDA:123,21,0,16
BRDA:124,22,0,16
BRDA:137,23,0,0
BRDA:137,23,1,13
BRDA:137,24,0,13
BRDA:137,24,1,0
BRDA:145,25,0,0
BRDA:145,25,1,13
BRDA:145,26,0,13
BRDA:145,26,1,0
BRDA:147,27,0,0
BRDA:147,27,1,0
BRDA:157,28,0,0
BRDA:157,28,1,13
BRDA:164,29,0,0
BRDA:164,29,1,13
BRDA:164,30,0,13
BRDA:164,30,1,0
BRDA:173,31,0,0
BRDA:173,31,1,13
BRDA:173,32,0,13
BRDA:173,32,1,0
BRDA:196,33,0,0
BRDA:196,33,1,13
BRDA:217,34,0,0
BRDA:217,34,1,0
BRDA:222,35,0,0
BRDA:222,35,1,0
BRDA:226,36,0,0
BRDA:226,36,1,0
BRDA:236,37,0,0
BRDA:236,37,1,0
BRDA:236,38,0,0
BRDA:236,38,1,0
BRDA:243,39,0,0
BRDA:243,39,1,0
BRDA:243,40,0,0
BRDA:243,40,1,0
BRDA:243,40,2,0
BRDA:243,40,3,0
BRDA:249,41,0,0
BRDA:249,41,1,0
BRDA:253,42,0,0
BRDA:253,42,1,0
BRDA:266,43,0,0
BRDA:266,43,1,16
BRDA:269,44,0,0
BRDA:269,44,1,16
BRDA:272,45,0,0
BRDA:272,45,1,16
BRDA:290,46,0,283
BRDA:291,47,0,9
BRDA:291,47,1,543
BRDA:293,48,0,9
BRDA:293,48,1,0
BRDA:295,49,0,8
BRDA:295,49,1,1
BRDA:305,50,0,247
BRDA:305,50,1,296
BRDA:314,51,0,22
BRDA:314,51,1,0
BRDA:331,52,0,9
BRDA:331,52,1,0
BRDA:345,53,0,2
BRDA:345,53,1,21
BRDA:354,54,0,5
BRDA:354,54,1,0
BRDA:362,55,0,0
BRDA:362,55,1,16
BRDA:375,56,0,0
BRDA:375,56,1,0
BRDA:391,57,0,0
BRDA:391,57,1,0
BRDA:394,58,0,0
BRDA:394,58,1,0
BRDA:402,59,0,0
BRDA:402,59,1,0
BRDA:412,60,0,0
BRDA:412,60,1,0
BRDA:429,61,0,0
BRDA:442,62,0,0
BRDA:442,62,1,0
BRDA:444,63,0,0
BRDA:444,63,1,0
BRDA:453,64,0,0
BRDA:453,64,1,0
BRDA:459,65,0,0
BRDA:459,65,1,0
BRDA:461,66,0,0
BRDA:461,66,1,0
BRDA:469,67,0,0
BRDA:469,67,1,0
BRDA:488,68,0,0
BRDA:489,69,0,0
BRDA:493,70,0,0
BRDA:493,70,1,0
BRDA:499,71,0,0
BRDA:499,71,1,0
BRDA:509,72,0,0
BRDA:509,72,1,0
BRDA:517,73,0,0
BRDA:517,73,1,0
BRDA:517,74,0,0
BRDA:517,74,1,0
BRDA:519,75,0,0
BRDA:519,75,1,0
BRF:145
BRH:45
end_of_record
